# JRE version: OpenJDK Runtime Environment Temurin-17.0.8+7 (17.0.8+7) (build 17.0.8+7)
# Java VM: OpenJDK 64-Bit Server VM Temurin-17.0.8+7 (17.0.8+7, mixed mode, sharing, tiered, compressed oops, compressed class ptrs, g1 gc, linux-amd64)
Heap:
 garbage-first heap   total 225280K, used 86607K [0x0000000708800000, 0x0000000800000000)
  region size 2048K, 31 young (63488K), 6 survivors (12288K)
 Metaspace       used 52690K, committed 53184K, reserved 1114112K
  class space    used 5569K, committed 5760K, reserved 1048576K
GC Heap History (20 events):
Event: 3.560 GC heap before
{Heap before GC invocations=4 (full 0):
 garbage-first heap   total 75776K, used 57721K [0x0000000708800000, 0x0000000800000000)
  region size 2048K, 29 young (59392K), 8 survivors (16384K)
 Metaspace       used 24612K, committed 24832K, reserved 1114112K
  class space    used 2770K, committed 2880K, reserved 1048576K
}
Event: 3.567 GC heap after
{Heap after GC invocations=5 (full 0):
 garbage-first heap   total 90112K, used 27357K [0x0000000708800000, 0x0000000800000000)
  region size 2048K, 10 young (20480K), 10 survivors (20480K)
 Metaspace       used 24612K, committed 24832K, reserved 1114112K
  class space    used 2770K, committed 2880K, reserved 1048576K
}
Event: 3.979 GC heap before
{Heap before GC invocations=5 (full 0):
 garbage-first heap   total 90112K, used 53981K [0x0000000708800000, 0x0000000800000000)
  region size 2048K, 24 young (49152K), 10 survivors (20480K)
 Metaspace       used 26729K, committed 27072K, reserved 1114112K
  class space    used 2941K, committed 3136K, reserved 1048576K
}
Event: 3.982 GC heap after
{Heap after GC invocations=6 (full 0):
 garbage-first heap   total 90112K, used 25315K [0x0000000708800000, 0x0000000800000000)
  region size 2048K, 3 young (6144K), 3 survivors (6144K)
 Metaspace       used 26729K, committed 27072K, reserved 1114112K
  class space    used 2941K, committed 3136K, reserved 1048576K
}
Event: 4.715 GC heap before
{Heap before GC invocations=6 (full 0):
 garbage-first heap   total 90112K, used 53987K [0x0000000708800000, 0x0000000800000000)
  region size 2048K, 19 young (38912K), 3 survivors (6144K)
 Metaspace       used 35812K, committed 36096K, reserved 1114112K
  class space    used 3725K, committed 3840K, reserved 1048576K
}
Event: 4.717 GC heap after
{Heap after GC invocations=7 (full 0):
 garbage-first heap   total 90112K, used 27674K [0x0000000708800000, 0x0000000800000000)
  region size 2048K, 2 young (4096K), 2 survivors (4096K)
 Metaspace       used 35812K, committed 36096K, reserved 1114112K
  class space    used 3725K, committed 3840K, reserved 1048576K
}
Event: 4.777 GC heap before
{Heap before GC invocations=8 (full 0):
 garbage-first heap   total 90112K, used 29722K [0x0000000708800000, 0x0000000800000000)
  region size 2048K, 4 young (8192K), 2 survivors (4096K)
 Metaspace       used 36454K, committed 36864K, reserved 1114112K
  class space    used 3817K, committed 4032K, reserved 1048576K
}
Event: 4.778 GC heap after
{Heap after GC invocations=9 (full 0):
 garbage-first heap   total 90112K, used 27195K [0x0000000708800000, 0x0000000800000000)
  region size 2048K, 2 young (4096K), 2 survivors (4096K)
 Metaspace       used 36454K, committed 36864K, reserved 1114112K
  class space    used 3817K, committed 4032K, reserved 1048576K
}
Event: 4.949 GC heap before
{Heap before GC invocations=9 (full 0):
 garbage-first heap   total 90112K, used 76347K [0x0000000708800000, 0x0000000800000000)
  region size 2048K, 14 young (28672K), 2 survivors (4096K)
 Metaspace       used 36465K, committed 36864K, reserved 1114112K
  class space    used 3817K, committed 4032K, reserved 1048576K
}
Event: 4.950 GC heap after
{Heap after GC invocations=10 (full 0):
 garbage-first heap   total 90112K, used 57252K [0x0000000708800000, 0x0000000800000000)
  region size 2048K, 3 young (6144K), 3 survivors (6144K)
 Metaspace       used 36465K, committed 36864K, reserved 1114112K
  class space    used 3817K, committed 4032K, reserved 1048576K
}
Event: 4.991 GC heap before
{Heap before GC invocations=10 (full 0):
 garbage-first heap   total 90112K, used 61348K [0x0000000708800000, 0x0000000800000000)
  region size 2048K, 6 young (12288K), 3 survivors (6144K)
 Metaspace       used 36623K, committed 36992K, reserved 1114112K
  class space    used 3837K, committed 4032K, reserved 1048576K
}
Event: 4.992 GC heap after
{Heap after GC invocations=11 (full 0):
 garbage-first heap   total 90112K, used 27822K [0x0000000708800000, 0x0000000800000000)
  region size 2048K, 1 young (2048K), 1 survivors (2048K)
 Metaspace       used 36623K, committed 36992K, reserved 1114112K
  class space    used 3837K, committed 4032K, reserved 1048576K
}
Event: 5.127 GC heap before
{Heap before GC invocations=11 (full 0):
 garbage-first heap   total 186368K, used 160942K [0x0000000708800000, 0x0000000800000000)
  region size 2048K, 18 young (36864K), 1 survivors (2048K)
 Metaspace       used 36685K, committed 37056K, reserved 1114112K
  class space    used 3841K, committed 4032K, reserved 1048576K
}
Event: 5.128 GC heap after
{Heap after GC invocations=12 (full 0):
 garbage-first heap   total 225280K, used 127866K [0x0000000708800000, 0x0000000800000000)
  region size 2048K, 1 young (2048K), 1 survivors (2048K)
 Metaspace       used 36685K, committed 37056K, reserved 1114112K
  class space    used 3841K, committed 4032K, reserved 1048576K
}
Event: 5.307 GC heap before
{Heap before GC invocations=12 (full 0):
 garbage-first heap   total 225280K, used 181114K [0x0000000708800000, 0x0000000800000000)
  region size 2048K, 28 young (57344K), 1 survivors (2048K)
 Metaspace       used 36685K, committed 37056K, reserved 1114112K
  class space    used 3841K, committed 4032K, reserved 1048576K
}
Event: 5.308 GC heap after
{Heap after GC invocations=13 (full 0):
 garbage-first heap   total 225280K, used 129034K [0x0000000708800000, 0x0000000800000000)
  region size 2048K, 1 young (2048K), 1 survivors (2048K)
 Metaspace       used 36685K, committed 37056K, reserved 1114112K
  class space    used 3841K, committed 4032K, reserved 1048576K
}
Event: 5.923 GC heap before
{Heap before GC invocations=14 (full 0):
 garbage-first heap   total 225280K, used 184330K [0x0000000708800000, 0x0000000800000000)
  region size 2048K, 29 young (59392K), 1 survivors (2048K)
 Metaspace       used 42052K, committed 42368K, reserved 1114112K
  class space    used 4592K, committed 4736K, reserved 1048576K
}
Event: 5.925 GC heap after
{Heap after GC invocations=15 (full 0):
 garbage-first heap   total 225280K, used 29775K [0x0000000708800000, 0x0000000800000000)
  region size 2048K, 2 young (4096K), 2 survivors (4096K)
 Metaspace       used 42052K, committed 42368K, reserved 1114112K
  class space    used 4592K, committed 4736K, reserved 1048576K
}
Event: 7.114 GC heap before
{Heap before GC invocations=15 (full 0):
 garbage-first heap   total 225280K, used 160847K [0x0000000708800000, 0x0000000800000000)
  region size 2048K, 66 young (135168K), 2 survivors (4096K)
 Metaspace       used 49722K, committed 50112K, reserved 1114112K
  class space    used 5339K, committed 5504K, reserved 1048576K
}
Event: 7.117 GC heap after
{Heap after GC invocations=16 (full 0):
 garbage-first heap   total 225280K, used 37453K [0x0000000708800000, 0x0000000800000000)
  region size 2048K, 6 young (12288K), 6 survivors (12288K)
 Metaspace       used 49722K, committed 50112K, reserved 1114112K
  class space    used 5339K, committed 5504K, reserved 1048576K
}

