# JRE version: OpenJDK Runtime Environment Temurin-17.0.8+7 (17.0.8+7) (build 17.0.8+7)
# Java VM: OpenJDK 64-Bit Server VM Temurin-17.0.8+7 (17.0.8+7, mixed mode, sharing, tiered, compressed oops, compressed class ptrs, g1 gc, linux-amd64)
Heap:
 garbage-first heap   total 419840K, used 337303K [0x0000000708800000, 0x0000000800000000)
  region size 2048K, 99 young (202752K), 5 survivors (10240K)
 Metaspace       used 53307K, committed 53760K, reserved 1114112K
  class space    used 5598K, committed 5760K, reserved 1048576K
GC Heap History (20 events):
Event: 20.202 GC heap before
{Heap before GC invocations=22 (full 0):
 garbage-first heap   total 217088K, used 178647K [0x0000000708800000, 0x0000000800000000)
  region size 2048K, 24 young (49152K), 5 survivors (10240K)
 Metaspace       used 37034K, committed 37440K, reserved 1114112K
  class space    used 3845K, committed 4032K, reserved 1048576K
}
Event: 20.204 GC heap after
{Heap after GC invocations=23 (full 0):
 garbage-first heap   total 217088K, used 145203K [0x0000000708800000, 0x0000000800000000)
  region size 2048K, 3 young (6144K), 3 survivors (6144K)
 Metaspace       used 37034K, committed 37440K, reserved 1114112K
  class space    used 3845K, committed 4032K, reserved 1048576K
}
Event: 20.314 GC heap before
{Heap before GC invocations=24 (full 0):
 garbage-first heap   total 253952K, used 151347K [0x0000000708800000, 0x0000000800000000)
  region size 2048K, 7 young (14336K), 3 survivors (6144K)
 Metaspace       used 37034K, committed 37440K, reserved 1114112K
  class space    used 3845K, committed 4032K, reserved 1048576K
}
Event: 20.316 GC heap after
{Heap after GC invocations=25 (full 0):
 garbage-first heap   total 253952K, used 139820K [0x0000000708800000, 0x0000000800000000)
  region size 2048K, 1 young (2048K), 1 survivors (2048K)
 Metaspace       used 37034K, committed 37440K, reserved 1114112K
  class space    used 3845K, committed 4032K, reserved 1048576K
}
Event: 20.620 GC heap before
{Heap before GC invocations=26 (full 0):
 garbage-first heap   total 346112K, used 193068K [0x0000000708800000, 0x0000000800000000)
  region size 2048K, 30 young (61440K), 1 survivors (2048K)
 Metaspace       used 37034K, committed 37440K, reserved 1114112K
  class space    used 3845K, committed 4032K, reserved 1048576K
}
Event: 20.622 GC heap after
{Heap after GC invocations=27 (full 0):
 garbage-first heap   total 419840K, used 137444K [0x0000000708800000, 0x0000000800000000)
  region size 2048K, 2 young (4096K), 2 survivors (4096K)
 Metaspace       used 37034K, committed 37440K, reserved 1114112K
  class space    used 3845K, committed 4032K, reserved 1048576K
}
Event: 20.710 GC heap before
{Heap before GC invocations=27 (full 0):
 garbage-first heap   total 419840K, used 151780K [0x0000000708800000, 0x0000000800000000)
  region size 2048K, 10 young (20480K), 2 survivors (4096K)
 Metaspace       used 37034K, committed 37440K, reserved 1114112K
  class space    used 3845K, committed 4032K, reserved 1048576K
}
Event: 20.712 GC heap after
{Heap after GC invocations=28 (full 0):
 garbage-first heap   total 419840K, used 136902K [0x0000000708800000, 0x0000000800000000)
  region size 2048K, 1 young (2048K), 1 survivors (2048K)
 Metaspace       used 37034K, committed 37440K, reserved 1114112K
  class space    used 3845K, committed 4032K, reserved 1048576K
}
Event: 21.336 GC heap before
{Heap before GC invocations=28 (full 0):
 garbage-first heap   total 419840K, used 245446K [0x0000000708800000, 0x0000000800000000)
  region size 2048K, 32 young (65536K), 1 survivors (2048K)
 Metaspace       used 37192K, committed 37568K, reserved 1114112K
  class space    used 3861K, committed 4032K, reserved 1048576K
}
Event: 21.339 GC heap after
{Heap after GC invocations=29 (full 0):
 garbage-first heap   total 419840K, used 141680K [0x0000000708800000, 0x0000000800000000)
  region size 2048K, 1 young (2048K), 1 survivors (2048K)
 Metaspace       used 37192K, committed 37568K, reserved 1114112K
  class space    used 3861K, committed 4032K, reserved 1048576K
}
Event: 21.537 GC heap before
{Heap before GC invocations=29 (full 0):
 garbage-first heap   total 419840K, used 213360K [0x0000000708800000, 0x0000000800000000)
  region size 2048K, 15 young (30720K), 1 survivors (2048K)
 Metaspace       used 37193K, committed 37568K, reserved 1114112K
  class space    used 3861K, committed 4032K, reserved 1048576K
}
Event: 21.538 GC heap after
{Heap after GC invocations=30 (full 0):
 garbage-first heap   total 419840K, used 135574K [0x0000000708800000, 0x0000000800000000)
  region size 2048K, 1 young (2048K), 1 survivors (2048K)
 Metaspace       used 37193K, committed 37568K, reserved 1114112K
  class space    used 3861K, committed 4032K, reserved 1048576K
}
Event: 21.753 GC heap before
{Heap before GC invocations=30 (full 0):
 garbage-first heap   total 419840K, used 203158K [0x0000000708800000, 0x0000000800000000)
  region size 2048K, 18 young (36864K), 1 survivors (2048K)
 Metaspace       used 37196K, committed 37568K, reserved 1114112K
  class space    used 3861K, committed 4032K, reserved 1048576K
}
Event: 21.754 GC heap after
{Heap after GC invocations=31 (full 0):
 garbage-first heap   total 419840K, used 135606K [0x0000000708800000, 0x0000000800000000)
  region size 2048K, 1 young (2048K), 1 survivors (2048K)
 Metaspace       used 37196K, committed 37568K, reserved 1114112K
  class space    used 3861K, committed 4032K, reserved 1048576K
}
Event: 21.987 GC heap before
{Heap before GC invocations=31 (full 0):
 garbage-first heap   total 419840K, used 231862K [0x0000000708800000, 0x0000000800000000)
  region size 2048K, 25 young (51200K), 1 survivors (2048K)
 Metaspace       used 37203K, committed 37568K, reserved 1114112K
  class space    used 3861K, committed 4032K, reserved 1048576K
}
Event: 21.988 GC heap after
{Heap after GC invocations=32 (full 0):
 garbage-first heap   total 419840K, used 135631K [0x0000000708800000, 0x0000000800000000)
  region size 2048K, 1 young (2048K), 1 survivors (2048K)
 Metaspace       used 37203K, committed 37568K, reserved 1114112K
  class space    used 3861K, committed 4032K, reserved 1048576K
}
Event: 22.293 GC heap before
{Heap before GC invocations=32 (full 0):
 garbage-first heap   total 419840K, used 201167K [0x0000000708800000, 0x0000000800000000)
  region size 2048K, 22 young (45056K), 1 survivors (2048K)
 Metaspace       used 37329K, committed 37696K, reserved 1114112K
  class space    used 3866K, committed 4032K, reserved 1048576K
}
Event: 22.294 GC heap after
{Heap after GC invocations=33 (full 0):
 garbage-first heap   total 419840K, used 140967K [0x0000000708800000, 0x0000000800000000)
  region size 2048K, 3 young (6144K), 3 survivors (6144K)
 Metaspace       used 37329K, committed 37696K, reserved 1114112K
  class space    used 3866K, committed 4032K, reserved 1048576K
}
Event: 23.397 GC heap before
{Heap before GC invocations=33 (full 0):
 garbage-first heap   total 419840K, used 403111K [0x0000000708800000, 0x0000000800000000)
  region size 2048K, 83 young (169984K), 3 survivors (6144K)
 Metaspace       used 42806K, committed 43200K, reserved 1114112K
  class space    used 4618K, committed 4800K, reserved 1048576K
}
Event: 23.399 GC heap after
{Heap after GC invocations=34 (full 0):
 garbage-first heap   total 419840K, used 144789K [0x0000000708800000, 0x0000000800000000)
  region size 2048K, 5 young (10240K), 5 survivors (10240K)
 Metaspace       used 42806K, committed 43200K, reserved 1114112K
  class space    used 4618K, committed 4800K, reserved 1048576K
}

