# JRE version: OpenJDK Runtime Environment Temurin-17.0.8+7 (17.0.8+7) (build 17.0.8+7)
# Java VM: OpenJDK 64-Bit Server VM Temurin-17.0.8+7 (17.0.8+7, mixed mode, sharing, tiered, compressed oops, compressed class ptrs, g1 gc, linux-amd64)
Heap:
 garbage-first heap   total 141312K, used 99155K [0x0000000708800000, 0x0000000800000000)
  region size 2048K, 35 young (71680K), 4 survivors (8192K)
 Metaspace       used 52466K, committed 52928K, reserved 1114112K
  class space    used 5546K, committed 5760K, reserved 1048576K
GC Heap History (20 events):
Event: 5.274 GC heap before
{Heap before GC invocations=7 (full 0):
 garbage-first heap   total 81920K, used 35254K [0x0000000708800000, 0x0000000800000000)
  region size 2048K, 9 young (18432K), 3 survivors (6144K)
 Metaspace       used 35741K, committed 36096K, reserved 1114112K
  class space    used 3719K, committed 3904K, reserved 1048576K
}
Event: 5.276 GC heap after
{Heap after GC invocations=8 (full 0):
 garbage-first heap   total 81920K, used 27693K [0x0000000708800000, 0x0000000800000000)
  region size 2048K, 1 young (2048K), 1 survivors (2048K)
 Metaspace       used 35741K, committed 36096K, reserved 1114112K
  class space    used 3719K, committed 3904K, reserved 1048576K
}
Event: 5.331 GC heap before
{Heap before GC invocations=9 (full 0):
 garbage-first heap   total 81920K, used 29741K [0x0000000708800000, 0x0000000800000000)
  region size 2048K, 3 young (6144K), 1 survivors (2048K)
 Metaspace       used 36371K, committed 36800K, reserved 1114112K
  class space    used 3799K, committed 4032K, reserved 1048576K
}
Event: 5.332 GC heap after
{Heap after GC invocations=10 (full 0):
 garbage-first heap   total 98304K, used 27277K [0x0000000708800000, 0x0000000800000000)
  region size 2048K, 1 young (2048K), 1 survivors (2048K)
 Metaspace       used 36371K, committed 36800K, reserved 1114112K
  class space    used 3799K, committed 4032K, reserved 1048576K
}
Event: 5.561 GC heap before
{Heap before GC invocations=10 (full 0):
 garbage-first heap   total 98304K, used 80525K [0x0000000708800000, 0x0000000800000000)
  region size 2048K, 16 young (32768K), 1 survivors (2048K)
 Metaspace       used 36539K, committed 36928K, reserved 1114112K
  class space    used 3820K, committed 4032K, reserved 1048576K
}
Event: 5.562 GC heap after
{Heap after GC invocations=11 (full 0):
 garbage-first heap   total 98304K, used 27244K [0x0000000708800000, 0x0000000800000000)
  region size 2048K, 1 young (2048K), 1 survivors (2048K)
 Metaspace       used 36539K, committed 36928K, reserved 1114112K
  class space    used 3820K, committed 4032K, reserved 1048576K
}
Event: 5.680 GC heap before
{Heap before GC invocations=11 (full 0):
 garbage-first heap   total 167936K, used 154220K [0x0000000708800000, 0x0000000800000000)
  region size 2048K, 16 young (32768K), 1 survivors (2048K)
 Metaspace       used 36601K, committed 36992K, reserved 1114112K
  class space    used 3823K, committed 4032K, reserved 1048576K
}
Event: 5.681 GC heap after
{Heap after GC invocations=12 (full 0):
 garbage-first heap   total 167936K, used 127962K [0x0000000708800000, 0x0000000800000000)
  region size 2048K, 1 young (2048K), 1 survivors (2048K)
 Metaspace       used 36601K, committed 36992K, reserved 1114112K
  class space    used 3823K, committed 4032K, reserved 1048576K
}
Event: 5.727 GC heap before
{Heap before GC invocations=12 (full 0):
 garbage-first heap   total 167936K, used 138202K [0x0000000708800000, 0x0000000800000000)
  region size 2048K, 7 young (14336K), 1 survivors (2048K)
 Metaspace       used 36601K, committed 36992K, reserved 1114112K
  class space    used 3823K, committed 4032K, reserved 1048576K
}
Event: 5.728 GC heap after
{Heap after GC invocations=13 (full 0):
 garbage-first heap   total 167936K, used 128189K [0x0000000708800000, 0x0000000800000000)
  region size 2048K, 1 young (2048K), 1 survivors (2048K)
 Metaspace       used 36601K, committed 36992K, reserved 1114112K
  class space    used 3823K, committed 4032K, reserved 1048576K
}
Event: 5.779 GC heap before
{Heap before GC invocations=14 (full 0):
 garbage-first heap   total 225280K, used 138429K [0x0000000708800000, 0x0000000800000000)
  region size 2048K, 7 young (14336K), 1 survivors (2048K)
 Metaspace       used 36601K, committed 36992K, reserved 1114112K
  class space    used 3823K, committed 4032K, reserved 1048576K
}
Event: 5.780 GC heap after
{Heap after GC invocations=15 (full 0):
 garbage-first heap   total 225280K, used 128569K [0x0000000708800000, 0x0000000800000000)
  region size 2048K, 1 young (2048K), 1 survivors (2048K)
 Metaspace       used 36601K, committed 36992K, reserved 1114112K
  class space    used 3823K, committed 4032K, reserved 1048576K
}
Event: 6.209 GC heap before
{Heap before GC invocations=15 (full 0):
 garbage-first heap   total 225280K, used 190009K [0x0000000708800000, 0x0000000800000000)
  region size 2048K, 31 young (63488K), 1 survivors (2048K)
 Metaspace       used 39277K, committed 39616K, reserved 1114112K
  class space    used 4123K, committed 4288K, reserved 1048576K
}
Event: 6.210 GC heap after
{Heap after GC invocations=16 (full 0):
 garbage-first heap   total 225280K, used 27737K [0x0000000708800000, 0x0000000800000000)
  region size 2048K, 1 young (2048K), 1 survivors (2048K)
 Metaspace       used 39277K, committed 39616K, reserved 1114112K
  class space    used 4123K, committed 4288K, reserved 1048576K
}
Event: 6.591 GC heap before
{Heap before GC invocations=17 (full 0):
 garbage-first heap   total 116736K, used 95321K [0x0000000708800000, 0x0000000800000000)
  region size 2048K, 34 young (69632K), 1 survivors (2048K)
 Metaspace       used 42349K, committed 42688K, reserved 1114112K
  class space    used 4599K, committed 4736K, reserved 1048576K
}
Event: 6.595 GC heap after
{Heap after GC invocations=18 (full 0):
 garbage-first heap   total 141312K, used 31865K [0x0000000708800000, 0x0000000800000000)
  region size 2048K, 3 young (6144K), 3 survivors (6144K)
 Metaspace       used 42349K, committed 42688K, reserved 1114112K
  class space    used 4599K, committed 4736K, reserved 1048576K
}
Event: 6.643 GC heap before
{Heap before GC invocations=18 (full 0):
 garbage-first heap   total 141312K, used 33913K [0x0000000708800000, 0x0000000800000000)
  region size 2048K, 4 young (8192K), 3 survivors (6144K)
 Metaspace       used 42692K, committed 43008K, reserved 1114112K
  class space    used 4636K, committed 4800K, reserved 1048576K
}
Event: 6.645 GC heap after
{Heap after GC invocations=19 (full 0):
 garbage-first heap   total 141312K, used 30288K [0x0000000708800000, 0x0000000800000000)
  region size 2048K, 1 young (2048K), 1 survivors (2048K)
 Metaspace       used 42692K, committed 43008K, reserved 1114112K
  class space    used 4636K, committed 4800K, reserved 1048576K
}
Event: 7.769 GC heap before
{Heap before GC invocations=19 (full 0):
 garbage-first heap   total 141312K, used 112208K [0x0000000708800000, 0x0000000800000000)
  region size 2048K, 40 young (81920K), 1 survivors (2048K)
 Metaspace       used 49480K, committed 49856K, reserved 1114112K
  class space    used 5313K, committed 5504K, reserved 1048576K
}
Event: 7.772 GC heap after
{Heap after GC invocations=20 (full 0):
 garbage-first heap   total 141312K, used 36470K [0x0000000708800000, 0x0000000800000000)
  region size 2048K, 4 young (8192K), 4 survivors (8192K)
 Metaspace       used 49480K, committed 49856K, reserved 1114112K
  class space    used 5313K, committed 5504K, reserved 1048576K
}

