# JRE version: OpenJDK Runtime Environment Temurin-17.0.8+7 (17.0.8+7) (build 17.0.8+7)
# Java VM: OpenJDK 64-Bit Server VM Temurin-17.0.8+7 (17.0.8+7, mixed mode, sharing, tiered, compressed oops, compressed class ptrs, g1 gc, linux-amd64)
Heap:
 garbage-first heap   total 131072K, used 44080K [0x0000000708800000, 0x0000000800000000)
  region size 2048K, 5 young (10240K), 3 survivors (6144K)
 Metaspace       used 52494K, committed 52992K, reserved 1114112K
  class space    used 5550K, committed 5760K, reserved 1048576K
GC Heap History (20 events):
Event: 5.288 GC heap before
{Heap before GC invocations=9 (full 0):
 garbage-first heap   total 90112K, used 27516K [0x0000000708800000, 0x0000000800000000)
  region size 2048K, 3 young (6144K), 2 survivors (4096K)
 Metaspace       used 36370K, committed 36800K, reserved 1114112K
  class space    used 3798K, committed 4032K, reserved 1048576K
}
Event: 5.289 GC heap after
{Heap after GC invocations=10 (full 0):
 garbage-first heap   total 90112K, used 27603K [0x0000000708800000, 0x0000000800000000)
  region size 2048K, 2 young (4096K), 2 survivors (4096K)
 Metaspace       used 36370K, committed 36800K, reserved 1114112K
  class space    used 3798K, committed 4032K, reserved 1048576K
}
Event: 5.402 GC heap before
{Heap before GC invocations=10 (full 0):
 garbage-first heap   total 90112K, used 74707K [0x0000000708800000, 0x0000000800000000)
  region size 2048K, 14 young (28672K), 2 survivors (4096K)
 Metaspace       used 36381K, committed 36800K, reserved 1114112K
  class space    used 3798K, committed 4032K, reserved 1048576K
}
Event: 5.403 GC heap after
{Heap after GC invocations=11 (full 0):
 garbage-first heap   total 90112K, used 57368K [0x0000000708800000, 0x0000000800000000)
  region size 2048K, 3 young (6144K), 3 survivors (6144K)
 Metaspace       used 36381K, committed 36800K, reserved 1114112K
  class space    used 3798K, committed 4032K, reserved 1048576K
}
Event: 5.446 GC heap before
{Heap before GC invocations=11 (full 0):
 garbage-first heap   total 90112K, used 61464K [0x0000000708800000, 0x0000000800000000)
  region size 2048K, 6 young (12288K), 3 survivors (6144K)
 Metaspace       used 36538K, committed 36928K, reserved 1114112K
  class space    used 3819K, committed 4032K, reserved 1048576K
}
Event: 5.447 GC heap after
{Heap after GC invocations=12 (full 0):
 garbage-first heap   total 90112K, used 28071K [0x0000000708800000, 0x0000000800000000)
  region size 2048K, 1 young (2048K), 1 survivors (2048K)
 Metaspace       used 36538K, committed 36928K, reserved 1114112K
  class space    used 3819K, committed 4032K, reserved 1048576K
}
Event: 5.594 GC heap before
{Heap before GC invocations=12 (full 0):
 garbage-first heap   total 186368K, used 163239K [0x0000000708800000, 0x0000000800000000)
  region size 2048K, 19 young (38912K), 1 survivors (2048K)
 Metaspace       used 36600K, committed 36992K, reserved 1114112K
  class space    used 3822K, committed 4032K, reserved 1048576K
}
Event: 5.595 GC heap after
{Heap after GC invocations=13 (full 0):
 garbage-first heap   total 186368K, used 128159K [0x0000000708800000, 0x0000000800000000)
  region size 2048K, 1 young (2048K), 1 survivors (2048K)
 Metaspace       used 36600K, committed 36992K, reserved 1114112K
  class space    used 3822K, committed 4032K, reserved 1048576K
}
Event: 5.687 GC heap before
{Heap before GC invocations=13 (full 0):
 garbage-first heap   total 186368K, used 152735K [0x0000000708800000, 0x0000000800000000)
  region size 2048K, 14 young (28672K), 1 survivors (2048K)
 Metaspace       used 36600K, committed 36992K, reserved 1114112K
  class space    used 3822K, committed 4032K, reserved 1048576K
}
Event: 5.688 GC heap after
{Heap after GC invocations=14 (full 0):
 garbage-first heap   total 186368K, used 128896K [0x0000000708800000, 0x0000000800000000)
  region size 2048K, 1 young (2048K), 1 survivors (2048K)
 Metaspace       used 36600K, committed 36992K, reserved 1114112K
  class space    used 3822K, committed 4032K, reserved 1048576K
}
Event: 5.782 GC heap before
{Heap before GC invocations=15 (full 0):
 garbage-first heap   total 225280K, used 153472K [0x0000000708800000, 0x0000000800000000)
  region size 2048K, 14 young (28672K), 1 survivors (2048K)
 Metaspace       used 36600K, committed 36992K, reserved 1114112K
  class space    used 3822K, committed 4032K, reserved 1048576K
}
Event: 5.783 GC heap after
{Heap after GC invocations=16 (full 0):
 garbage-first heap   total 270336K, used 129274K [0x0000000708800000, 0x0000000800000000)
  region size 2048K, 1 young (2048K), 1 survivors (2048K)
 Metaspace       used 36600K, committed 36992K, reserved 1114112K
  class space    used 3822K, committed 4032K, reserved 1048576K
}
Event: 6.447 GC heap before
{Heap before GC invocations=16 (full 0):
 garbage-first heap   total 270336K, used 221434K [0x0000000708800000, 0x0000000800000000)
  region size 2048K, 46 young (94208K), 1 survivors (2048K)
 Metaspace       used 42140K, committed 42496K, reserved 1114112K
  class space    used 4575K, committed 4736K, reserved 1048576K
}
Event: 6.450 GC heap after
{Heap after GC invocations=17 (full 0):
 garbage-first heap   total 270336K, used 31835K [0x0000000708800000, 0x0000000800000000)
  region size 2048K, 3 young (6144K), 3 survivors (6144K)
 Metaspace       used 42140K, committed 42496K, reserved 1114112K
  class space    used 4575K, committed 4736K, reserved 1048576K
}
Event: 7.395 GC heap before
{Heap before GC invocations=18 (full 0):
 garbage-first heap   total 131072K, used 103515K [0x0000000708800000, 0x0000000800000000)
  region size 2048K, 38 young (77824K), 3 survivors (6144K)
 Metaspace       used 49401K, committed 49792K, reserved 1114112K
  class space    used 5315K, committed 5504K, reserved 1048576K
}
Event: 7.398 GC heap after
{Heap after GC invocations=19 (full 0):
 garbage-first heap   total 131072K, used 37314K [0x0000000708800000, 0x0000000800000000)
  region size 2048K, 5 young (10240K), 5 survivors (10240K)
 Metaspace       used 49401K, committed 49792K, reserved 1114112K
  class space    used 5315K, committed 5504K, reserved 1048576K
}
Event: 7.400 GC heap before
{Heap before GC invocations=19 (full 0):
 garbage-first heap   total 131072K, used 39362K [0x0000000708800000, 0x0000000800000000)
  region size 2048K, 6 young (12288K), 5 survivors (10240K)
 Metaspace       used 49401K, committed 49792K, reserved 1114112K
  class space    used 5315K, committed 5504K, reserved 1048576K
}
Event: 7.403 GC heap after
{Heap after GC invocations=20 (full 0):
 garbage-first heap   total 131072K, used 38763K [0x0000000708800000, 0x0000000800000000)
  region size 2048K, 1 young (2048K), 1 survivors (2048K)
 Metaspace       used 49401K, committed 49792K, reserved 1114112K
  class space    used 5315K, committed 5504K, reserved 1048576K
}
Event: 14.201 GC heap before
{Heap before GC invocations=20 (full 0):
 garbage-first heap   total 131072K, used 100203K [0x0000000708800000, 0x0000000800000000)
  region size 2048K, 31 young (63488K), 1 survivors (2048K)
 Metaspace       used 52412K, committed 52864K, reserved 1114112K
  class space    used 5548K, committed 5760K, reserved 1048576K
}
Event: 14.204 GC heap after
{Heap after GC invocations=21 (full 0):
 garbage-first heap   total 131072K, used 41552K [0x0000000708800000, 0x0000000800000000)
  region size 2048K, 3 young (6144K), 3 survivors (6144K)
 Metaspace       used 52412K, committed 52864K, reserved 1114112K
  class space    used 5548K, committed 5760K, reserved 1048576K
}

