# JRE version: OpenJDK Runtime Environment Temurin-17.0.8+7 (17.0.8+7) (build 17.0.8+7)
# Java VM: OpenJDK 64-Bit Server VM Temurin-17.0.8+7 (17.0.8+7, mixed mode, sharing, tiered, compressed oops, compressed class ptrs, g1 gc, linux-amd64)
Heap:
 garbage-first heap   total 309248K, used 209172K [0x0000000708800000, 0x0000000800000000)
  region size 2048K, 86 young (176128K), 2 survivors (4096K)
 Metaspace       used 52609K, committed 53120K, reserved 1114112K
  class space    used 5551K, committed 5760K, reserved 1048576K
GC Heap History (20 events):
Event: 5.710 GC heap before
{Heap before GC invocations=15 (full 0):
 garbage-first heap   total 233472K, used 186904K [0x0000000708800000, 0x0000000800000000)
  region size 2048K, 28 young (57344K), 1 survivors (2048K)
 Metaspace       used 36552K, committed 36992K, reserved 1114112K
  class space    used 3820K, committed 4032K, reserved 1048576K
}
Event: 5.712 GC heap after
{Heap after GC invocations=16 (full 0):
 garbage-first heap   total 233472K, used 140847K [0x0000000708800000, 0x0000000800000000)
  region size 2048K, 4 young (8192K), 4 survivors (8192K)
 Metaspace       used 36552K, committed 36992K, reserved 1114112K
  class space    used 3820K, committed 4032K, reserved 1048576K
}
Event: 5.815 GC heap before
{Heap before GC invocations=17 (full 0):
 garbage-first heap   total 243712K, used 151087K [0x0000000708800000, 0x0000000800000000)
  region size 2048K, 11 young (22528K), 4 survivors (8192K)
 Metaspace       used 36610K, committed 36992K, reserved 1114112K
  class space    used 3823K, committed 4032K, reserved 1048576K
}
Event: 5.816 GC heap after
{Heap after GC invocations=18 (full 0):
 garbage-first heap   total 243712K, used 132781K [0x0000000708800000, 0x0000000800000000)
  region size 2048K, 1 young (2048K), 1 survivors (2048K)
 Metaspace       used 36610K, committed 36992K, reserved 1114112K
  class space    used 3823K, committed 4032K, reserved 1048576K
}
Event: 5.998 GC heap before
{Heap before GC invocations=19 (full 0):
 garbage-first heap   total 219136K, used 206509K [0x0000000708800000, 0x0000000800000000)
  region size 2048K, 25 young (51200K), 1 survivors (2048K)
 Metaspace       used 36616K, committed 36992K, reserved 1114112K
  class space    used 3823K, committed 4032K, reserved 1048576K
}
Event: 5.999 GC heap after
{Heap after GC invocations=20 (full 0):
 garbage-first heap   total 284672K, used 134201K [0x0000000708800000, 0x0000000800000000)
  region size 2048K, 1 young (2048K), 1 survivors (2048K)
 Metaspace       used 36616K, committed 36992K, reserved 1114112K
  class space    used 3823K, committed 4032K, reserved 1048576K
}
Event: 6.040 GC heap before
{Heap before GC invocations=20 (full 0):
 garbage-first heap   total 284672K, used 144441K [0x0000000708800000, 0x0000000800000000)
  region size 2048K, 6 young (12288K), 1 survivors (2048K)
 Metaspace       used 36616K, committed 36992K, reserved 1114112K
  class space    used 3823K, committed 4032K, reserved 1048576K
}
Event: 6.041 GC heap after
{Heap after GC invocations=21 (full 0):
 garbage-first heap   total 284672K, used 132772K [0x0000000708800000, 0x0000000800000000)
  region size 2048K, 1 young (2048K), 1 survivors (2048K)
 Metaspace       used 36616K, committed 36992K, reserved 1114112K
  class space    used 3823K, committed 4032K, reserved 1048576K
}
Event: 6.441 GC heap before
{Heap before GC invocations=21 (full 0):
 garbage-first heap   total 284672K, used 204452K [0x0000000708800000, 0x0000000800000000)
  region size 2048K, 37 young (75776K), 1 survivors (2048K)
 Metaspace       used 36617K, committed 36992K, reserved 1114112K
  class space    used 3823K, committed 4032K, reserved 1048576K
}
Event: 6.442 GC heap after
{Heap after GC invocations=22 (full 0):
 garbage-first heap   total 284672K, used 132224K [0x0000000708800000, 0x0000000800000000)
  region size 2048K, 1 young (2048K), 1 survivors (2048K)
 Metaspace       used 36617K, committed 36992K, reserved 1114112K
  class space    used 3823K, committed 4032K, reserved 1048576K
}
Event: 6.902 GC heap before
{Heap before GC invocations=23 (full 0):
 garbage-first heap   total 309248K, used 234624K [0x0000000708800000, 0x0000000800000000)
  region size 2048K, 51 young (104448K), 1 survivors (2048K)
 Metaspace       used 36617K, committed 36992K, reserved 1114112K
  class space    used 3823K, committed 4032K, reserved 1048576K
}
Event: 6.903 GC heap after
{Heap after GC invocations=24 (full 0):
 garbage-first heap   total 309248K, used 140002K [0x0000000708800000, 0x0000000800000000)
  region size 2048K, 4 young (8192K), 4 survivors (8192K)
 Metaspace       used 36617K, committed 36992K, reserved 1114112K
  class space    used 3823K, committed 4032K, reserved 1048576K
}
Event: 6.971 GC heap before
{Heap before GC invocations=24 (full 0):
 garbage-first heap   total 309248K, used 146146K [0x0000000708800000, 0x0000000800000000)
  region size 2048K, 8 young (16384K), 4 survivors (8192K)
 Metaspace       used 36617K, committed 36992K, reserved 1114112K
  class space    used 3823K, committed 4032K, reserved 1048576K
}
Event: 6.972 GC heap after
{Heap after GC invocations=25 (full 0):
 garbage-first heap   total 309248K, used 31851K [0x0000000708800000, 0x0000000800000000)
  region size 2048K, 1 young (2048K), 1 survivors (2048K)
 Metaspace       used 36617K, committed 36992K, reserved 1114112K
  class space    used 3823K, committed 4032K, reserved 1048576K
}
Event: 7.200 GC heap before
{Heap before GC invocations=25 (full 0):
 garbage-first heap   total 309248K, used 167019K [0x0000000708800000, 0x0000000800000000)
  region size 2048K, 34 young (69632K), 1 survivors (2048K)
 Metaspace       used 36621K, committed 36992K, reserved 1114112K
  class space    used 3823K, committed 4032K, reserved 1048576K
}
Event: 7.201 GC heap after
{Heap after GC invocations=26 (full 0):
 garbage-first heap   total 309248K, used 31897K [0x0000000708800000, 0x0000000800000000)
  region size 2048K, 1 young (2048K), 1 survivors (2048K)
 Metaspace       used 36621K, committed 36992K, reserved 1114112K
  class space    used 3823K, committed 4032K, reserved 1048576K
}
Event: 7.842 GC heap before
{Heap before GC invocations=26 (full 0):
 garbage-first heap   total 309248K, used 246937K [0x0000000708800000, 0x0000000800000000)
  region size 2048K, 58 young (118784K), 1 survivors (2048K)
 Metaspace       used 36679K, committed 37120K, reserved 1114112K
  class space    used 3827K, committed 4032K, reserved 1048576K
}
Event: 7.844 GC heap after
{Heap after GC invocations=27 (full 0):
 garbage-first heap   total 309248K, used 31919K [0x0000000708800000, 0x0000000800000000)
  region size 2048K, 1 young (2048K), 1 survivors (2048K)
 Metaspace       used 36679K, committed 37120K, reserved 1114112K
  class space    used 3827K, committed 4032K, reserved 1048576K
}
Event: 8.709 GC heap before
{Heap before GC invocations=27 (full 0):
 garbage-first heap   total 309248K, used 294063K [0x0000000708800000, 0x0000000800000000)
  region size 2048K, 81 young (165888K), 1 survivors (2048K)
 Metaspace       used 42150K, committed 42496K, reserved 1114112K
  class space    used 4579K, committed 4736K, reserved 1048576K
}
Event: 8.711 GC heap after
{Heap after GC invocations=28 (full 0):
 garbage-first heap   total 309248K, used 35393K [0x0000000708800000, 0x0000000800000000)
  region size 2048K, 2 young (4096K), 2 survivors (4096K)
 Metaspace       used 42150K, committed 42496K, reserved 1114112K
  class space    used 4579K, committed 4736K, reserved 1048576K
}

