# JRE version: OpenJDK Runtime Environment Temurin-17.0.8+7 (17.0.8+7) (build 17.0.8+7)
# Java VM: OpenJDK 64-Bit Server VM Temurin-17.0.8+7 (17.0.8+7, mixed mode, sharing, tiered, compressed oops, compressed class ptrs, g1 gc, linux-amd64)
Heap:
 garbage-first heap   total 305152K, used 237013K [0x0000000708800000, 0x0000000800000000)
  region size 2048K, 50 young (102400K), 5 survivors (10240K)
 Metaspace       used 52437K, committed 52864K, reserved 1114112K
  class space    used 5550K, committed 5760K, reserved 1048576K
GC Heap History (20 events):
Event: 7.421 GC heap before
{Heap before GC invocations=23 (full 0):
 garbage-first heap   total 212992K, used 174758K [0x0000000708800000, 0x0000000800000000)
  region size 2048K, 23 young (47104K), 3 survivors (6144K)
 Metaspace       used 36628K, committed 36992K, reserved 1114112K
  class space    used 3822K, committed 4032K, reserved 1048576K
}
Event: 7.421 GC heap after
{Heap after GC invocations=24 (full 0):
 garbage-first heap   total 212992K, used 30807K [0x0000000708800000, 0x0000000800000000)
  region size 2048K, 1 young (2048K), 1 survivors (2048K)
 Metaspace       used 36628K, committed 36992K, reserved 1114112K
  class space    used 3822K, committed 4032K, reserved 1048576K
}
Event: 7.657 GC heap before
{Heap before GC invocations=24 (full 0):
 garbage-first heap   total 212992K, used 151639K [0x0000000708800000, 0x0000000800000000)
  region size 2048K, 31 young (63488K), 1 survivors (2048K)
 Metaspace       used 36646K, committed 37056K, reserved 1114112K
  class space    used 3823K, committed 4032K, reserved 1048576K
}
Event: 7.658 GC heap after
{Heap after GC invocations=25 (full 0):
 garbage-first heap   total 212992K, used 30824K [0x0000000708800000, 0x0000000800000000)
  region size 2048K, 1 young (2048K), 1 survivors (2048K)
 Metaspace       used 36646K, committed 37056K, reserved 1114112K
  class space    used 3823K, committed 4032K, reserved 1048576K
}
Event: 7.684 GC heap before
{Heap before GC invocations=25 (full 0):
 garbage-first heap   total 212992K, used 45160K [0x0000000708800000, 0x0000000800000000)
  region size 2048K, 5 young (10240K), 1 survivors (2048K)
 Metaspace       used 36647K, committed 37056K, reserved 1114112K
  class space    used 3823K, committed 4032K, reserved 1048576K
}
Event: 7.685 GC heap after
{Heap after GC invocations=26 (full 0):
 garbage-first heap   total 212992K, used 30856K [0x0000000708800000, 0x0000000800000000)
  region size 2048K, 1 young (2048K), 1 survivors (2048K)
 Metaspace       used 36647K, committed 37056K, reserved 1114112K
  class space    used 3823K, committed 4032K, reserved 1048576K
}
Event: 8.111 GC heap before
{Heap before GC invocations=26 (full 0):
 garbage-first heap   total 212992K, used 200840K [0x0000000708800000, 0x0000000800000000)
  region size 2048K, 36 young (73728K), 1 survivors (2048K)
 Metaspace       used 36647K, committed 37056K, reserved 1114112K
  class space    used 3823K, committed 4032K, reserved 1048576K
}
Event: 8.114 GC heap after
{Heap after GC invocations=27 (full 0):
 garbage-first heap   total 219136K, used 139976K [0x0000000708800000, 0x0000000800000000)
  region size 2048K, 5 young (10240K), 5 survivors (10240K)
 Metaspace       used 36647K, committed 37056K, reserved 1114112K
  class space    used 3823K, committed 4032K, reserved 1048576K
}
Event: 8.354 GC heap before
{Heap before GC invocations=27 (full 0):
 garbage-first heap   total 219136K, used 178888K [0x0000000708800000, 0x0000000800000000)
  region size 2048K, 25 young (51200K), 5 survivors (10240K)
 Metaspace       used 36647K, committed 37056K, reserved 1114112K
  class space    used 3823K, committed 4032K, reserved 1048576K
}
Event: 8.355 GC heap after
{Heap after GC invocations=28 (full 0):
 garbage-first heap   total 219136K, used 145700K [0x0000000708800000, 0x0000000800000000)
  region size 2048K, 3 young (6144K), 3 survivors (6144K)
 Metaspace       used 36647K, committed 37056K, reserved 1114112K
  class space    used 3823K, committed 4032K, reserved 1048576K
}
Event: 8.431 GC heap before
{Heap before GC invocations=29 (full 0):
 garbage-first heap   total 253952K, used 147748K [0x0000000708800000, 0x0000000800000000)
  region size 2048K, 5 young (10240K), 3 survivors (6144K)
 Metaspace       used 36690K, committed 37120K, reserved 1114112K
  class space    used 3826K, committed 4032K, reserved 1048576K
}
Event: 8.432 GC heap after
{Heap after GC invocations=30 (full 0):
 garbage-first heap   total 253952K, used 140075K [0x0000000708800000, 0x0000000800000000)
  region size 2048K, 1 young (2048K), 1 survivors (2048K)
 Metaspace       used 36690K, committed 37120K, reserved 1114112K
  class space    used 3826K, committed 4032K, reserved 1048576K
}
Event: 8.669 GC heap before
{Heap before GC invocations=31 (full 0):
 garbage-first heap   total 253952K, used 201515K [0x0000000708800000, 0x0000000800000000)
  region size 2048K, 34 young (69632K), 1 survivors (2048K)
 Metaspace       used 36690K, committed 37120K, reserved 1114112K
  class space    used 3826K, committed 4032K, reserved 1048576K
}
Event: 8.670 GC heap after
{Heap after GC invocations=32 (full 0):
 garbage-first heap   total 305152K, used 135219K [0x0000000708800000, 0x0000000800000000)
  region size 2048K, 1 young (2048K), 1 survivors (2048K)
 Metaspace       used 36690K, committed 37120K, reserved 1114112K
  class space    used 3826K, committed 4032K, reserved 1048576K
}
Event: 8.710 GC heap before
{Heap before GC invocations=32 (full 0):
 garbage-first heap   total 305152K, used 145459K [0x0000000708800000, 0x0000000800000000)
  region size 2048K, 7 young (14336K), 1 survivors (2048K)
 Metaspace       used 36690K, committed 37120K, reserved 1114112K
  class space    used 3826K, committed 4032K, reserved 1048576K
}
Event: 8.712 GC heap after
{Heap after GC invocations=33 (full 0):
 garbage-first heap   total 305152K, used 133385K [0x0000000708800000, 0x0000000800000000)
  region size 2048K, 1 young (2048K), 1 survivors (2048K)
 Metaspace       used 36690K, committed 37120K, reserved 1114112K
  class space    used 3826K, committed 4032K, reserved 1048576K
}
Event: 9.661 GC heap before
{Heap before GC invocations=33 (full 0):
 garbage-first heap   total 305152K, used 250121K [0x0000000708800000, 0x0000000800000000)
  region size 2048K, 58 young (118784K), 1 survivors (2048K)
 Metaspace       used 44356K, committed 44736K, reserved 1114112K
  class space    used 4810K, committed 4992K, reserved 1048576K
}
Event: 9.663 GC heap after
{Heap after GC invocations=34 (full 0):
 garbage-first heap   total 305152K, used 138846K [0x0000000708800000, 0x0000000800000000)
  region size 2048K, 3 young (6144K), 3 survivors (6144K)
 Metaspace       used 44356K, committed 44736K, reserved 1114112K
  class space    used 4810K, committed 4992K, reserved 1048576K
}
Event: 10.119 GC heap before
{Heap before GC invocations=34 (full 0):
 garbage-first heap   total 305152K, used 175710K [0x0000000708800000, 0x0000000800000000)
  region size 2048K, 22 young (45056K), 3 survivors (6144K)
 Metaspace       used 48673K, committed 49088K, reserved 1114112K
  class space    used 5292K, committed 5504K, reserved 1048576K
}
Event: 10.121 GC heap after
{Heap after GC invocations=35 (full 0):
 garbage-first heap   total 305152K, used 143005K [0x0000000708800000, 0x0000000800000000)
  region size 2048K, 5 young (10240K), 5 survivors (10240K)
 Metaspace       used 48673K, committed 49088K, reserved 1114112K
  class space    used 5292K, committed 5504K, reserved 1048576K
}

