# JRE version: OpenJDK Runtime Environment Temurin-17.0.8+7 (17.0.8+7) (build 17.0.8+7)
# Java VM: OpenJDK 64-Bit Server VM Temurin-17.0.8+7 (17.0.8+7, mixed mode, sharing, tiered, compressed oops, compressed class ptrs, g1 gc, linux-amd64)
Heap:
 garbage-first heap   total 425984K, used 292106K [0x0000000708800000, 0x0000000800000000)
  region size 2048K, 78 young (159744K), 3 survivors (6144K)
 Metaspace       used 52691K, committed 53120K, reserved 1114112K
  class space    used 5556K, committed 5760K, reserved 1048576K
GC Heap History (20 events):
Event: 5.767 GC heap before
{Heap before GC invocations=14 (full 0):
 garbage-first heap   total 243712K, used 173939K [0x0000000708800000, 0x0000000800000000)
  region size 2048K, 22 young (45056K), 4 survivors (8192K)
 Metaspace       used 36619K, committed 36992K, reserved 1114112K
  class space    used 3823K, committed 4032K, reserved 1048576K
}
Event: 5.768 GC heap after
{Heap after GC invocations=15 (full 0):
 garbage-first heap   total 243712K, used 132972K [0x0000000708800000, 0x0000000800000000)
  region size 2048K, 1 young (2048K), 1 survivors (2048K)
 Metaspace       used 36619K, committed 36992K, reserved 1114112K
  class space    used 3823K, committed 4032K, reserved 1048576K
}
Event: 6.016 GC heap before
{Heap before GC invocations=16 (full 0):
 garbage-first heap   total 313344K, used 221036K [0x0000000708800000, 0x0000000800000000)
  region size 2048K, 32 young (65536K), 1 survivors (2048K)
 Metaspace       used 36626K, committed 37056K, reserved 1114112K
  class space    used 3823K, committed 4032K, reserved 1048576K
}
Event: 6.018 GC heap after
{Heap after GC invocations=17 (full 0):
 garbage-first heap   total 313344K, used 133179K [0x0000000708800000, 0x0000000800000000)
  region size 2048K, 2 young (4096K), 2 survivors (4096K)
 Metaspace       used 36626K, committed 37056K, reserved 1114112K
  class space    used 3823K, committed 4032K, reserved 1048576K
}
Event: 6.052 GC heap before
{Heap before GC invocations=17 (full 0):
 garbage-first heap   total 313344K, used 141371K [0x0000000708800000, 0x0000000800000000)
  region size 2048K, 7 young (14336K), 2 survivors (4096K)
 Metaspace       used 36626K, committed 37056K, reserved 1114112K
  class space    used 3823K, committed 4032K, reserved 1048576K
}
Event: 6.053 GC heap after
{Heap after GC invocations=18 (full 0):
 garbage-first heap   total 313344K, used 131793K [0x0000000708800000, 0x0000000800000000)
  region size 2048K, 1 young (2048K), 1 survivors (2048K)
 Metaspace       used 36626K, committed 37056K, reserved 1114112K
  class space    used 3823K, committed 4032K, reserved 1048576K
}
Event: 6.386 GC heap before
{Heap before GC invocations=18 (full 0):
 garbage-first heap   total 313344K, used 189137K [0x0000000708800000, 0x0000000800000000)
  region size 2048K, 30 young (61440K), 1 survivors (2048K)
 Metaspace       used 36628K, committed 37056K, reserved 1114112K
  class space    used 3823K, committed 4032K, reserved 1048576K
}
Event: 6.387 GC heap after
{Heap after GC invocations=19 (full 0):
 garbage-first heap   total 313344K, used 132163K [0x0000000708800000, 0x0000000800000000)
  region size 2048K, 1 young (2048K), 1 survivors (2048K)
 Metaspace       used 36628K, committed 37056K, reserved 1114112K
  class space    used 3823K, committed 4032K, reserved 1048576K
}
Event: 6.848 GC heap before
{Heap before GC invocations=19 (full 0):
 garbage-first heap   total 354304K, used 334915K [0x0000000708800000, 0x0000000800000000)
  region size 2048K, 52 young (106496K), 1 survivors (2048K)
 Metaspace       used 36628K, committed 37056K, reserved 1114112K
  class space    used 3823K, committed 4032K, reserved 1048576K
}
Event: 6.850 GC heap after
{Heap after GC invocations=20 (full 0):
 garbage-first heap   total 354304K, used 240417K [0x0000000708800000, 0x0000000800000000)
  region size 2048K, 5 young (10240K), 5 survivors (10240K)
 Metaspace       used 36628K, committed 37056K, reserved 1114112K
  class space    used 3823K, committed 4032K, reserved 1048576K
}
Event: 6.909 GC heap before
{Heap before GC invocations=20 (full 0):
 garbage-first heap   total 354304K, used 244513K [0x0000000708800000, 0x0000000800000000)
  region size 2048K, 8 young (16384K), 5 survivors (10240K)
 Metaspace       used 36628K, committed 37056K, reserved 1114112K
  class space    used 3823K, committed 4032K, reserved 1048576K
}
Event: 6.910 GC heap after
{Heap after GC invocations=21 (full 0):
 garbage-first heap   total 354304K, used 132150K [0x0000000708800000, 0x0000000800000000)
  region size 2048K, 1 young (2048K), 1 survivors (2048K)
 Metaspace       used 36628K, committed 37056K, reserved 1114112K
  class space    used 3823K, committed 4032K, reserved 1048576K
}
Event: 7.029 GC heap before
{Heap before GC invocations=21 (full 0):
 garbage-first heap   total 354304K, used 185398K [0x0000000708800000, 0x0000000800000000)
  region size 2048K, 15 young (30720K), 1 survivors (2048K)
 Metaspace       used 36629K, committed 37056K, reserved 1114112K
  class space    used 3823K, committed 4032K, reserved 1048576K
}
Event: 7.030 GC heap after
{Heap after GC invocations=22 (full 0):
 garbage-first heap   total 425984K, used 132154K [0x0000000708800000, 0x0000000800000000)
  region size 2048K, 1 young (2048K), 1 survivors (2048K)
 Metaspace       used 36629K, committed 37056K, reserved 1114112K
  class space    used 3823K, committed 4032K, reserved 1048576K
}
Event: 7.147 GC heap before
{Heap before GC invocations=22 (full 0):
 garbage-first heap   total 425984K, used 212026K [0x0000000708800000, 0x0000000800000000)
  region size 2048K, 20 young (40960K), 1 survivors (2048K)
 Metaspace       used 36632K, committed 37056K, reserved 1114112K
  class space    used 3823K, committed 4032K, reserved 1048576K
}
Event: 7.149 GC heap after
{Heap after GC invocations=23 (full 0):
 garbage-first heap   total 425984K, used 132204K [0x0000000708800000, 0x0000000800000000)
  region size 2048K, 1 young (2048K), 1 survivors (2048K)
 Metaspace       used 36632K, committed 37056K, reserved 1114112K
  class space    used 3823K, committed 4032K, reserved 1048576K
}
Event: 7.793 GC heap before
{Heap before GC invocations=23 (full 0):
 garbage-first heap   total 425984K, used 347244K [0x0000000708800000, 0x0000000800000000)
  region size 2048K, 58 young (118784K), 1 survivors (2048K)
 Metaspace       used 36690K, committed 37120K, reserved 1114112K
  class space    used 3827K, committed 4032K, reserved 1048576K
}
Event: 7.794 GC heap after
{Heap after GC invocations=24 (full 0):
 garbage-first heap   total 425984K, used 132216K [0x0000000708800000, 0x0000000800000000)
  region size 2048K, 1 young (2048K), 1 survivors (2048K)
 Metaspace       used 36690K, committed 37120K, reserved 1114112K
  class space    used 3827K, committed 4032K, reserved 1048576K
}
Event: 8.685 GC heap before
{Heap before GC invocations=24 (full 0):
 garbage-first heap   total 425984K, used 410744K [0x0000000708800000, 0x0000000800000000)
  region size 2048K, 89 young (182272K), 1 survivors (2048K)
 Metaspace       used 42218K, committed 42560K, reserved 1114112K
  class space    used 4579K, committed 4736K, reserved 1048576K
}
Event: 8.688 GC heap after
{Heap after GC invocations=25 (full 0):
 garbage-first heap   total 425984K, used 136713K [0x0000000708800000, 0x0000000800000000)
  region size 2048K, 3 young (6144K), 3 survivors (6144K)
 Metaspace       used 42218K, committed 42560K, reserved 1114112K
  class space    used 4579K, committed 4736K, reserved 1048576K
}

