# JRE version: OpenJDK Runtime Environment Temurin-17.0.8+7 (17.0.8+7) (build 17.0.8+7)
# Java VM: OpenJDK 64-Bit Server VM Temurin-17.0.8+7 (17.0.8+7, mixed mode, sharing, tiered, compressed oops, compressed class ptrs, g1 gc, linux-amd64)
Heap:
 garbage-first heap   total 266240K, used 96398K [0x0000000708800000, 0x0000000800000000)
  region size 2048K, 34 young (69632K), 6 survivors (12288K)
 Metaspace       used 52611K, committed 53056K, reserved 1114112K
  class space    used 5555K, committed 5760K, reserved 1048576K
GC Heap History (20 events):
Event: 6.265 GC heap before
{Heap before GC invocations=15 (full 0):
 garbage-first heap   total 243712K, used 166954K [0x0000000708800000, 0x0000000800000000)
  region size 2048K, 18 young (36864K), 3 survivors (6144K)
 Metaspace       used 36564K, committed 36992K, reserved 1114112K
  class space    used 3820K, committed 4032K, reserved 1048576K
}
Event: 6.267 GC heap after
{Heap after GC invocations=16 (full 0):
 garbage-first heap   total 243712K, used 142206K [0x0000000708800000, 0x0000000800000000)
  region size 2048K, 2 young (4096K), 2 survivors (4096K)
 Metaspace       used 36564K, committed 36992K, reserved 1114112K
  class space    used 3820K, committed 4032K, reserved 1048576K
}
Event: 6.337 GC heap before
{Heap before GC invocations=16 (full 0):
 garbage-first heap   total 243712K, used 146302K [0x0000000708800000, 0x0000000800000000)
  region size 2048K, 5 young (10240K), 2 survivors (4096K)
 Metaspace       used 36622K, committed 36992K, reserved 1114112K
  class space    used 3822K, committed 4032K, reserved 1048576K
}
Event: 6.338 GC heap after
{Heap after GC invocations=17 (full 0):
 garbage-first heap   total 243712K, used 138397K [0x0000000708800000, 0x0000000800000000)
  region size 2048K, 1 young (2048K), 1 survivors (2048K)
 Metaspace       used 36622K, committed 36992K, reserved 1114112K
  class space    used 3822K, committed 4032K, reserved 1048576K
}
Event: 6.431 GC heap before
{Heap before GC invocations=18 (full 0):
 garbage-first heap   total 212992K, used 82010K [0x0000000708800000, 0x0000000800000000)
  region size 2048K, 14 young (28672K), 1 survivors (2048K)
 Metaspace       used 36625K, committed 36992K, reserved 1114112K
  class space    used 3822K, committed 4032K, reserved 1048576K
}
Event: 6.432 GC heap after
{Heap after GC invocations=19 (full 0):
 garbage-first heap   total 256000K, used 30848K [0x0000000708800000, 0x0000000800000000)
  region size 2048K, 1 young (2048K), 1 survivors (2048K)
 Metaspace       used 36625K, committed 36992K, reserved 1114112K
  class space    used 3822K, committed 4032K, reserved 1048576K
}
Event: 6.897 GC heap before
{Heap before GC invocations=19 (full 0):
 garbage-first heap   total 256000K, used 235648K [0x0000000708800000, 0x0000000800000000)
  region size 2048K, 53 young (108544K), 1 survivors (2048K)
 Metaspace       used 36627K, committed 36992K, reserved 1114112K
  class space    used 3822K, committed 4032K, reserved 1048576K
}
Event: 6.898 GC heap after
{Heap after GC invocations=20 (full 0):
 garbage-first heap   total 256000K, used 30850K [0x0000000708800000, 0x0000000800000000)
  region size 2048K, 1 young (2048K), 1 survivors (2048K)
 Metaspace       used 36627K, committed 36992K, reserved 1114112K
  class space    used 3822K, committed 4032K, reserved 1048576K
}
Event: 7.423 GC heap before
{Heap before GC invocations=20 (full 0):
 garbage-first heap   total 256000K, used 239746K [0x0000000708800000, 0x0000000800000000)
  region size 2048K, 55 young (112640K), 1 survivors (2048K)
 Metaspace       used 36627K, committed 36992K, reserved 1114112K
  class space    used 3822K, committed 4032K, reserved 1048576K
}
Event: 7.424 GC heap after
{Heap after GC invocations=21 (full 0):
 garbage-first heap   total 256000K, used 30834K [0x0000000708800000, 0x0000000800000000)
  region size 2048K, 1 young (2048K), 1 survivors (2048K)
 Metaspace       used 36627K, committed 36992K, reserved 1114112K
  class space    used 3822K, committed 4032K, reserved 1048576K
}
Event: 7.669 GC heap before
{Heap before GC invocations=21 (full 0):
 garbage-first heap   total 256000K, used 166002K [0x0000000708800000, 0x0000000800000000)
  region size 2048K, 34 young (69632K), 1 survivors (2048K)
 Metaspace       used 36631K, committed 36992K, reserved 1114112K
  class space    used 3822K, committed 4032K, reserved 1048576K
}
Event: 7.670 GC heap after
{Heap after GC invocations=22 (full 0):
 garbage-first heap   total 256000K, used 30878K [0x0000000708800000, 0x0000000800000000)
  region size 2048K, 1 young (2048K), 1 survivors (2048K)
 Metaspace       used 36631K, committed 36992K, reserved 1114112K
  class space    used 3822K, committed 4032K, reserved 1048576K
}
Event: 8.248 GC heap before
{Heap before GC invocations=22 (full 0):
 garbage-first heap   total 256000K, used 243870K [0x0000000708800000, 0x0000000800000000)
  region size 2048K, 57 young (116736K), 1 survivors (2048K)
 Metaspace       used 36631K, committed 36992K, reserved 1114112K
  class space    used 3822K, committed 4032K, reserved 1048576K
}
Event: 8.252 GC heap after
{Heap after GC invocations=23 (full 0):
 garbage-first heap   total 266240K, used 145897K [0x0000000708800000, 0x0000000800000000)
  region size 2048K, 8 young (16384K), 8 survivors (16384K)
 Metaspace       used 36631K, committed 36992K, reserved 1114112K
  class space    used 3822K, committed 4032K, reserved 1048576K
}
Event: 8.310 GC heap before
{Heap before GC invocations=23 (full 0):
 garbage-first heap   total 266240K, used 145897K [0x0000000708800000, 0x0000000800000000)
  region size 2048K, 9 young (18432K), 8 survivors (16384K)
 Metaspace       used 36688K, committed 37120K, reserved 1114112K
  class space    used 3827K, committed 4032K, reserved 1048576K
}
Event: 8.311 GC heap after
{Heap after GC invocations=24 (full 0):
 garbage-first heap   total 266240K, used 30909K [0x0000000708800000, 0x0000000800000000)
  region size 2048K, 1 young (2048K), 1 survivors (2048K)
 Metaspace       used 36688K, committed 37120K, reserved 1114112K
  class space    used 3827K, committed 4032K, reserved 1048576K
}
Event: 9.058 GC heap before
{Heap before GC invocations=24 (full 0):
 garbage-first heap   total 266240K, used 247997K [0x0000000708800000, 0x0000000800000000)
  region size 2048K, 59 young (120832K), 1 survivors (2048K)
 Metaspace       used 39448K, committed 39872K, reserved 1114112K
  class space    used 4135K, committed 4352K, reserved 1048576K
}
Event: 9.059 GC heap after
{Heap after GC invocations=25 (full 0):
 garbage-first heap   total 266240K, used 32026K [0x0000000708800000, 0x0000000800000000)
  region size 2048K, 1 young (2048K), 1 survivors (2048K)
 Metaspace       used 39448K, committed 39872K, reserved 1114112K
  class space    used 4135K, committed 4352K, reserved 1048576K
}
Event: 10.318 GC heap before
{Heap before GC invocations=25 (full 0):
 garbage-first heap   total 266240K, used 189722K [0x0000000708800000, 0x0000000800000000)
  region size 2048K, 78 young (159744K), 1 survivors (2048K)
 Metaspace       used 49696K, committed 50048K, reserved 1114112K
  class space    used 5324K, committed 5504K, reserved 1048576K
}
Event: 10.321 GC heap after
{Heap after GC invocations=26 (full 0):
 garbage-first heap   total 266240K, used 41100K [0x0000000708800000, 0x0000000800000000)
  region size 2048K, 6 young (12288K), 6 survivors (12288K)
 Metaspace       used 49696K, committed 50048K, reserved 1114112K
  class space    used 5324K, committed 5504K, reserved 1048576K
}

