# JRE version: OpenJDK Runtime Environment Temurin-17.0.8+7 (17.0.8+7) (build 17.0.8+7)
# Java VM: OpenJDK 64-Bit Server VM Temurin-17.0.8+7 (17.0.8+7, mixed mode, sharing, tiered, compressed oops, compressed class ptrs, g1 gc, linux-amd64)
Heap:
 garbage-first heap   total 122880K, used 45327K [0x0000000708800000, 0x0000000800000000)
  region size 2048K, 5 young (10240K), 2 survivors (4096K)
 Metaspace       used 52373K, committed 52800K, reserved 1114112K
  class space    used 5564K, committed 5760K, reserved 1048576K
GC Heap History (20 events):
Event: 5.419 GC heap before
{Heap before GC invocations=11 (full 0):
 garbage-first heap   total 81920K, used 63395K [0x0000000708800000, 0x0000000800000000)
  region size 2048K, 6 young (12288K), 2 survivors (4096K)
 Metaspace       used 36466K, committed 36864K, reserved 1114112K
  class space    used 3815K, committed 4032K, reserved 1048576K
}
Event: 5.420 GC heap after
{Heap after GC invocations=12 (full 0):
 garbage-first heap   total 98304K, used 58345K [0x0000000708800000, 0x0000000800000000)
  region size 2048K, 1 young (2048K), 1 survivors (2048K)
 Metaspace       used 36466K, committed 36864K, reserved 1114112K
  class space    used 3815K, committed 4032K, reserved 1048576K
}
Event: 5.554 GC heap before
{Heap before GC invocations=13 (full 0):
 garbage-first heap   total 206848K, used 175081K [0x0000000708800000, 0x0000000800000000)
  region size 2048K, 10 young (20480K), 1 survivors (2048K)
 Metaspace       used 36685K, committed 37056K, reserved 1114112K
  class space    used 3839K, committed 4032K, reserved 1048576K
}
Event: 5.555 GC heap after
{Heap after GC invocations=14 (full 0):
 garbage-first heap   total 206848K, used 157912K [0x0000000708800000, 0x0000000800000000)
  region size 2048K, 1 young (2048K), 1 survivors (2048K)
 Metaspace       used 36685K, committed 37056K, reserved 1114112K
  class space    used 3839K, committed 4032K, reserved 1048576K
}
Event: 5.579 GC heap before
{Heap before GC invocations=14 (full 0):
 garbage-first heap   total 206848K, used 164056K [0x0000000708800000, 0x0000000800000000)
  region size 2048K, 5 young (10240K), 1 survivors (2048K)
 Metaspace       used 36685K, committed 37056K, reserved 1114112K
  class space    used 3839K, committed 4032K, reserved 1048576K
}
Event: 5.580 GC heap after
{Heap after GC invocations=15 (full 0):
 garbage-first heap   total 206848K, used 156032K [0x0000000708800000, 0x0000000800000000)
  region size 2048K, 1 young (2048K), 1 survivors (2048K)
 Metaspace       used 36685K, committed 37056K, reserved 1114112K
  class space    used 3839K, committed 4032K, reserved 1048576K
}
Event: 5.627 GC heap before
{Heap before GC invocations=15 (full 0):
 garbage-first heap   total 206848K, used 170368K [0x0000000708800000, 0x0000000800000000)
  region size 2048K, 9 young (18432K), 1 survivors (2048K)
 Metaspace       used 36685K, committed 37056K, reserved 1114112K
  class space    used 3839K, committed 4032K, reserved 1048576K
}
Event: 5.628 GC heap after
{Heap after GC invocations=16 (full 0):
 garbage-first heap   total 206848K, used 156304K [0x0000000708800000, 0x0000000800000000)
  region size 2048K, 1 young (2048K), 1 survivors (2048K)
 Metaspace       used 36685K, committed 37056K, reserved 1114112K
  class space    used 3839K, committed 4032K, reserved 1048576K
}
Event: 5.689 GC heap before
{Heap before GC invocations=17 (full 0):
 garbage-first heap   total 229376K, used 146064K [0x0000000708800000, 0x0000000800000000)
  region size 2048K, 10 young (20480K), 1 survivors (2048K)
 Metaspace       used 36685K, committed 37056K, reserved 1114112K
  class space    used 3839K, committed 4032K, reserved 1048576K
}
Event: 5.690 GC heap after
{Heap after GC invocations=18 (full 0):
 garbage-first heap   total 229376K, used 130224K [0x0000000708800000, 0x0000000800000000)
  region size 2048K, 1 young (2048K), 1 survivors (2048K)
 Metaspace       used 36685K, committed 37056K, reserved 1114112K
  class space    used 3839K, committed 4032K, reserved 1048576K
}
Event: 6.102 GC heap before
{Heap before GC invocations=18 (full 0):
 garbage-first heap   total 229376K, used 189616K [0x0000000708800000, 0x0000000800000000)
  region size 2048K, 30 young (61440K), 1 survivors (2048K)
 Metaspace       used 39402K, committed 39808K, reserved 1114112K
  class space    used 4147K, committed 4352K, reserved 1048576K
}
Event: 6.104 GC heap after
{Heap after GC invocations=19 (full 0):
 garbage-first heap   total 276480K, used 29933K [0x0000000708800000, 0x0000000800000000)
  region size 2048K, 1 young (2048K), 1 survivors (2048K)
 Metaspace       used 39402K, committed 39808K, reserved 1114112K
  class space    used 4147K, committed 4352K, reserved 1048576K
}
Event: 6.615 GC heap before
{Heap before GC invocations=20 (full 0):
 garbage-first heap   total 122880K, used 101613K [0x0000000708800000, 0x0000000800000000)
  region size 2048K, 36 young (73728K), 1 survivors (2048K)
 Metaspace       used 43528K, committed 43968K, reserved 1114112K
  class space    used 4735K, committed 4928K, reserved 1048576K
}
Event: 6.617 GC heap after
{Heap after GC invocations=21 (full 0):
 garbage-first heap   total 122880K, used 33523K [0x0000000708800000, 0x0000000800000000)
  region size 2048K, 3 young (6144K), 3 survivors (6144K)
 Metaspace       used 43528K, committed 43968K, reserved 1114112K
  class space    used 4735K, committed 4928K, reserved 1048576K
}
Event: 6.683 GC heap before
{Heap before GC invocations=21 (full 0):
 garbage-first heap   total 122880K, used 35571K [0x0000000708800000, 0x0000000800000000)
  region size 2048K, 4 young (8192K), 3 survivors (6144K)
 Metaspace       used 44308K, committed 44736K, reserved 1114112K
  class space    used 4815K, committed 4992K, reserved 1048576K
}
Event: 6.685 GC heap after
{Heap after GC invocations=22 (full 0):
 garbage-first heap   total 122880K, used 32391K [0x0000000708800000, 0x0000000800000000)
  region size 2048K, 1 young (2048K), 1 survivors (2048K)
 Metaspace       used 44308K, committed 44736K, reserved 1114112K
  class space    used 4815K, committed 4992K, reserved 1048576K
}
Event: 7.242 GC heap before
{Heap before GC invocations=22 (full 0):
 garbage-first heap   total 122880K, used 95879K [0x0000000708800000, 0x0000000800000000)
  region size 2048K, 32 young (65536K), 1 survivors (2048K)
 Metaspace       used 49485K, committed 49856K, reserved 1114112K
  class space    used 5331K, committed 5504K, reserved 1048576K
}
Event: 7.245 GC heap after
{Heap after GC invocations=23 (full 0):
 garbage-first heap   total 122880K, used 36876K [0x0000000708800000, 0x0000000800000000)
  region size 2048K, 3 young (6144K), 3 survivors (6144K)
 Metaspace       used 49485K, committed 49856K, reserved 1114112K
  class space    used 5331K, committed 5504K, reserved 1048576K
}
Event: 7.792 GC heap before
{Heap before GC invocations=23 (full 0):
 garbage-first heap   total 122880K, used 94220K [0x0000000708800000, 0x0000000800000000)
  region size 2048K, 31 young (63488K), 3 survivors (6144K)
 Metaspace       used 51626K, committed 52096K, reserved 1114112K
  class space    used 5532K, committed 5760K, reserved 1048576K
}
Event: 7.795 GC heap after
{Heap after GC invocations=24 (full 0):
 garbage-first heap   total 122880K, used 39691K [0x0000000708800000, 0x0000000800000000)
  region size 2048K, 2 young (4096K), 2 survivors (4096K)
 Metaspace       used 51626K, committed 52096K, reserved 1114112K
  class space    used 5532K, committed 5760K, reserved 1048576K
}

