# JRE version: OpenJDK Runtime Environment Temurin-17.0.8+7 (17.0.8+7) (build 17.0.8+7)
# Java VM: OpenJDK 64-Bit Server VM Temurin-17.0.8+7 (17.0.8+7, mixed mode, sharing, tiered, compressed oops, compressed class ptrs, g1 gc, linux-amd64)
Heap:
 garbage-first heap   total 137216K, used 78909K [0x0000000708800000, 0x0000000800000000)
  region size 2048K, 24 young (49152K), 3 survivors (6144K)
 Metaspace       used 52550K, committed 52992K, reserved 1114112K
  class space    used 5550K, committed 5760K, reserved 1048576K
GC Heap History (20 events):
Event: 7.308 GC heap before
{Heap before GC invocations=21 (full 0):
 garbage-first heap   total 219136K, used 167202K [0x0000000708800000, 0x0000000800000000)
  region size 2048K, 20 young (40960K), 3 survivors (6144K)
 Metaspace       used 36617K, committed 36992K, reserved 1114112K
  class space    used 3822K, committed 4032K, reserved 1048576K
}
Event: 7.309 GC heap after
{Heap after GC invocations=22 (full 0):
 garbage-first heap   total 219136K, used 30836K [0x0000000708800000, 0x0000000800000000)
  region size 2048K, 1 young (2048K), 1 survivors (2048K)
 Metaspace       used 36617K, committed 36992K, reserved 1114112K
  class space    used 3822K, committed 4032K, reserved 1048576K
}
Event: 7.550 GC heap before
{Heap before GC invocations=22 (full 0):
 garbage-first heap   total 219136K, used 151668K [0x0000000708800000, 0x0000000800000000)
  region size 2048K, 31 young (63488K), 1 survivors (2048K)
 Metaspace       used 36620K, committed 36992K, reserved 1114112K
  class space    used 3822K, committed 4032K, reserved 1048576K
}
Event: 7.550 GC heap after
{Heap after GC invocations=23 (full 0):
 garbage-first heap   total 219136K, used 30851K [0x0000000708800000, 0x0000000800000000)
  region size 2048K, 1 young (2048K), 1 survivors (2048K)
 Metaspace       used 36620K, committed 36992K, reserved 1114112K
  class space    used 3822K, committed 4032K, reserved 1048576K
}
Event: 7.578 GC heap before
{Heap before GC invocations=23 (full 0):
 garbage-first heap   total 219136K, used 45187K [0x0000000708800000, 0x0000000800000000)
  region size 2048K, 5 young (10240K), 1 survivors (2048K)
 Metaspace       used 36621K, committed 36992K, reserved 1114112K
  class space    used 3822K, committed 4032K, reserved 1048576K
}
Event: 7.579 GC heap after
{Heap after GC invocations=24 (full 0):
 garbage-first heap   total 219136K, used 30877K [0x0000000708800000, 0x0000000800000000)
  region size 2048K, 1 young (2048K), 1 survivors (2048K)
 Metaspace       used 36621K, committed 36992K, reserved 1114112K
  class space    used 3822K, committed 4032K, reserved 1048576K
}
Event: 8.014 GC heap before
{Heap before GC invocations=24 (full 0):
 garbage-first heap   total 219136K, used 207005K [0x0000000708800000, 0x0000000800000000)
  region size 2048K, 39 young (79872K), 1 survivors (2048K)
 Metaspace       used 36621K, committed 36992K, reserved 1114112K
  class space    used 3822K, committed 4032K, reserved 1048576K
}
Event: 8.017 GC heap after
{Heap after GC invocations=25 (full 0):
 garbage-first heap   total 225280K, used 140798K [0x0000000708800000, 0x0000000800000000)
  region size 2048K, 5 young (10240K), 5 survivors (10240K)
 Metaspace       used 36621K, committed 36992K, reserved 1114112K
  class space    used 3822K, committed 4032K, reserved 1048576K
}
Event: 8.263 GC heap before
{Heap before GC invocations=25 (full 0):
 garbage-first heap   total 225280K, used 177662K [0x0000000708800000, 0x0000000800000000)
  region size 2048K, 24 young (49152K), 5 survivors (10240K)
 Metaspace       used 36679K, committed 37120K, reserved 1114112K
  class space    used 3827K, committed 4032K, reserved 1048576K
}
Event: 8.264 GC heap after
{Heap after GC invocations=26 (full 0):
 garbage-first heap   total 225280K, used 30904K [0x0000000708800000, 0x0000000800000000)
  region size 2048K, 1 young (2048K), 1 survivors (2048K)
 Metaspace       used 36679K, committed 37120K, reserved 1114112K
  class space    used 3827K, committed 4032K, reserved 1048576K
}
Event: 8.516 GC heap before
{Heap before GC invocations=26 (full 0):
 garbage-first heap   total 225280K, used 211128K [0x0000000708800000, 0x0000000800000000)
  region size 2048K, 41 young (83968K), 1 survivors (2048K)
 Metaspace       used 36679K, committed 37120K, reserved 1114112K
  class space    used 3827K, committed 4032K, reserved 1048576K
}
Event: 8.516 GC heap after
{Heap after GC invocations=27 (full 0):
 garbage-first heap   total 225280K, used 132755K [0x0000000708800000, 0x0000000800000000)
  region size 2048K, 1 young (2048K), 1 survivors (2048K)
 Metaspace       used 36679K, committed 37120K, reserved 1114112K
  class space    used 3827K, committed 4032K, reserved 1048576K
}
Event: 9.037 GC heap before
{Heap before GC invocations=27 (full 0):
 garbage-first heap   total 225280K, used 190099K [0x0000000708800000, 0x0000000800000000)
  region size 2048K, 29 young (59392K), 1 survivors (2048K)
 Metaspace       used 41000K, committed 41344K, reserved 1114112K
  class space    used 4428K, committed 4608K, reserved 1048576K
}
Event: 9.039 GC heap after
{Heap after GC invocations=28 (full 0):
 garbage-first heap   total 225280K, used 33338K [0x0000000708800000, 0x0000000800000000)
  region size 2048K, 2 young (4096K), 2 survivors (4096K)
 Metaspace       used 41000K, committed 41344K, reserved 1114112K
  class space    used 4428K, committed 4608K, reserved 1048576K
}
Event: 9.773 GC heap before
{Heap before GC invocations=29 (full 0):
 garbage-first heap   total 137216K, used 111162K [0x0000000708800000, 0x0000000800000000)
  region size 2048K, 40 young (81920K), 2 survivors (4096K)
 Metaspace       used 46389K, committed 46848K, reserved 1114112K
  class space    used 5007K, committed 5248K, reserved 1048576K
}
Event: 9.776 GC heap after
{Heap after GC invocations=30 (full 0):
 garbage-first heap   total 137216K, used 37345K [0x0000000708800000, 0x0000000800000000)
  region size 2048K, 4 young (8192K), 4 survivors (8192K)
 Metaspace       used 46389K, committed 46848K, reserved 1114112K
  class space    used 5007K, committed 5248K, reserved 1048576K
}
Event: 9.809 GC heap before
{Heap before GC invocations=30 (full 0):
 garbage-first heap   total 137216K, used 39393K [0x0000000708800000, 0x0000000800000000)
  region size 2048K, 5 young (10240K), 4 survivors (8192K)
 Metaspace       used 46719K, committed 47104K, reserved 1114112K
  class space    used 5051K, committed 5248K, reserved 1048576K
}
Event: 9.811 GC heap after
{Heap after GC invocations=31 (full 0):
 garbage-first heap   total 137216K, used 34233K [0x0000000708800000, 0x0000000800000000)
  region size 2048K, 1 young (2048K), 1 survivors (2048K)
 Metaspace       used 46719K, committed 47104K, reserved 1114112K
  class space    used 5051K, committed 5248K, reserved 1048576K
}
Event: 10.362 GC heap before
{Heap before GC invocations=31 (full 0):
 garbage-first heap   total 137216K, used 105913K [0x0000000708800000, 0x0000000800000000)
  region size 2048K, 36 young (73728K), 1 survivors (2048K)
 Metaspace       used 50667K, committed 51072K, reserved 1114112K
  class space    used 5434K, committed 5632K, reserved 1048576K
}
Event: 10.364 GC heap after
{Heap after GC invocations=32 (full 0):
 garbage-first heap   total 137216K, used 37947K [0x0000000708800000, 0x0000000800000000)
  region size 2048K, 3 young (6144K), 3 survivors (6144K)
 Metaspace       used 50667K, committed 51072K, reserved 1114112K
  class space    used 5434K, committed 5632K, reserved 1048576K
}

