# JRE version: OpenJDK Runtime Environment Temurin-17.0.8+7 (17.0.8+7) (build 17.0.8+7)
# Java VM: OpenJDK 64-Bit Server VM Temurin-17.0.8+7 (17.0.8+7, mixed mode, sharing, tiered, compressed oops, compressed class ptrs, g1 gc, linux-amd64)
Heap:
 garbage-first heap   total 268288K, used 82904K [0x0000000708800000, 0x0000000800000000)
  region size 2048K, 29 young (59392K), 6 survivors (12288K)
 Metaspace       used 52514K, committed 52992K, reserved 1114112K
  class space    used 5565K, committed 5760K, reserved 1048576K
GC Heap History (20 events):
Event: 3.655 GC heap before
{Heap before GC invocations=4 (full 0):
 garbage-first heap   total 75776K, used 57711K [0x0000000708800000, 0x0000000800000000)
  region size 2048K, 29 young (59392K), 8 survivors (16384K)
 Metaspace       used 24579K, committed 24832K, reserved 1114112K
  class space    used 2770K, committed 2880K, reserved 1048576K
}
Event: 3.661 GC heap after
{Heap after GC invocations=5 (full 0):
 garbage-first heap   total 90112K, used 27418K [0x0000000708800000, 0x0000000800000000)
  region size 2048K, 10 young (20480K), 10 survivors (20480K)
 Metaspace       used 24579K, committed 24832K, reserved 1114112K
  class space    used 2770K, committed 2880K, reserved 1048576K
}
Event: 4.113 GC heap before
{Heap before GC invocations=5 (full 0):
 garbage-first heap   total 90112K, used 54042K [0x0000000708800000, 0x0000000800000000)
  region size 2048K, 24 young (49152K), 10 survivors (20480K)
 Metaspace       used 26720K, committed 27008K, reserved 1114112K
  class space    used 2942K, committed 3136K, reserved 1048576K
}
Event: 4.116 GC heap after
{Heap after GC invocations=6 (full 0):
 garbage-first heap   total 90112K, used 25036K [0x0000000708800000, 0x0000000800000000)
  region size 2048K, 3 young (6144K), 3 survivors (6144K)
 Metaspace       used 26720K, committed 27008K, reserved 1114112K
  class space    used 2942K, committed 3136K, reserved 1048576K
}
Event: 4.907 GC heap before
{Heap before GC invocations=6 (full 0):
 garbage-first heap   total 90112K, used 53708K [0x0000000708800000, 0x0000000800000000)
  region size 2048K, 19 young (38912K), 3 survivors (6144K)
 Metaspace       used 35763K, committed 36096K, reserved 1114112K
  class space    used 3721K, committed 3904K, reserved 1048576K
}
Event: 4.909 GC heap after
{Heap after GC invocations=7 (full 0):
 garbage-first heap   total 90112K, used 27735K [0x0000000708800000, 0x0000000800000000)
  region size 2048K, 2 young (4096K), 2 survivors (4096K)
 Metaspace       used 35763K, committed 36096K, reserved 1114112K
  class space    used 3721K, committed 3904K, reserved 1048576K
}
Event: 5.143 GC heap before
{Heap before GC invocations=8 (full 0):
 garbage-first heap   total 102400K, used 85079K [0x0000000708800000, 0x0000000800000000)
  region size 2048K, 17 young (34816K), 2 survivors (4096K)
 Metaspace       used 36464K, committed 36864K, reserved 1114112K
  class space    used 3817K, committed 4032K, reserved 1048576K
}
Event: 5.144 GC heap after
{Heap after GC invocations=9 (full 0):
 garbage-first heap   total 102400K, used 57777K [0x0000000708800000, 0x0000000800000000)
  region size 2048K, 3 young (6144K), 3 survivors (6144K)
 Metaspace       used 36464K, committed 36864K, reserved 1114112K
  class space    used 3817K, committed 4032K, reserved 1048576K
}
Event: 5.196 GC heap before
{Heap before GC invocations=9 (full 0):
 garbage-first heap   total 186368K, used 160177K [0x0000000708800000, 0x0000000800000000)
  region size 2048K, 4 young (8192K), 3 survivors (6144K)
 Metaspace       used 36608K, committed 36992K, reserved 1114112K
  class space    used 3838K, committed 4032K, reserved 1048576K
}
Event: 5.197 GC heap after
{Heap after GC invocations=10 (full 0):
 garbage-first heap   total 186368K, used 127382K [0x0000000708800000, 0x0000000800000000)
  region size 2048K, 1 young (2048K), 1 survivors (2048K)
 Metaspace       used 36608K, committed 36992K, reserved 1114112K
  class space    used 3838K, committed 4032K, reserved 1048576K
}
Event: 5.293 GC heap before
{Heap before GC invocations=10 (full 0):
 garbage-first heap   total 186368K, used 149910K [0x0000000708800000, 0x0000000800000000)
  region size 2048K, 13 young (26624K), 1 survivors (2048K)
 Metaspace       used 36644K, committed 37056K, reserved 1114112K
  class space    used 3838K, committed 4032K, reserved 1048576K
}
Event: 5.294 GC heap after
{Heap after GC invocations=11 (full 0):
 garbage-first heap   total 186368K, used 128021K [0x0000000708800000, 0x0000000800000000)
  region size 2048K, 1 young (2048K), 1 survivors (2048K)
 Metaspace       used 36644K, committed 37056K, reserved 1114112K
  class space    used 3838K, committed 4032K, reserved 1048576K
}
Event: 5.407 GC heap before
{Heap before GC invocations=12 (full 0):
 garbage-first heap   total 223232K, used 152597K [0x0000000708800000, 0x0000000800000000)
  region size 2048K, 13 young (26624K), 1 survivors (2048K)
 Metaspace       used 36644K, committed 37056K, reserved 1114112K
  class space    used 3838K, committed 4032K, reserved 1048576K
}
Event: 5.409 GC heap after
{Heap after GC invocations=13 (full 0):
 garbage-first heap   total 268288K, used 129174K [0x0000000708800000, 0x0000000800000000)
  region size 2048K, 2 young (4096K), 2 survivors (4096K)
 Metaspace       used 36644K, committed 37056K, reserved 1114112K
  class space    used 3838K, committed 4032K, reserved 1048576K
}
Event: 5.661 GC heap before
{Heap before GC invocations=13 (full 0):
 garbage-first heap   total 268288K, used 186518K [0x0000000708800000, 0x0000000800000000)
  region size 2048K, 31 young (63488K), 2 survivors (4096K)
 Metaspace       used 36742K, committed 37120K, reserved 1114112K
  class space    used 3844K, committed 4032K, reserved 1048576K
}
Event: 5.662 GC heap after
{Heap after GC invocations=14 (full 0):
 garbage-first heap   total 268288K, used 26172K [0x0000000708800000, 0x0000000800000000)
  region size 2048K, 1 young (2048K), 1 survivors (2048K)
 Metaspace       used 36742K, committed 37120K, reserved 1114112K
  class space    used 3844K, committed 4032K, reserved 1048576K
}
Event: 6.313 GC heap before
{Heap before GC invocations=14 (full 0):
 garbage-first heap   total 268288K, used 243260K [0x0000000708800000, 0x0000000800000000)
  region size 2048K, 59 young (120832K), 1 survivors (2048K)
 Metaspace       used 39499K, committed 39872K, reserved 1114112K
  class space    used 4152K, committed 4352K, reserved 1048576K
}
Event: 6.314 GC heap after
{Heap after GC invocations=15 (full 0):
 garbage-first heap   total 268288K, used 27267K [0x0000000708800000, 0x0000000800000000)
  region size 2048K, 1 young (2048K), 1 survivors (2048K)
 Metaspace       used 39499K, committed 39872K, reserved 1114112K
  class space    used 4152K, committed 4352K, reserved 1048576K
}
Event: 7.576 GC heap before
{Heap before GC invocations=15 (full 0):
 garbage-first heap   total 268288K, used 184963K [0x0000000708800000, 0x0000000800000000)
  region size 2048K, 78 young (159744K), 1 survivors (2048K)
 Metaspace       used 49759K, committed 50112K, reserved 1114112K
  class space    used 5340K, committed 5504K, reserved 1048576K
}
Event: 7.578 GC heap after
{Heap after GC invocations=16 (full 0):
 garbage-first heap   total 268288K, used 36372K [0x0000000708800000, 0x0000000800000000)
  region size 2048K, 6 young (12288K), 6 survivors (12288K)
 Metaspace       used 49759K, committed 50112K, reserved 1114112K
  class space    used 5340K, committed 5504K, reserved 1048576K
}

