# JRE version: OpenJDK Runtime Environment Temurin-17.0.8+7 (17.0.8+7) (build 17.0.8+7)
# Java VM: OpenJDK 64-Bit Server VM Temurin-17.0.8+7 (17.0.8+7, mixed mode, sharing, tiered, compressed oops, compressed class ptrs, g1 gc, linux-amd64)
Heap:
 garbage-first heap   total 268288K, used 185347K [0x0000000708800000, 0x0000000800000000)
  region size 2048K, 78 young (159744K), 3 survivors (6144K)
 Metaspace       used 52615K, committed 53056K, reserved 1114112K
  class space    used 5567K, committed 5760K, reserved 1048576K
GC Heap History (20 events):
Event: 3.260 GC heap before
{Heap before GC invocations=2 (full 0):
 garbage-first heap   total 258048K, used 134139K [0x0000000708800000, 0x0000000800000000)
  region size 2048K, 66 young (135168K), 3 survivors (6144K)
 Metaspace       used 21288K, committed 21504K, reserved 1114112K
  class space    used 2422K, committed 2560K, reserved 1048576K
}
Event: 3.265 GC heap after
{Heap after GC invocations=3 (full 0):
 garbage-first heap   total 258048K, used 16757K [0x0000000708800000, 0x0000000800000000)
  region size 2048K, 8 young (16384K), 8 survivors (16384K)
 Metaspace       used 21288K, committed 21504K, reserved 1114112K
  class space    used 2422K, committed 2560K, reserved 1048576K
}
Event: 3.830 GC heap before
{Heap before GC invocations=4 (full 0):
 garbage-first heap   total 75776K, used 57717K [0x0000000708800000, 0x0000000800000000)
  region size 2048K, 29 young (59392K), 8 survivors (16384K)
 Metaspace       used 24508K, committed 24768K, reserved 1114112K
  class space    used 2755K, committed 2880K, reserved 1048576K
}
Event: 3.838 GC heap after
{Heap after GC invocations=5 (full 0):
 garbage-first heap   total 90112K, used 27409K [0x0000000708800000, 0x0000000800000000)
  region size 2048K, 10 young (20480K), 10 survivors (20480K)
 Metaspace       used 24508K, committed 24768K, reserved 1114112K
  class space    used 2755K, committed 2880K, reserved 1048576K
}
Event: 4.281 GC heap before
{Heap before GC invocations=5 (full 0):
 garbage-first heap   total 90112K, used 54033K [0x0000000708800000, 0x0000000800000000)
  region size 2048K, 24 young (49152K), 10 survivors (20480K)
 Metaspace       used 26726K, committed 27072K, reserved 1114112K
  class space    used 2942K, committed 3136K, reserved 1048576K
}
Event: 4.284 GC heap after
{Heap after GC invocations=6 (full 0):
 garbage-first heap   total 90112K, used 25367K [0x0000000708800000, 0x0000000800000000)
  region size 2048K, 3 young (6144K), 3 survivors (6144K)
 Metaspace       used 26726K, committed 27072K, reserved 1114112K
  class space    used 2942K, committed 3136K, reserved 1048576K
}
Event: 5.108 GC heap before
{Heap before GC invocations=6 (full 0):
 garbage-first heap   total 90112K, used 56087K [0x0000000708800000, 0x0000000800000000)
  region size 2048K, 19 young (38912K), 3 survivors (6144K)
 Metaspace       used 35752K, committed 36096K, reserved 1114112K
  class space    used 3719K, committed 3904K, reserved 1048576K
}
Event: 5.110 GC heap after
{Heap after GC invocations=7 (full 0):
 garbage-first heap   total 90112K, used 28043K [0x0000000708800000, 0x0000000800000000)
  region size 2048K, 2 young (4096K), 2 survivors (4096K)
 Metaspace       used 35752K, committed 36096K, reserved 1114112K
  class space    used 3719K, committed 3904K, reserved 1048576K
}
Event: 5.384 GC heap before
{Heap before GC invocations=8 (full 0):
 garbage-first heap   total 102400K, used 85387K [0x0000000708800000, 0x0000000800000000)
  region size 2048K, 18 young (36864K), 2 survivors (4096K)
 Metaspace       used 36624K, committed 37056K, reserved 1114112K
  class space    used 3837K, committed 4032K, reserved 1048576K
}
Event: 5.385 GC heap after
{Heap after GC invocations=9 (full 0):
 garbage-first heap   total 102400K, used 27597K [0x0000000708800000, 0x0000000800000000)
  region size 2048K, 2 young (4096K), 2 survivors (4096K)
 Metaspace       used 36624K, committed 37056K, reserved 1114112K
  class space    used 3837K, committed 4032K, reserved 1048576K
}
Event: 5.408 GC heap before
{Heap before GC invocations=9 (full 0):
 garbage-first heap   total 141312K, used 127949K [0x0000000708800000, 0x0000000800000000)
  region size 2048K, 3 young (6144K), 2 survivors (4096K)
 Metaspace       used 36655K, committed 37056K, reserved 1114112K
  class space    used 3840K, committed 4032K, reserved 1048576K
}
Event: 5.409 GC heap after
{Heap after GC invocations=10 (full 0):
 garbage-first heap   total 141312K, used 126600K [0x0000000708800000, 0x0000000800000000)
  region size 2048K, 1 young (2048K), 1 survivors (2048K)
 Metaspace       used 36655K, committed 37056K, reserved 1114112K
  class space    used 3840K, committed 4032K, reserved 1048576K
}
Event: 5.422 GC heap before
{Heap before GC invocations=10 (full 0):
 garbage-first heap   total 141312K, used 128648K [0x0000000708800000, 0x0000000800000000)
  region size 2048K, 3 young (6144K), 1 survivors (2048K)
 Metaspace       used 36670K, committed 37120K, reserved 1114112K
  class space    used 3840K, committed 4032K, reserved 1048576K
}
Event: 5.422 GC heap after
{Heap after GC invocations=11 (full 0):
 garbage-first heap   total 141312K, used 126335K [0x0000000708800000, 0x0000000800000000)
  region size 2048K, 1 young (2048K), 1 survivors (2048K)
 Metaspace       used 36670K, committed 37120K, reserved 1114112K
  class space    used 3840K, committed 4032K, reserved 1048576K
}
Event: 5.437 GC heap before
{Heap before GC invocations=12 (full 0):
 garbage-first heap   total 223232K, used 128383K [0x0000000708800000, 0x0000000800000000)
  region size 2048K, 3 young (6144K), 1 survivors (2048K)
 Metaspace       used 36691K, committed 37120K, reserved 1114112K
  class space    used 3841K, committed 4032K, reserved 1048576K
}
Event: 5.439 GC heap after
{Heap after GC invocations=13 (full 0):
 garbage-first heap   total 268288K, used 126390K [0x0000000708800000, 0x0000000800000000)
  region size 2048K, 1 young (2048K), 1 survivors (2048K)
 Metaspace       used 36691K, committed 37120K, reserved 1114112K
  class space    used 3841K, committed 4032K, reserved 1048576K
}
Event: 5.715 GC heap before
{Heap before GC invocations=13 (full 0):
 garbage-first heap   total 268288K, used 206262K [0x0000000708800000, 0x0000000800000000)
  region size 2048K, 40 young (81920K), 1 survivors (2048K)
 Metaspace       used 36691K, committed 37120K, reserved 1114112K
  class space    used 3841K, committed 4032K, reserved 1048576K
}
Event: 5.717 GC heap after
{Heap after GC invocations=14 (full 0):
 garbage-first heap   total 268288K, used 127855K [0x0000000708800000, 0x0000000800000000)
  region size 2048K, 1 young (2048K), 1 survivors (2048K)
 Metaspace       used 36691K, committed 37120K, reserved 1114112K
  class space    used 3841K, committed 4032K, reserved 1048576K
}
Event: 6.396 GC heap before
{Heap before GC invocations=15 (full 0):
 garbage-first heap   total 268288K, used 211823K [0x0000000708800000, 0x0000000800000000)
  region size 2048K, 42 young (86016K), 1 survivors (2048K)
 Metaspace       used 42217K, committed 42688K, reserved 1114112K
  class space    used 4591K, committed 4800K, reserved 1048576K
}
Event: 6.400 GC heap after
{Heap after GC invocations=16 (full 0):
 garbage-first heap   total 268288K, used 30209K [0x0000000708800000, 0x0000000800000000)
  region size 2048K, 3 young (6144K), 3 survivors (6144K)
 Metaspace       used 42217K, committed 42688K, reserved 1114112K
  class space    used 4591K, committed 4800K, reserved 1048576K
}

