# JRE version: OpenJDK Runtime Environment Temurin-17.0.8+7 (17.0.8+7) (build 17.0.8+7)
# Java VM: OpenJDK 64-Bit Server VM Temurin-17.0.8+7 (17.0.8+7, mixed mode, sharing, tiered, compressed oops, compressed class ptrs, g1 gc, linux-amd64)
Heap:
 garbage-first heap   total 245760K, used 105489K [0x0000000708800000, 0x0000000800000000)
  region size 2048K, 41 young (83968K), 6 survivors (12288K)
 Metaspace       used 52400K, committed 52928K, reserved 1114112K
  class space    used 5563K, committed 5760K, reserved 1048576K
GC Heap History (20 events):
Event: 0.378 GC heap before
{Heap before GC invocations=1 (full 0):
 garbage-first heap   total 258048K, used 37906K [0x0000000708800000, 0x0000000800000000)
  region size 2048K, 18 young (36864K), 2 survivors (4096K)
 Metaspace       used 11640K, committed 11840K, reserved 1114112K
  class space    used 1400K, committed 1472K, reserved 1048576K
}
Event: 0.380 GC heap after
{Heap after GC invocations=2 (full 0):
 garbage-first heap   total 258048K, used 7217K [0x0000000708800000, 0x0000000800000000)
  region size 2048K, 3 young (6144K), 3 survivors (6144K)
 Metaspace       used 11640K, committed 11840K, reserved 1114112K
  class space    used 1400K, committed 1472K, reserved 1048576K
}
Event: 3.274 GC heap before
{Heap before GC invocations=2 (full 0):
 garbage-first heap   total 258048K, used 136241K [0x0000000708800000, 0x0000000800000000)
  region size 2048K, 67 young (137216K), 3 survivors (6144K)
 Metaspace       used 21286K, committed 21504K, reserved 1114112K
  class space    used 2422K, committed 2560K, reserved 1048576K
}
Event: 3.279 GC heap after
{Heap after GC invocations=3 (full 0):
 garbage-first heap   total 258048K, used 16755K [0x0000000708800000, 0x0000000800000000)
  region size 2048K, 8 young (16384K), 8 survivors (16384K)
 Metaspace       used 21286K, committed 21504K, reserved 1114112K
  class space    used 2422K, committed 2560K, reserved 1048576K
}
Event: 3.794 GC heap before
{Heap before GC invocations=4 (full 0):
 garbage-first heap   total 75776K, used 57715K [0x0000000708800000, 0x0000000800000000)
  region size 2048K, 29 young (59392K), 8 survivors (16384K)
 Metaspace       used 24580K, committed 24832K, reserved 1114112K
  class space    used 2770K, committed 2880K, reserved 1048576K
}
Event: 3.802 GC heap after
{Heap after GC invocations=5 (full 0):
 garbage-first heap   total 90112K, used 27501K [0x0000000708800000, 0x0000000800000000)
  region size 2048K, 10 young (20480K), 10 survivors (20480K)
 Metaspace       used 24580K, committed 24832K, reserved 1114112K
  class space    used 2770K, committed 2880K, reserved 1048576K
}
Event: 4.269 GC heap before
{Heap before GC invocations=5 (full 0):
 garbage-first heap   total 90112K, used 56173K [0x0000000708800000, 0x0000000800000000)
  region size 2048K, 24 young (49152K), 10 survivors (20480K)
 Metaspace       used 26724K, committed 27008K, reserved 1114112K
  class space    used 2942K, committed 3136K, reserved 1048576K
}
Event: 4.272 GC heap after
{Heap after GC invocations=6 (full 0):
 garbage-first heap   total 90112K, used 25717K [0x0000000708800000, 0x0000000800000000)
  region size 2048K, 3 young (6144K), 3 survivors (6144K)
 Metaspace       used 26724K, committed 27008K, reserved 1114112K
  class space    used 2942K, committed 3136K, reserved 1048576K
}
Event: 5.245 GC heap before
{Heap before GC invocations=6 (full 0):
 garbage-first heap   total 90112K, used 54389K [0x0000000708800000, 0x0000000800000000)
  region size 2048K, 19 young (38912K), 3 survivors (6144K)
 Metaspace       used 35749K, committed 36096K, reserved 1114112K
  class space    used 3720K, committed 3904K, reserved 1048576K
}
Event: 5.247 GC heap after
{Heap after GC invocations=7 (full 0):
 garbage-first heap   total 90112K, used 27653K [0x0000000708800000, 0x0000000800000000)
  region size 2048K, 2 young (4096K), 2 survivors (4096K)
 Metaspace       used 35749K, committed 36096K, reserved 1114112K
  class space    used 3720K, committed 3904K, reserved 1048576K
}
Event: 5.500 GC heap before
{Heap before GC invocations=8 (full 0):
 garbage-first heap   total 202752K, used 185349K [0x0000000708800000, 0x0000000800000000)
  region size 2048K, 18 young (36864K), 2 survivors (4096K)
 Metaspace       used 36647K, committed 37056K, reserved 1114112K
  class space    used 3839K, committed 4032K, reserved 1048576K
}
Event: 5.501 GC heap after
{Heap after GC invocations=9 (full 0):
 garbage-first heap   total 202752K, used 127566K [0x0000000708800000, 0x0000000800000000)
  region size 2048K, 2 young (4096K), 2 survivors (4096K)
 Metaspace       used 36647K, committed 37056K, reserved 1114112K
  class space    used 3839K, committed 4032K, reserved 1048576K
}
Event: 5.516 GC heap before
{Heap before GC invocations=9 (full 0):
 garbage-first heap   total 202752K, used 129614K [0x0000000708800000, 0x0000000800000000)
  region size 2048K, 4 young (8192K), 2 survivors (4096K)
 Metaspace       used 36668K, committed 37120K, reserved 1114112K
  class space    used 3841K, committed 4032K, reserved 1048576K
}
Event: 5.517 GC heap after
{Heap after GC invocations=10 (full 0):
 garbage-first heap   total 202752K, used 126000K [0x0000000708800000, 0x0000000800000000)
  region size 2048K, 1 young (2048K), 1 survivors (2048K)
 Metaspace       used 36668K, committed 37120K, reserved 1114112K
  class space    used 3841K, committed 4032K, reserved 1048576K
}
Event: 5.627 GC heap before
{Heap before GC invocations=10 (full 0):
 garbage-first heap   total 202752K, used 162864K [0x0000000708800000, 0x0000000800000000)
  region size 2048K, 19 young (38912K), 1 survivors (2048K)
 Metaspace       used 36689K, committed 37120K, reserved 1114112K
  class space    used 3841K, committed 4032K, reserved 1048576K
}
Event: 5.628 GC heap after
{Heap after GC invocations=11 (full 0):
 garbage-first heap   total 245760K, used 126407K [0x0000000708800000, 0x0000000800000000)
  region size 2048K, 1 young (2048K), 1 survivors (2048K)
 Metaspace       used 36689K, committed 37120K, reserved 1114112K
  class space    used 3841K, committed 4032K, reserved 1048576K
}
Event: 5.991 GC heap before
{Heap before GC invocations=12 (full 0):
 garbage-first heap   total 245760K, used 191943K [0x0000000708800000, 0x0000000800000000)
  region size 2048K, 33 young (67584K), 1 survivors (2048K)
 Metaspace       used 37376K, committed 37760K, reserved 1114112K
  class space    used 3932K, committed 4160K, reserved 1048576K
}
Event: 5.993 GC heap after
{Heap after GC invocations=13 (full 0):
 garbage-first heap   total 245760K, used 25508K [0x0000000708800000, 0x0000000800000000)
  region size 2048K, 1 young (2048K), 1 survivors (2048K)
 Metaspace       used 37376K, committed 37760K, reserved 1114112K
  class space    used 3932K, committed 4160K, reserved 1048576K
}
Event: 7.459 GC heap before
{Heap before GC invocations=13 (full 0):
 garbage-first heap   total 245760K, used 168868K [0x0000000708800000, 0x0000000800000000)
  region size 2048K, 71 young (145408K), 1 survivors (2048K)
 Metaspace       used 49492K, committed 49856K, reserved 1114112K
  class space    used 5331K, committed 5504K, reserved 1048576K
}
Event: 7.462 GC heap after
{Heap after GC invocations=14 (full 0):
 garbage-first heap   total 245760K, used 35855K [0x0000000708800000, 0x0000000800000000)
  region size 2048K, 6 young (12288K), 6 survivors (12288K)
 Metaspace       used 49492K, committed 49856K, reserved 1114112K
  class space    used 5331K, committed 5504K, reserved 1048576K
}

