# JRE version: OpenJDK Runtime Environment Temurin-17.0.8+7 (17.0.8+7) (build 17.0.8+7)
# Java VM: OpenJDK 64-Bit Server VM Temurin-17.0.8+7 (17.0.8+7, mixed mode, sharing, tiered, compressed oops, compressed class ptrs, g1 gc, linux-amd64)
Heap:
 garbage-first heap   total 81920K, used 52308K [0x0000000708800000, 0x0000000800000000)
  region size 2048K, 17 young (34816K), 2 survivors (4096K)
 Metaspace       used 33117K, committed 33408K, reserved 1114112K
  class space    used 3448K, committed 3584K, reserved 1048576K
GC Heap History (10 events):
Event: 0.167 GC heap before
{Heap before GC invocations=0 (full 0):
 garbage-first heap   total 258048K, used 24552K [0x0000000708800000, 0x0000000800000000)
  region size 2048K, 11 young (22528K), 0 survivors (0K)
 Metaspace       used 5135K, committed 5312K, reserved 1114112K
  class space    used 610K, committed 704K, reserved 1048576K
}
Event: 0.169 GC heap after
{Heap after GC invocations=1 (full 0):
 garbage-first heap   total 258048K, used 5138K [0x0000000708800000, 0x0000000800000000)
  region size 2048K, 2 young (4096K), 2 survivors (4096K)
 Metaspace       used 5135K, committed 5312K, reserved 1114112K
  class space    used 610K, committed 704K, reserved 1048576K
}
Event: 0.408 GC heap before
{Heap before GC invocations=1 (full 0):
 garbage-first heap   total 258048K, used 35858K [0x0000000708800000, 0x0000000800000000)
  region size 2048K, 18 young (36864K), 2 survivors (4096K)
 Metaspace       used 11660K, committed 11840K, reserved 1114112K
  class space    used 1405K, committed 1472K, reserved 1048576K
}
Event: 0.412 GC heap after
{Heap after GC invocations=2 (full 0):
 garbage-first heap   total 258048K, used 7278K [0x0000000708800000, 0x0000000800000000)
  region size 2048K, 3 young (6144K), 3 survivors (6144K)
 Metaspace       used 11660K, committed 11840K, reserved 1114112K
  class space    used 1405K, committed 1472K, reserved 1048576K
}
Event: 3.267 GC heap before
{Heap before GC invocations=2 (full 0):
 garbage-first heap   total 258048K, used 134254K [0x0000000708800000, 0x0000000800000000)
  region size 2048K, 66 young (135168K), 3 survivors (6144K)
 Metaspace       used 21265K, committed 21504K, reserved 1114112K
  class space    used 2422K, committed 2560K, reserved 1048576K
}
Event: 3.272 GC heap after
{Heap after GC invocations=3 (full 0):
 garbage-first heap   total 258048K, used 16360K [0x0000000708800000, 0x0000000800000000)
  region size 2048K, 7 young (14336K), 7 survivors (14336K)
 Metaspace       used 21265K, committed 21504K, reserved 1114112K
  class space    used 2422K, committed 2560K, reserved 1048576K
}
Event: 3.643 GC heap before
{Heap before GC invocations=4 (full 0):
 garbage-first heap   total 69632K, used 51176K [0x0000000708800000, 0x0000000800000000)
  region size 2048K, 25 young (51200K), 7 survivors (14336K)
 Metaspace       used 23580K, committed 23872K, reserved 1114112K
  class space    used 2622K, committed 2752K, reserved 1048576K
}
Event: 3.649 GC heap after
{Heap after GC invocations=5 (full 0):
 garbage-first heap   total 81920K, used 25958K [0x0000000708800000, 0x0000000800000000)
  region size 2048K, 10 young (20480K), 10 survivors (20480K)
 Metaspace       used 23580K, committed 23872K, reserved 1114112K
  class space    used 2622K, committed 2752K, reserved 1048576K
}
Event: 4.080 GC heap before
{Heap before GC invocations=5 (full 0):
 garbage-first heap   total 81920K, used 48486K [0x0000000708800000, 0x0000000800000000)
  region size 2048K, 21 young (43008K), 10 survivors (20480K)
 Metaspace       used 25794K, committed 26048K, reserved 1114112K
  class space    used 2857K, committed 2944K, reserved 1048576K
}
Event: 4.084 GC heap after
{Heap after GC invocations=6 (full 0):
 garbage-first heap   total 81920K, used 23235K [0x0000000708800000, 0x0000000800000000)
  region size 2048K, 2 young (4096K), 2 survivors (4096K)
 Metaspace       used 25794K, committed 26048K, reserved 1114112K
  class space    used 2857K, committed 2944K, reserved 1048576K
}

