# JRE version: OpenJDK Runtime Environment Temurin-17.0.8+7 (17.0.8+7) (build 17.0.8+7)
# Java VM: OpenJDK 64-Bit Server VM Temurin-17.0.8+7 (17.0.8+7, mixed mode, sharing, tiered, compressed oops, compressed class ptrs, g1 gc, linux-amd64)
Heap:
 garbage-first heap   total 225280K, used 99484K [0x0000000708800000, 0x0000000800000000)
  region size 2048K, 36 young (73728K), 5 survivors (10240K)
 Metaspace       used 52534K, committed 53056K, reserved 1114112K
  class space    used 5564K, committed 5760K, reserved 1048576K
GC Heap History (20 events):
Event: 3.913 GC heap before
{Heap before GC invocations=4 (full 0):
 garbage-first heap   total 75776K, used 57845K [0x0000000708800000, 0x0000000800000000)
  region size 2048K, 29 young (59392K), 8 survivors (16384K)
 Metaspace       used 24605K, committed 24832K, reserved 1114112K
  class space    used 2770K, committed 2880K, reserved 1048576K
}
Event: 3.920 GC heap after
{Heap after GC invocations=5 (full 0):
 garbage-first heap   total 90112K, used 26904K [0x0000000708800000, 0x0000000800000000)
  region size 2048K, 10 young (20480K), 10 survivors (20480K)
 Metaspace       used 24605K, committed 24832K, reserved 1114112K
  class space    used 2770K, committed 2880K, reserved 1048576K
}
Event: 4.380 GC heap before
{Heap before GC invocations=5 (full 0):
 garbage-first heap   total 90112K, used 55576K [0x0000000708800000, 0x0000000800000000)
  region size 2048K, 24 young (49152K), 10 survivors (20480K)
 Metaspace       used 26727K, committed 27072K, reserved 1114112K
  class space    used 2942K, committed 3136K, reserved 1048576K
}
Event: 4.383 GC heap after
{Heap after GC invocations=6 (full 0):
 garbage-first heap   total 90112K, used 26024K [0x0000000708800000, 0x0000000800000000)
  region size 2048K, 3 young (6144K), 3 survivors (6144K)
 Metaspace       used 26727K, committed 27072K, reserved 1114112K
  class space    used 2942K, committed 3136K, reserved 1048576K
}
Event: 5.138 GC heap before
{Heap before GC invocations=6 (full 0):
 garbage-first heap   total 90112K, used 54696K [0x0000000708800000, 0x0000000800000000)
  region size 2048K, 19 young (38912K), 3 survivors (6144K)
 Metaspace       used 35758K, committed 36096K, reserved 1114112K
  class space    used 3720K, committed 3904K, reserved 1048576K
}
Event: 5.140 GC heap after
{Heap after GC invocations=7 (full 0):
 garbage-first heap   total 90112K, used 27515K [0x0000000708800000, 0x0000000800000000)
  region size 2048K, 2 young (4096K), 2 survivors (4096K)
 Metaspace       used 35758K, committed 36096K, reserved 1114112K
  class space    used 3720K, committed 3904K, reserved 1048576K
}
Event: 5.200 GC heap before
{Heap before GC invocations=8 (full 0):
 garbage-first heap   total 90112K, used 29563K [0x0000000708800000, 0x0000000800000000)
  region size 2048K, 4 young (8192K), 2 survivors (4096K)
 Metaspace       used 36466K, committed 36864K, reserved 1114112K
  class space    used 3817K, committed 4032K, reserved 1048576K
}
Event: 5.201 GC heap after
{Heap after GC invocations=9 (full 0):
 garbage-first heap   total 90112K, used 27046K [0x0000000708800000, 0x0000000800000000)
  region size 2048K, 2 young (4096K), 2 survivors (4096K)
 Metaspace       used 36466K, committed 36864K, reserved 1114112K
  class space    used 3817K, committed 4032K, reserved 1048576K
}
Event: 5.366 GC heap before
{Heap before GC invocations=9 (full 0):
 garbage-first heap   total 90112K, used 74150K [0x0000000708800000, 0x0000000800000000)
  region size 2048K, 14 young (28672K), 2 survivors (4096K)
 Metaspace       used 36477K, committed 36864K, reserved 1114112K
  class space    used 3817K, committed 4032K, reserved 1048576K
}
Event: 5.367 GC heap after
{Heap after GC invocations=10 (full 0):
 garbage-first heap   total 108544K, used 56950K [0x0000000708800000, 0x0000000800000000)
  region size 2048K, 3 young (6144K), 3 survivors (6144K)
 Metaspace       used 36477K, committed 36864K, reserved 1114112K
  class space    used 3817K, committed 4032K, reserved 1048576K
}
Event: 5.410 GC heap before
{Heap before GC invocations=10 (full 0):
 garbage-first heap   total 108544K, used 61046K [0x0000000708800000, 0x0000000800000000)
  region size 2048K, 6 young (12288K), 3 survivors (6144K)
 Metaspace       used 36635K, committed 36992K, reserved 1114112K
  class space    used 3838K, committed 4032K, reserved 1048576K
}
Event: 5.411 GC heap after
{Heap after GC invocations=11 (full 0):
 garbage-first heap   total 108544K, used 27622K [0x0000000708800000, 0x0000000800000000)
  region size 2048K, 1 young (2048K), 1 survivors (2048K)
 Metaspace       used 36635K, committed 36992K, reserved 1114112K
  class space    used 3838K, committed 4032K, reserved 1048576K
}
Event: 5.596 GC heap before
{Heap before GC invocations=11 (full 0):
 garbage-first heap   total 204800K, used 175078K [0x0000000708800000, 0x0000000800000000)
  region size 2048K, 24 young (49152K), 1 survivors (2048K)
 Metaspace       used 36697K, committed 37056K, reserved 1114112K
  class space    used 3841K, committed 4032K, reserved 1048576K
}
Event: 5.597 GC heap after
{Heap after GC invocations=12 (full 0):
 garbage-first heap   total 204800K, used 127867K [0x0000000708800000, 0x0000000800000000)
  region size 2048K, 1 young (2048K), 1 survivors (2048K)
 Metaspace       used 36697K, committed 37056K, reserved 1114112K
  class space    used 3841K, committed 4032K, reserved 1048576K
}
Event: 5.718 GC heap before
{Heap before GC invocations=12 (full 0):
 garbage-first heap   total 204800K, used 164731K [0x0000000708800000, 0x0000000800000000)
  region size 2048K, 20 young (40960K), 1 survivors (2048K)
 Metaspace       used 36697K, committed 37056K, reserved 1114112K
  class space    used 3841K, committed 4032K, reserved 1048576K
}
Event: 5.719 GC heap after
{Heap after GC invocations=13 (full 0):
 garbage-first heap   total 204800K, used 128703K [0x0000000708800000, 0x0000000800000000)
  region size 2048K, 1 young (2048K), 1 survivors (2048K)
 Metaspace       used 36697K, committed 37056K, reserved 1114112K
  class space    used 3841K, committed 4032K, reserved 1048576K
}
Event: 6.090 GC heap before
{Heap before GC invocations=14 (full 0):
 garbage-first heap   total 225280K, used 165567K [0x0000000708800000, 0x0000000800000000)
  region size 2048K, 20 young (40960K), 1 survivors (2048K)
 Metaspace       used 39463K, committed 39808K, reserved 1114112K
  class space    used 4150K, committed 4352K, reserved 1048576K
}
Event: 6.091 GC heap after
{Heap after GC invocations=15 (full 0):
 garbage-first heap   total 225280K, used 28568K [0x0000000708800000, 0x0000000800000000)
  region size 2048K, 1 young (2048K), 1 survivors (2048K)
 Metaspace       used 39463K, committed 39808K, reserved 1114112K
  class space    used 4150K, committed 4352K, reserved 1048576K
}
Event: 7.485 GC heap before
{Heap before GC invocations=15 (full 0):
 garbage-first heap   total 225280K, used 161688K [0x0000000708800000, 0x0000000800000000)
  region size 2048K, 66 young (135168K), 1 survivors (2048K)
 Metaspace       used 49495K, committed 49856K, reserved 1114112K
  class space    used 5330K, committed 5504K, reserved 1048576K
}
Event: 7.488 GC heap after
{Heap after GC invocations=16 (full 0):
 garbage-first heap   total 225280K, used 36791K [0x0000000708800000, 0x0000000800000000)
  region size 2048K, 5 young (10240K), 5 survivors (10240K)
 Metaspace       used 49495K, committed 49856K, reserved 1114112K
  class space    used 5330K, committed 5504K, reserved 1048576K
}

