# JRE version: OpenJDK Runtime Environment Temurin-17.0.8+7 (17.0.8+7) (build 17.0.8+7)
# Java VM: OpenJDK 64-Bit Server VM Temurin-17.0.8+7 (17.0.8+7, mixed mode, sharing, tiered, compressed oops, compressed class ptrs, g1 gc, linux-amd64)
Heap:
 garbage-first heap   total 350208K, used 118275K [0x0000000708800000, 0x0000000800000000)
  region size 2048K, 44 young (90112K), 5 survivors (10240K)
 Metaspace       used 52619K, committed 53056K, reserved 1114112K
  class space    used 5569K, committed 5760K, reserved 1048576K
GC Heap History (20 events):
Event: 4.584 GC heap before
{Heap before GC invocations=6 (full 0):
 garbage-first heap   total 90112K, used 53460K [0x0000000708800000, 0x0000000800000000)
  region size 2048K, 19 young (38912K), 3 survivors (6144K)
 Metaspace       used 35745K, committed 36096K, reserved 1114112K
  class space    used 3720K, committed 3904K, reserved 1048576K
}
Event: 4.585 GC heap after
{Heap after GC invocations=7 (full 0):
 garbage-first heap   total 90112K, used 27281K [0x0000000708800000, 0x0000000800000000)
  region size 2048K, 2 young (4096K), 2 survivors (4096K)
 Metaspace       used 35745K, committed 36096K, reserved 1114112K
  class space    used 3720K, committed 3904K, reserved 1048576K
}
Event: 4.647 GC heap before
{Heap before GC invocations=8 (full 0):
 garbage-first heap   total 90112K, used 29329K [0x0000000708800000, 0x0000000800000000)
  region size 2048K, 4 young (8192K), 2 survivors (4096K)
 Metaspace       used 36454K, committed 36864K, reserved 1114112K
  class space    used 3817K, committed 4032K, reserved 1048576K
}
Event: 4.648 GC heap after
{Heap after GC invocations=9 (full 0):
 garbage-first heap   total 90112K, used 27206K [0x0000000708800000, 0x0000000800000000)
  region size 2048K, 2 young (4096K), 2 survivors (4096K)
 Metaspace       used 36454K, committed 36864K, reserved 1114112K
  class space    used 3817K, committed 4032K, reserved 1048576K
}
Event: 4.753 GC heap before
{Heap before GC invocations=9 (full 0):
 garbage-first heap   total 90112K, used 74310K [0x0000000708800000, 0x0000000800000000)
  region size 2048K, 14 young (28672K), 2 survivors (4096K)
 Metaspace       used 36464K, committed 36864K, reserved 1114112K
  class space    used 3817K, committed 4032K, reserved 1048576K
}
Event: 4.754 GC heap after
{Heap after GC invocations=10 (full 0):
 garbage-first heap   total 90112K, used 57178K [0x0000000708800000, 0x0000000800000000)
  region size 2048K, 3 young (6144K), 3 survivors (6144K)
 Metaspace       used 36464K, committed 36864K, reserved 1114112K
  class space    used 3817K, committed 4032K, reserved 1048576K
}
Event: 4.792 GC heap before
{Heap before GC invocations=10 (full 0):
 garbage-first heap   total 90112K, used 61274K [0x0000000708800000, 0x0000000800000000)
  region size 2048K, 6 young (12288K), 3 survivors (6144K)
 Metaspace       used 36580K, committed 36992K, reserved 1114112K
  class space    used 3835K, committed 4032K, reserved 1048576K
}
Event: 4.793 GC heap after
{Heap after GC invocations=11 (full 0):
 garbage-first heap   total 90112K, used 27782K [0x0000000708800000, 0x0000000800000000)
  region size 2048K, 1 young (2048K), 1 survivors (2048K)
 Metaspace       used 36580K, committed 36992K, reserved 1114112K
  class space    used 3835K, committed 4032K, reserved 1048576K
}
Event: 4.958 GC heap before
{Heap before GC invocations=11 (full 0):
 garbage-first heap   total 186368K, used 160902K [0x0000000708800000, 0x0000000800000000)
  region size 2048K, 18 young (36864K), 1 survivors (2048K)
 Metaspace       used 36643K, committed 37056K, reserved 1114112K
  class space    used 3838K, committed 4032K, reserved 1048576K
}
Event: 4.959 GC heap after
{Heap after GC invocations=12 (full 0):
 garbage-first heap   total 186368K, used 129418K [0x0000000708800000, 0x0000000800000000)
  region size 2048K, 2 young (4096K), 2 survivors (4096K)
 Metaspace       used 36643K, committed 37056K, reserved 1114112K
  class space    used 3838K, committed 4032K, reserved 1048576K
}
Event: 5.051 GC heap before
{Heap before GC invocations=12 (full 0):
 garbage-first heap   total 186368K, used 149898K [0x0000000708800000, 0x0000000800000000)
  region size 2048K, 13 young (26624K), 2 survivors (4096K)
 Metaspace       used 36643K, committed 37056K, reserved 1114112K
  class space    used 3838K, committed 4032K, reserved 1048576K
}
Event: 5.052 GC heap after
{Heap after GC invocations=13 (full 0):
 garbage-first heap   total 186368K, used 130305K [0x0000000708800000, 0x0000000800000000)
  region size 2048K, 1 young (2048K), 1 survivors (2048K)
 Metaspace       used 36643K, committed 37056K, reserved 1114112K
  class space    used 3838K, committed 4032K, reserved 1048576K
}
Event: 5.134 GC heap before
{Heap before GC invocations=14 (full 0):
 garbage-first heap   total 229376K, used 152833K [0x0000000708800000, 0x0000000800000000)
  region size 2048K, 13 young (26624K), 1 survivors (2048K)
 Metaspace       used 36643K, committed 37056K, reserved 1114112K
  class space    used 3838K, committed 4032K, reserved 1048576K
}
Event: 5.136 GC heap after
{Heap after GC invocations=15 (full 0):
 garbage-first heap   total 276480K, used 130933K [0x0000000708800000, 0x0000000800000000)
  region size 2048K, 1 young (2048K), 1 survivors (2048K)
 Metaspace       used 36643K, committed 37056K, reserved 1114112K
  class space    used 3838K, committed 4032K, reserved 1048576K
}
Event: 5.284 GC heap before
{Heap before GC invocations=15 (full 0):
 garbage-first heap   total 276480K, used 155509K [0x0000000708800000, 0x0000000800000000)
  region size 2048K, 14 young (28672K), 1 survivors (2048K)
 Metaspace       used 36741K, committed 37120K, reserved 1114112K
  class space    used 3844K, committed 4032K, reserved 1048576K
}
Event: 5.285 GC heap after
{Heap after GC invocations=16 (full 0):
 garbage-first heap   total 276480K, used 129549K [0x0000000708800000, 0x0000000800000000)
  region size 2048K, 1 young (2048K), 1 survivors (2048K)
 Metaspace       used 36741K, committed 37120K, reserved 1114112K
  class space    used 3844K, committed 4032K, reserved 1048576K
}
Event: 5.592 GC heap before
{Heap before GC invocations=17 (full 0):
 garbage-first heap   total 350208K, used 219252K [0x0000000708800000, 0x0000000800000000)
  region size 2048K, 45 young (92160K), 1 survivors (2048K)
 Metaspace       used 36741K, committed 37120K, reserved 1114112K
  class space    used 3844K, committed 4032K, reserved 1048576K
}
Event: 5.592 GC heap after
{Heap after GC invocations=18 (full 0):
 garbage-first heap   total 350208K, used 130738K [0x0000000708800000, 0x0000000800000000)
  region size 2048K, 1 young (2048K), 1 survivors (2048K)
 Metaspace       used 36741K, committed 37120K, reserved 1114112K
  class space    used 3844K, committed 4032K, reserved 1048576K
}
Event: 7.329 GC heap before
{Heap before GC invocations=18 (full 0):
 garbage-first heap   total 350208K, used 286386K [0x0000000708800000, 0x0000000800000000)
  region size 2048K, 77 young (157696K), 1 survivors (2048K)
 Metaspace       used 49520K, committed 49920K, reserved 1114112K
  class space    used 5335K, committed 5504K, reserved 1048576K
}
Event: 7.337 GC heap after
{Heap after GC invocations=19 (full 0):
 garbage-first heap   total 350208K, used 38763K [0x0000000708800000, 0x0000000800000000)
  region size 2048K, 5 young (10240K), 5 survivors (10240K)
 Metaspace       used 49520K, committed 49920K, reserved 1114112K
  class space    used 5335K, committed 5504K, reserved 1048576K
}

