# JRE version: OpenJDK Runtime Environment Temurin-17.0.8+7 (17.0.8+7) (build 17.0.8+7)
# Java VM: OpenJDK 64-Bit Server VM Temurin-17.0.8+7 (17.0.8+7, mixed mode, sharing, tiered, compressed oops, compressed class ptrs, g1 gc, linux-amd64)
Heap:
 garbage-first heap   total 270336K, used 81859K [0x0000000708800000, 0x0000000800000000)
  region size 2048K, 28 young (57344K), 6 survivors (12288K)
 Metaspace       used 52593K, committed 53056K, reserved 1114112K
  class space    used 5569K, committed 5760K, reserved 1048576K
GC Heap History (20 events):
Event: 3.801 GC heap before
{Heap before GC invocations=4 (full 0):
 garbage-first heap   total 75776K, used 57588K [0x0000000708800000, 0x0000000800000000)
  region size 2048K, 29 young (59392K), 8 survivors (16384K)
 Metaspace       used 24547K, committed 24832K, reserved 1114112K
  class space    used 2763K, committed 2880K, reserved 1048576K
}
Event: 3.809 GC heap after
{Heap after GC invocations=5 (full 0):
 garbage-first heap   total 90112K, used 27422K [0x0000000708800000, 0x0000000800000000)
  region size 2048K, 10 young (20480K), 10 survivors (20480K)
 Metaspace       used 24547K, committed 24832K, reserved 1114112K
  class space    used 2763K, committed 2880K, reserved 1048576K
}
Event: 4.292 GC heap before
{Heap before GC invocations=5 (full 0):
 garbage-first heap   total 90112K, used 56094K [0x0000000708800000, 0x0000000800000000)
  region size 2048K, 24 young (49152K), 10 survivors (20480K)
 Metaspace       used 26718K, committed 27072K, reserved 1114112K
  class space    used 2942K, committed 3136K, reserved 1048576K
}
Event: 4.295 GC heap after
{Heap after GC invocations=6 (full 0):
 garbage-first heap   total 90112K, used 26192K [0x0000000708800000, 0x0000000800000000)
  region size 2048K, 3 young (6144K), 3 survivors (6144K)
 Metaspace       used 26718K, committed 27072K, reserved 1114112K
  class space    used 2942K, committed 3136K, reserved 1048576K
}
Event: 5.314 GC heap before
{Heap before GC invocations=6 (full 0):
 garbage-first heap   total 90112K, used 54864K [0x0000000708800000, 0x0000000800000000)
  region size 2048K, 19 young (38912K), 3 survivors (6144K)
 Metaspace       used 35810K, committed 36096K, reserved 1114112K
  class space    used 3725K, committed 3840K, reserved 1048576K
}
Event: 5.316 GC heap after
{Heap after GC invocations=7 (full 0):
 garbage-first heap   total 90112K, used 27772K [0x0000000708800000, 0x0000000800000000)
  region size 2048K, 2 young (4096K), 2 survivors (4096K)
 Metaspace       used 35810K, committed 36096K, reserved 1114112K
  class space    used 3725K, committed 3840K, reserved 1048576K
}
Event: 5.562 GC heap before
{Heap before GC invocations=8 (full 0):
 garbage-first heap   total 102400K, used 83068K [0x0000000708800000, 0x0000000800000000)
  region size 2048K, 17 young (34816K), 2 survivors (4096K)
 Metaspace       used 36463K, committed 36864K, reserved 1114112K
  class space    used 3817K, committed 4032K, reserved 1048576K
}
Event: 5.564 GC heap after
{Heap after GC invocations=9 (full 0):
 garbage-first heap   total 102400K, used 58001K [0x0000000708800000, 0x0000000800000000)
  region size 2048K, 3 young (6144K), 3 survivors (6144K)
 Metaspace       used 36463K, committed 36864K, reserved 1114112K
  class space    used 3817K, committed 4032K, reserved 1048576K
}
Event: 5.623 GC heap before
{Heap before GC invocations=9 (full 0):
 garbage-first heap   total 186368K, used 158353K [0x0000000708800000, 0x0000000800000000)
  region size 2048K, 4 young (8192K), 3 survivors (6144K)
 Metaspace       used 36606K, committed 36992K, reserved 1114112K
  class space    used 3838K, committed 4032K, reserved 1048576K
}
Event: 5.625 GC heap after
{Heap after GC invocations=10 (full 0):
 garbage-first heap   total 186368K, used 128280K [0x0000000708800000, 0x0000000800000000)
  region size 2048K, 1 young (2048K), 1 survivors (2048K)
 Metaspace       used 36606K, committed 36992K, reserved 1114112K
  class space    used 3838K, committed 4032K, reserved 1048576K
}
Event: 5.744 GC heap before
{Heap before GC invocations=10 (full 0):
 garbage-first heap   total 186368K, used 148760K [0x0000000708800000, 0x0000000800000000)
  region size 2048K, 12 young (24576K), 1 survivors (2048K)
 Metaspace       used 36642K, committed 37056K, reserved 1114112K
  class space    used 3838K, committed 4032K, reserved 1048576K
}
Event: 5.745 GC heap after
{Heap after GC invocations=11 (full 0):
 garbage-first heap   total 186368K, used 128804K [0x0000000708800000, 0x0000000800000000)
  region size 2048K, 1 young (2048K), 1 survivors (2048K)
 Metaspace       used 36642K, committed 37056K, reserved 1114112K
  class space    used 3838K, committed 4032K, reserved 1048576K
}
Event: 5.851 GC heap before
{Heap before GC invocations=12 (full 0):
 garbage-first heap   total 225280K, used 151332K [0x0000000708800000, 0x0000000800000000)
  region size 2048K, 13 young (26624K), 1 survivors (2048K)
 Metaspace       used 36642K, committed 37056K, reserved 1114112K
  class space    used 3838K, committed 4032K, reserved 1048576K
}
Event: 5.853 GC heap after
{Heap after GC invocations=13 (full 0):
 garbage-first heap   total 270336K, used 130068K [0x0000000708800000, 0x0000000800000000)
  region size 2048K, 2 young (4096K), 2 survivors (4096K)
 Metaspace       used 36642K, committed 37056K, reserved 1114112K
  class space    used 3838K, committed 4032K, reserved 1048576K
}
Event: 6.112 GC heap before
{Heap before GC invocations=13 (full 0):
 garbage-first heap   total 270336K, used 187412K [0x0000000708800000, 0x0000000800000000)
  region size 2048K, 31 young (63488K), 2 survivors (4096K)
 Metaspace       used 36741K, committed 37120K, reserved 1114112K
  class space    used 3844K, committed 4032K, reserved 1048576K
}
Event: 6.113 GC heap after
{Heap after GC invocations=14 (full 0):
 garbage-first heap   total 270336K, used 27126K [0x0000000708800000, 0x0000000800000000)
  region size 2048K, 1 young (2048K), 1 survivors (2048K)
 Metaspace       used 36741K, committed 37120K, reserved 1114112K
  class space    used 3844K, committed 4032K, reserved 1048576K
}
Event: 6.712 GC heap before
{Heap before GC invocations=14 (full 0):
 garbage-first heap   total 270336K, used 244214K [0x0000000708800000, 0x0000000800000000)
  region size 2048K, 59 young (120832K), 1 survivors (2048K)
 Metaspace       used 39497K, committed 39936K, reserved 1114112K
  class space    used 4153K, committed 4352K, reserved 1048576K
}
Event: 6.713 GC heap after
{Heap after GC invocations=15 (full 0):
 garbage-first heap   total 270336K, used 28221K [0x0000000708800000, 0x0000000800000000)
  region size 2048K, 1 young (2048K), 1 survivors (2048K)
 Metaspace       used 39497K, committed 39936K, reserved 1114112K
  class space    used 4153K, committed 4352K, reserved 1048576K
}
Event: 8.225 GC heap before
{Heap before GC invocations=15 (full 0):
 garbage-first heap   total 270336K, used 187965K [0x0000000708800000, 0x0000000800000000)
  region size 2048K, 79 young (161792K), 1 survivors (2048K)
 Metaspace       used 49767K, committed 50240K, reserved 1114112K
  class space    used 5341K, committed 5568K, reserved 1048576K
}
Event: 8.229 GC heap after
{Heap after GC invocations=16 (full 0):
 garbage-first heap   total 270336K, used 37353K [0x0000000708800000, 0x0000000800000000)
  region size 2048K, 6 young (12288K), 6 survivors (12288K)
 Metaspace       used 49767K, committed 50240K, reserved 1114112K
  class space    used 5341K, committed 5568K, reserved 1048576K
}

