# JRE version: OpenJDK Runtime Environment Temurin-17.0.8+7 (17.0.8+7) (build 17.0.8+7)
# Java VM: OpenJDK 64-Bit Server VM Temurin-17.0.8+7 (17.0.8+7, mixed mode, sharing, tiered, compressed oops, compressed class ptrs, g1 gc, linux-amd64)
Heap:
 garbage-first heap   total 421888K, used 82970K [0x0000000708800000, 0x0000000800000000)
  region size 2048K, 26 young (53248K), 7 survivors (14336K)
 Metaspace       used 52632K, committed 53184K, reserved 1114112K
  class space    used 5556K, committed 5824K, reserved 1048576K
GC Heap History (20 events):
Event: 10.777 GC heap before
{Heap before GC invocations=20 (full 0):
 garbage-first heap   total 212992K, used 198796K [0x0000000708800000, 0x0000000800000000)
  region size 2048K, 35 young (71680K), 1 survivors (2048K)
 Metaspace       used 36620K, committed 36992K, reserved 1114112K
  class space    used 3821K, committed 4032K, reserved 1048576K
}
Event: 10.778 GC heap after
{Heap after GC invocations=21 (full 0):
 garbage-first heap   total 212992K, used 135880K [0x0000000708800000, 0x0000000800000000)
  region size 2048K, 3 young (6144K), 3 survivors (6144K)
 Metaspace       used 36620K, committed 36992K, reserved 1114112K
  class space    used 3821K, committed 4032K, reserved 1048576K
}
Event: 11.086 GC heap before
{Heap before GC invocations=21 (full 0):
 garbage-first heap   total 212992K, used 174792K [0x0000000708800000, 0x0000000800000000)
  region size 2048K, 23 young (47104K), 3 survivors (6144K)
 Metaspace       used 36620K, committed 36992K, reserved 1114112K
  class space    used 3821K, committed 4032K, reserved 1048576K
}
Event: 11.087 GC heap after
{Heap after GC invocations=22 (full 0):
 garbage-first heap   total 212992K, used 30840K [0x0000000708800000, 0x0000000800000000)
  region size 2048K, 1 young (2048K), 1 survivors (2048K)
 Metaspace       used 36620K, committed 36992K, reserved 1114112K
  class space    used 3821K, committed 4032K, reserved 1048576K
}
Event: 11.391 GC heap before
{Heap before GC invocations=22 (full 0):
 garbage-first heap   total 212992K, used 151672K [0x0000000708800000, 0x0000000800000000)
  region size 2048K, 31 young (63488K), 1 survivors (2048K)
 Metaspace       used 36622K, committed 36992K, reserved 1114112K
  class space    used 3821K, committed 4032K, reserved 1048576K
}
Event: 11.392 GC heap after
{Heap after GC invocations=23 (full 0):
 garbage-first heap   total 212992K, used 30856K [0x0000000708800000, 0x0000000800000000)
  region size 2048K, 1 young (2048K), 1 survivors (2048K)
 Metaspace       used 36622K, committed 36992K, reserved 1114112K
  class space    used 3821K, committed 4032K, reserved 1048576K
}
Event: 11.427 GC heap before
{Heap before GC invocations=23 (full 0):
 garbage-first heap   total 212992K, used 45192K [0x0000000708800000, 0x0000000800000000)
  region size 2048K, 5 young (10240K), 1 survivors (2048K)
 Metaspace       used 36638K, committed 37056K, reserved 1114112K
  class space    used 3823K, committed 4032K, reserved 1048576K
}
Event: 11.428 GC heap after
{Heap after GC invocations=24 (full 0):
 garbage-first heap   total 212992K, used 30888K [0x0000000708800000, 0x0000000800000000)
  region size 2048K, 1 young (2048K), 1 survivors (2048K)
 Metaspace       used 36638K, committed 37056K, reserved 1114112K
  class space    used 3823K, committed 4032K, reserved 1048576K
}
Event: 11.982 GC heap before
{Heap before GC invocations=24 (full 0):
 garbage-first heap   total 212992K, used 200872K [0x0000000708800000, 0x0000000800000000)
  region size 2048K, 36 young (73728K), 1 survivors (2048K)
 Metaspace       used 36638K, committed 37056K, reserved 1114112K
  class space    used 3823K, committed 4032K, reserved 1048576K
}
Event: 11.985 GC heap after
{Heap after GC invocations=25 (full 0):
 garbage-first heap   total 219136K, used 140009K [0x0000000708800000, 0x0000000800000000)
  region size 2048K, 5 young (10240K), 5 survivors (10240K)
 Metaspace       used 36638K, committed 37056K, reserved 1114112K
  class space    used 3823K, committed 4032K, reserved 1048576K
}
Event: 12.251 GC heap before
{Heap before GC invocations=25 (full 0):
 garbage-first heap   total 219136K, used 178921K [0x0000000708800000, 0x0000000800000000)
  region size 2048K, 25 young (51200K), 5 survivors (10240K)
 Metaspace       used 36638K, committed 37056K, reserved 1114112K
  class space    used 3823K, committed 4032K, reserved 1048576K
}
Event: 12.252 GC heap after
{Heap after GC invocations=26 (full 0):
 garbage-first heap   total 219136K, used 145716K [0x0000000708800000, 0x0000000800000000)
  region size 2048K, 3 young (6144K), 3 survivors (6144K)
 Metaspace       used 36638K, committed 37056K, reserved 1114112K
  class space    used 3823K, committed 4032K, reserved 1048576K
}
Event: 12.343 GC heap before
{Heap before GC invocations=27 (full 0):
 garbage-first heap   total 253952K, used 147764K [0x0000000708800000, 0x0000000800000000)
  region size 2048K, 5 young (10240K), 3 survivors (6144K)
 Metaspace       used 36681K, committed 37120K, reserved 1114112K
  class space    used 3825K, committed 4032K, reserved 1048576K
}
Event: 12.344 GC heap after
{Heap after GC invocations=28 (full 0):
 garbage-first heap   total 253952K, used 140107K [0x0000000708800000, 0x0000000800000000)
  region size 2048K, 1 young (2048K), 1 survivors (2048K)
 Metaspace       used 36681K, committed 37120K, reserved 1114112K
  class space    used 3825K, committed 4032K, reserved 1048576K
}
Event: 12.603 GC heap before
{Heap before GC invocations=29 (full 0):
 garbage-first heap   total 350208K, used 201547K [0x0000000708800000, 0x0000000800000000)
  region size 2048K, 34 young (69632K), 1 survivors (2048K)
 Metaspace       used 36681K, committed 37120K, reserved 1114112K
  class space    used 3825K, committed 4032K, reserved 1048576K
}
Event: 12.604 GC heap after
{Heap after GC invocations=30 (full 0):
 garbage-first heap   total 421888K, used 135254K [0x0000000708800000, 0x0000000800000000)
  region size 2048K, 1 young (2048K), 1 survivors (2048K)
 Metaspace       used 36681K, committed 37120K, reserved 1114112K
  class space    used 3825K, committed 4032K, reserved 1048576K
}
Event: 12.670 GC heap before
{Heap before GC invocations=30 (full 0):
 garbage-first heap   total 421888K, used 151638K [0x0000000708800000, 0x0000000800000000)
  region size 2048K, 10 young (20480K), 1 survivors (2048K)
 Metaspace       used 36681K, committed 37120K, reserved 1114112K
  class space    used 3825K, committed 4032K, reserved 1048576K
}
Event: 12.672 GC heap after
{Heap after GC invocations=31 (full 0):
 garbage-first heap   total 421888K, used 133472K [0x0000000708800000, 0x0000000800000000)
  region size 2048K, 1 young (2048K), 1 survivors (2048K)
 Metaspace       used 36681K, committed 37120K, reserved 1114112K
  class space    used 3825K, committed 4032K, reserved 1048576K
}
Event: 15.729 GC heap before
{Heap before GC invocations=31 (full 0):
 garbage-first heap   total 421888K, used 344416K [0x0000000708800000, 0x0000000800000000)
  region size 2048K, 104 young (212992K), 1 survivors (2048K)
 Metaspace       used 50956K, committed 51456K, reserved 1114112K
  class space    used 5465K, committed 5696K, reserved 1048576K
}
Event: 15.733 GC heap after
{Heap after GC invocations=32 (full 0):
 garbage-first heap   total 421888K, used 44288K [0x0000000708800000, 0x0000000800000000)
  region size 2048K, 7 young (14336K), 7 survivors (14336K)
 Metaspace       used 50956K, committed 51456K, reserved 1114112K
  class space    used 5465K, committed 5696K, reserved 1048576K
}

