# JRE version: OpenJDK Runtime Environment Temurin-17.0.8+7 (17.0.8+7) (build 17.0.8+7)
# Java VM: OpenJDK 64-Bit Server VM Temurin-17.0.8+7 (17.0.8+7, mixed mode, sharing, tiered, compressed oops, compressed class ptrs, g1 gc, linux-amd64)
Heap:
 garbage-first heap   total 90112K, used 31285K [0x0000000708800000, 0x0000000800000000)
  region size 2048K, 4 young (8192K), 2 survivors (4096K)
 Metaspace       used 36349K, committed 36608K, reserved 1114112K
  class space    used 3795K, committed 3904K, reserved 1048576K
GC Heap History (12 events):
Event: 0.180 GC heap before
{Heap before GC invocations=0 (full 0):
 garbage-first heap   total 258048K, used 24552K [0x0000000708800000, 0x0000000800000000)
  region size 2048K, 11 young (22528K), 0 survivors (0K)
 Metaspace       used 5123K, committed 5248K, reserved 1114112K
  class space    used 607K, committed 640K, reserved 1048576K
}
Event: 0.182 GC heap after
{Heap after GC invocations=1 (full 0):
 garbage-first heap   total 258048K, used 5138K [0x0000000708800000, 0x0000000800000000)
  region size 2048K, 2 young (4096K), 2 survivors (4096K)
 Metaspace       used 5123K, committed 5248K, reserved 1114112K
  class space    used 607K, committed 640K, reserved 1048576K
}
Event: 0.409 GC heap before
{Heap before GC invocations=1 (full 0):
 garbage-first heap   total 258048K, used 37906K [0x0000000708800000, 0x0000000800000000)
  region size 2048K, 18 young (36864K), 2 survivors (4096K)
 Metaspace       used 11662K, committed 11840K, reserved 1114112K
  class space    used 1405K, committed 1472K, reserved 1048576K
}
Event: 0.412 GC heap after
{Heap after GC invocations=2 (full 0):
 garbage-first heap   total 258048K, used 7303K [0x0000000708800000, 0x0000000800000000)
  region size 2048K, 3 young (6144K), 3 survivors (6144K)
 Metaspace       used 11662K, committed 11840K, reserved 1114112K
  class space    used 1405K, committed 1472K, reserved 1048576K
}
Event: 3.463 GC heap before
{Heap before GC invocations=2 (full 0):
 garbage-first heap   total 258048K, used 136327K [0x0000000708800000, 0x0000000800000000)
  region size 2048K, 67 young (137216K), 3 survivors (6144K)
 Metaspace       used 21299K, committed 21504K, reserved 1114112K
  class space    used 2420K, committed 2560K, reserved 1048576K
}
Event: 3.468 GC heap after
{Heap after GC invocations=3 (full 0):
 garbage-first heap   total 258048K, used 16491K [0x0000000708800000, 0x0000000800000000)
  region size 2048K, 8 young (16384K), 8 survivors (16384K)
 Metaspace       used 21299K, committed 21504K, reserved 1114112K
  class space    used 2420K, committed 2560K, reserved 1048576K
}
Event: 3.954 GC heap before
{Heap before GC invocations=4 (full 0):
 garbage-first heap   total 75776K, used 57451K [0x0000000708800000, 0x0000000800000000)
  region size 2048K, 29 young (59392K), 8 survivors (16384K)
 Metaspace       used 24606K, committed 24832K, reserved 1114112K
  class space    used 2770K, committed 2880K, reserved 1048576K
}
Event: 3.962 GC heap after
{Heap after GC invocations=5 (full 0):
 garbage-first heap   total 90112K, used 26931K [0x0000000708800000, 0x0000000800000000)
  region size 2048K, 10 young (20480K), 10 survivors (20480K)
 Metaspace       used 24606K, committed 24832K, reserved 1114112K
  class space    used 2770K, committed 2880K, reserved 1048576K
}
Event: 4.472 GC heap before
{Heap before GC invocations=5 (full 0):
 garbage-first heap   total 90112K, used 55603K [0x0000000708800000, 0x0000000800000000)
  region size 2048K, 24 young (49152K), 10 survivors (20480K)
 Metaspace       used 26725K, committed 27072K, reserved 1114112K
  class space    used 2941K, committed 3136K, reserved 1048576K
}
Event: 4.475 GC heap after
{Heap after GC invocations=6 (full 0):
 garbage-first heap   total 90112K, used 25783K [0x0000000708800000, 0x0000000800000000)
  region size 2048K, 3 young (6144K), 3 survivors (6144K)
 Metaspace       used 26725K, committed 27072K, reserved 1114112K
  class space    used 2941K, committed 3136K, reserved 1048576K
}
Event: 5.763 GC heap before
{Heap before GC invocations=6 (full 0):
 garbage-first heap   total 90112K, used 54455K [0x0000000708800000, 0x0000000800000000)
  region size 2048K, 19 young (38912K), 3 survivors (6144K)
 Metaspace       used 35876K, committed 36160K, reserved 1114112K
  class space    used 3733K, committed 3840K, reserved 1048576K
}
Event: 5.765 GC heap after
{Heap after GC invocations=7 (full 0):
 garbage-first heap   total 90112K, used 28269K [0x0000000708800000, 0x0000000800000000)
  region size 2048K, 2 young (4096K), 2 survivors (4096K)
 Metaspace       used 35876K, committed 36160K, reserved 1114112K
  class space    used 3733K, committed 3840K, reserved 1048576K
}

