# JRE version: OpenJDK Runtime Environment Temurin-17.0.8+7 (17.0.8+7) (build 17.0.8+7)
# Java VM: OpenJDK 64-Bit Server VM Temurin-17.0.8+7 (17.0.8+7, mixed mode, sharing, tiered, compressed oops, compressed class ptrs, g1 gc, linux-amd64)
Heap:
 garbage-first heap   total 462848K, used 287453K [0x0000000708800000, 0x0000000800000000)
  region size 2048K, 75 young (153600K), 4 survivors (8192K)
 Metaspace       used 52622K, committed 53120K, reserved 1114112K
  class space    used 5553K, committed 5824K, reserved 1048576K
GC Heap History (20 events):
Event: 5.989 GC heap before
{Heap before GC invocations=13 (full 0):
 garbage-first heap   total 225280K, used 166117K [0x0000000708800000, 0x0000000800000000)
  region size 2048K, 20 young (40960K), 1 survivors (2048K)
 Metaspace       used 36552K, committed 36992K, reserved 1114112K
  class space    used 3819K, committed 4032K, reserved 1048576K
}
Event: 5.992 GC heap after
{Heap after GC invocations=14 (full 0):
 garbage-first heap   total 225280K, used 133977K [0x0000000708800000, 0x0000000800000000)
  region size 2048K, 3 young (6144K), 3 survivors (6144K)
 Metaspace       used 36552K, committed 36992K, reserved 1114112K
  class space    used 3819K, committed 4032K, reserved 1048576K
}
Event: 6.233 GC heap before
{Heap before GC invocations=14 (full 0):
 garbage-first heap   total 225280K, used 181081K [0x0000000708800000, 0x0000000800000000)
  region size 2048K, 26 young (53248K), 3 survivors (6144K)
 Metaspace       used 36552K, committed 36992K, reserved 1114112K
  class space    used 3819K, committed 4032K, reserved 1048576K
}
Event: 6.235 GC heap after
{Heap after GC invocations=15 (full 0):
 garbage-first heap   total 225280K, used 140194K [0x0000000708800000, 0x0000000800000000)
  region size 2048K, 4 young (8192K), 4 survivors (8192K)
 Metaspace       used 36552K, committed 36992K, reserved 1114112K
  class space    used 3819K, committed 4032K, reserved 1048576K
}
Event: 6.441 GC heap before
{Heap before GC invocations=16 (full 0):
 garbage-first heap   total 245760K, used 170914K [0x0000000708800000, 0x0000000800000000)
  region size 2048K, 20 young (40960K), 4 survivors (8192K)
 Metaspace       used 36610K, committed 36992K, reserved 1114112K
  class space    used 3822K, committed 4032K, reserved 1048576K
}
Event: 6.442 GC heap after
{Heap after GC invocations=17 (full 0):
 garbage-first heap   total 245760K, used 134090K [0x0000000708800000, 0x0000000800000000)
  region size 2048K, 1 young (2048K), 1 survivors (2048K)
 Metaspace       used 36610K, committed 36992K, reserved 1114112K
  class space    used 3822K, committed 4032K, reserved 1048576K
}
Event: 6.723 GC heap before
{Heap before GC invocations=18 (full 0):
 garbage-first heap   total 319488K, used 222154K [0x0000000708800000, 0x0000000800000000)
  region size 2048K, 32 young (65536K), 1 survivors (2048K)
 Metaspace       used 36615K, committed 36992K, reserved 1114112K
  class space    used 3822K, committed 4032K, reserved 1048576K
}
Event: 6.724 GC heap after
{Heap after GC invocations=19 (full 0):
 garbage-first heap   total 319488K, used 134302K [0x0000000708800000, 0x0000000800000000)
  region size 2048K, 2 young (4096K), 2 survivors (4096K)
 Metaspace       used 36615K, committed 36992K, reserved 1114112K
  class space    used 3822K, committed 4032K, reserved 1048576K
}
Event: 6.760 GC heap before
{Heap before GC invocations=19 (full 0):
 garbage-first heap   total 319488K, used 142494K [0x0000000708800000, 0x0000000800000000)
  region size 2048K, 7 young (14336K), 2 survivors (4096K)
 Metaspace       used 36615K, committed 36992K, reserved 1114112K
  class space    used 3822K, committed 4032K, reserved 1048576K
}
Event: 6.761 GC heap after
{Heap after GC invocations=20 (full 0):
 garbage-first heap   total 319488K, used 133841K [0x0000000708800000, 0x0000000800000000)
  region size 2048K, 1 young (2048K), 1 survivors (2048K)
 Metaspace       used 36615K, committed 36992K, reserved 1114112K
  class space    used 3822K, committed 4032K, reserved 1048576K
}
Event: 7.058 GC heap before
{Heap before GC invocations=20 (full 0):
 garbage-first heap   total 319488K, used 191185K [0x0000000708800000, 0x0000000800000000)
  region size 2048K, 30 young (61440K), 1 survivors (2048K)
 Metaspace       used 36616K, committed 36992K, reserved 1114112K
  class space    used 3822K, committed 4032K, reserved 1048576K
}
Event: 7.059 GC heap after
{Heap after GC invocations=21 (full 0):
 garbage-first heap   total 462848K, used 134211K [0x0000000708800000, 0x0000000800000000)
  region size 2048K, 1 young (2048K), 1 survivors (2048K)
 Metaspace       used 36616K, committed 36992K, reserved 1114112K
  class space    used 3822K, committed 4032K, reserved 1048576K
}
Event: 7.630 GC heap before
{Heap before GC invocations=21 (full 0):
 garbage-first heap   total 462848K, used 343107K [0x0000000708800000, 0x0000000800000000)
  region size 2048K, 55 young (112640K), 1 survivors (2048K)
 Metaspace       used 36616K, committed 36992K, reserved 1114112K
  class space    used 3822K, committed 4032K, reserved 1048576K
}
Event: 7.631 GC heap after
{Heap after GC invocations=22 (full 0):
 garbage-first heap   total 462848K, used 134195K [0x0000000708800000, 0x0000000800000000)
  region size 2048K, 1 young (2048K), 1 survivors (2048K)
 Metaspace       used 36616K, committed 36992K, reserved 1114112K
  class space    used 3822K, committed 4032K, reserved 1048576K
}
Event: 7.886 GC heap before
{Heap before GC invocations=22 (full 0):
 garbage-first heap   total 462848K, used 269363K [0x0000000708800000, 0x0000000800000000)
  region size 2048K, 34 young (69632K), 1 survivors (2048K)
 Metaspace       used 36621K, committed 36992K, reserved 1114112K
  class space    used 3822K, committed 4032K, reserved 1048576K
}
Event: 7.887 GC heap after
{Heap after GC invocations=23 (full 0):
 garbage-first heap   total 462848K, used 134242K [0x0000000708800000, 0x0000000800000000)
  region size 2048K, 1 young (2048K), 1 survivors (2048K)
 Metaspace       used 36621K, committed 36992K, reserved 1114112K
  class space    used 3822K, committed 4032K, reserved 1048576K
}
Event: 8.589 GC heap before
{Heap before GC invocations=23 (full 0):
 garbage-first heap   total 462848K, used 349282K [0x0000000708800000, 0x0000000800000000)
  region size 2048K, 58 young (118784K), 1 survivors (2048K)
 Metaspace       used 36678K, committed 37120K, reserved 1114112K
  class space    used 3826K, committed 4032K, reserved 1048576K
}
Event: 8.590 GC heap after
{Heap after GC invocations=24 (full 0):
 garbage-first heap   total 462848K, used 134262K [0x0000000708800000, 0x0000000800000000)
  region size 2048K, 1 young (2048K), 1 survivors (2048K)
 Metaspace       used 36678K, committed 37120K, reserved 1114112K
  class space    used 3826K, committed 4032K, reserved 1048576K
}
Event: 10.163 GC heap before
{Heap before GC invocations=24 (full 0):
 garbage-first heap   total 462848K, used 443510K [0x0000000708800000, 0x0000000800000000)
  region size 2048K, 104 young (212992K), 1 survivors (2048K)
 Metaspace       used 45310K, committed 45696K, reserved 1114112K
  class space    used 4905K, committed 5120K, reserved 1048576K
}
Event: 10.165 GC heap after
{Heap after GC invocations=25 (full 0):
 garbage-first heap   total 462848K, used 140173K [0x0000000708800000, 0x0000000800000000)
  region size 2048K, 4 young (8192K), 4 survivors (8192K)
 Metaspace       used 45310K, committed 45696K, reserved 1114112K
  class space    used 4905K, committed 5120K, reserved 1048576K
}

