# JRE version: OpenJDK Runtime Environment Temurin-17.0.8+7 (17.0.8+7) (build 17.0.8+7)
# Java VM: OpenJDK 64-Bit Server VM Temurin-17.0.8+7 (17.0.8+7, mixed mode, sharing, tiered, compressed oops, compressed class ptrs, g1 gc, linux-amd64)
Heap:
 garbage-first heap   total 276480K, used 158875K [0x0000000708800000, 0x0000000800000000)
  region size 2048K, 15 young (30720K), 1 survivors (2048K)
 Metaspace       used 36774K, committed 37184K, reserved 1114112K
  class space    used 3847K, committed 4032K, reserved 1048576K
GC Heap History (20 events):
Event: 3.447 GC heap before
{Heap before GC invocations=2 (full 0):
 garbage-first heap   total 258048K, used 134182K [0x0000000708800000, 0x0000000800000000)
  region size 2048K, 66 young (135168K), 3 survivors (6144K)
 Metaspace       used 21256K, committed 21504K, reserved 1114112K
  class space    used 2422K, committed 2560K, reserved 1048576K
}
Event: 3.452 GC heap after
{Heap after GC invocations=3 (full 0):
 garbage-first heap   total 258048K, used 16624K [0x0000000708800000, 0x0000000800000000)
  region size 2048K, 8 young (16384K), 8 survivors (16384K)
 Metaspace       used 21256K, committed 21504K, reserved 1114112K
  class space    used 2422K, committed 2560K, reserved 1048576K
}
Event: 3.921 GC heap before
{Heap before GC invocations=4 (full 0):
 garbage-first heap   total 75776K, used 57584K [0x0000000708800000, 0x0000000800000000)
  region size 2048K, 29 young (59392K), 8 survivors (16384K)
 Metaspace       used 24593K, committed 24832K, reserved 1114112K
  class space    used 2770K, committed 2880K, reserved 1048576K
}
Event: 3.928 GC heap after
{Heap after GC invocations=5 (full 0):
 garbage-first heap   total 90112K, used 27323K [0x0000000708800000, 0x0000000800000000)
  region size 2048K, 10 young (20480K), 10 survivors (20480K)
 Metaspace       used 24593K, committed 24832K, reserved 1114112K
  class space    used 2770K, committed 2880K, reserved 1048576K
}
Event: 4.376 GC heap before
{Heap before GC invocations=5 (full 0):
 garbage-first heap   total 90112K, used 55995K [0x0000000708800000, 0x0000000800000000)
  region size 2048K, 24 young (49152K), 10 survivors (20480K)
 Metaspace       used 26730K, committed 27072K, reserved 1114112K
  class space    used 2942K, committed 3136K, reserved 1048576K
}
Event: 4.379 GC heap after
{Heap after GC invocations=6 (full 0):
 garbage-first heap   total 90112K, used 26027K [0x0000000708800000, 0x0000000800000000)
  region size 2048K, 3 young (6144K), 3 survivors (6144K)
 Metaspace       used 26730K, committed 27072K, reserved 1114112K
  class space    used 2942K, committed 3136K, reserved 1048576K
}
Event: 5.447 GC heap before
{Heap before GC invocations=6 (full 0):
 garbage-first heap   total 90112K, used 54699K [0x0000000708800000, 0x0000000800000000)
  region size 2048K, 19 young (38912K), 3 survivors (6144K)
 Metaspace       used 35741K, committed 36096K, reserved 1114112K
  class space    used 3718K, committed 3840K, reserved 1048576K
}
Event: 5.449 GC heap after
{Heap after GC invocations=7 (full 0):
 garbage-first heap   total 90112K, used 27234K [0x0000000708800000, 0x0000000800000000)
  region size 2048K, 2 young (4096K), 2 survivors (4096K)
 Metaspace       used 35741K, committed 36096K, reserved 1114112K
  class space    used 3718K, committed 3840K, reserved 1048576K
}
Event: 5.527 GC heap before
{Heap before GC invocations=8 (full 0):
 garbage-first heap   total 90112K, used 27234K [0x0000000708800000, 0x0000000800000000)
  region size 2048K, 4 young (8192K), 2 survivors (4096K)
 Metaspace       used 36464K, committed 36864K, reserved 1114112K
  class space    used 3817K, committed 4032K, reserved 1048576K
}
Event: 5.529 GC heap after
{Heap after GC invocations=9 (full 0):
 garbage-first heap   total 90112K, used 27163K [0x0000000708800000, 0x0000000800000000)
  region size 2048K, 2 young (4096K), 2 survivors (4096K)
 Metaspace       used 36464K, committed 36864K, reserved 1114112K
  class space    used 3817K, committed 4032K, reserved 1048576K
}
Event: 5.649 GC heap before
{Heap before GC invocations=9 (full 0):
 garbage-first heap   total 90112K, used 74267K [0x0000000708800000, 0x0000000800000000)
  region size 2048K, 14 young (28672K), 2 survivors (4096K)
 Metaspace       used 36474K, committed 36864K, reserved 1114112K
  class space    used 3817K, committed 4032K, reserved 1048576K
}
Event: 5.650 GC heap after
{Heap after GC invocations=10 (full 0):
 garbage-first heap   total 90112K, used 57078K [0x0000000708800000, 0x0000000800000000)
  region size 2048K, 3 young (6144K), 3 survivors (6144K)
 Metaspace       used 36474K, committed 36864K, reserved 1114112K
  class space    used 3817K, committed 4032K, reserved 1048576K
}
Event: 5.698 GC heap before
{Heap before GC invocations=10 (full 0):
 garbage-first heap   total 90112K, used 59126K [0x0000000708800000, 0x0000000800000000)
  region size 2048K, 6 young (12288K), 3 survivors (6144K)
 Metaspace       used 36593K, committed 36992K, reserved 1114112K
  class space    used 3835K, committed 4032K, reserved 1048576K
}
Event: 5.699 GC heap after
{Heap after GC invocations=11 (full 0):
 garbage-first heap   total 90112K, used 27774K [0x0000000708800000, 0x0000000800000000)
  region size 2048K, 1 young (2048K), 1 survivors (2048K)
 Metaspace       used 36593K, committed 36992K, reserved 1114112K
  class space    used 3835K, committed 4032K, reserved 1048576K
}
Event: 5.888 GC heap before
{Heap before GC invocations=11 (full 0):
 garbage-first heap   total 186368K, used 160894K [0x0000000708800000, 0x0000000800000000)
  region size 2048K, 18 young (36864K), 1 survivors (2048K)
 Metaspace       used 36655K, committed 37056K, reserved 1114112K
  class space    used 3839K, committed 4032K, reserved 1048576K
}
Event: 5.889 GC heap after
{Heap after GC invocations=12 (full 0):
 garbage-first heap   total 186368K, used 129439K [0x0000000708800000, 0x0000000800000000)
  region size 2048K, 2 young (4096K), 2 survivors (4096K)
 Metaspace       used 36655K, committed 37056K, reserved 1114112K
  class space    used 3839K, committed 4032K, reserved 1048576K
}
Event: 5.967 GC heap before
{Heap before GC invocations=12 (full 0):
 garbage-first heap   total 186368K, used 149919K [0x0000000708800000, 0x0000000800000000)
  region size 2048K, 13 young (26624K), 2 survivors (4096K)
 Metaspace       used 36655K, committed 37056K, reserved 1114112K
  class space    used 3839K, committed 4032K, reserved 1048576K
}
Event: 5.968 GC heap after
{Heap after GC invocations=13 (full 0):
 garbage-first heap   total 186368K, used 130321K [0x0000000708800000, 0x0000000800000000)
  region size 2048K, 1 young (2048K), 1 survivors (2048K)
 Metaspace       used 36655K, committed 37056K, reserved 1114112K
  class space    used 3839K, committed 4032K, reserved 1048576K
}
Event: 6.054 GC heap before
{Heap before GC invocations=14 (full 0):
 garbage-first heap   total 229376K, used 152849K [0x0000000708800000, 0x0000000800000000)
  region size 2048K, 13 young (26624K), 1 survivors (2048K)
 Metaspace       used 36655K, committed 37056K, reserved 1114112K
  class space    used 3839K, committed 4032K, reserved 1048576K
}
Event: 6.055 GC heap after
{Heap after GC invocations=15 (full 0):
 garbage-first heap   total 276480K, used 130936K [0x0000000708800000, 0x0000000800000000)
  region size 2048K, 1 young (2048K), 1 survivors (2048K)
 Metaspace       used 36655K, committed 37056K, reserved 1114112K
  class space    used 3839K, committed 4032K, reserved 1048576K
}

