# JRE version: OpenJDK Runtime Environment Temurin-17.0.8+7 (17.0.8+7) (build 17.0.8+7)
# Java VM: OpenJDK 64-Bit Server VM Temurin-17.0.8+7 (17.0.8+7, mixed mode, sharing, tiered, compressed oops, compressed class ptrs, g1 gc, linux-amd64)
Heap:
 garbage-first heap   total 90112K, used 42675K [0x0000000708800000, 0x0000000800000000)
  region size 2048K, 12 young (24576K), 3 survivors (6144K)
 Metaspace       used 33106K, committed 33408K, reserved 1114112K
  class space    used 3449K, committed 3584K, reserved 1048576K
GC Heap History (10 events):
Event: 0.160 GC heap before
{Heap before GC invocations=0 (full 0):
 garbage-first heap   total 258048K, used 24552K [0x0000000708800000, 0x0000000800000000)
  region size 2048K, 11 young (22528K), 0 survivors (0K)
 Metaspace       used 5124K, committed 5248K, reserved 1114112K
  class space    used 607K, committed 640K, reserved 1048576K
}
Event: 0.162 GC heap after
{Heap after GC invocations=1 (full 0):
 garbage-first heap   total 258048K, used 5363K [0x0000000708800000, 0x0000000800000000)
  region size 2048K, 2 young (4096K), 2 survivors (4096K)
 Metaspace       used 5124K, committed 5248K, reserved 1114112K
  class space    used 607K, committed 640K, reserved 1048576K
}
Event: 0.396 GC heap before
{Heap before GC invocations=1 (full 0):
 garbage-first heap   total 258048K, used 36083K [0x0000000708800000, 0x0000000800000000)
  region size 2048K, 18 young (36864K), 2 survivors (4096K)
 Metaspace       used 11630K, committed 11840K, reserved 1114112K
  class space    used 1397K, committed 1472K, reserved 1048576K
}
Event: 0.398 GC heap after
{Heap after GC invocations=2 (full 0):
 garbage-first heap   total 258048K, used 7324K [0x0000000708800000, 0x0000000800000000)
  region size 2048K, 3 young (6144K), 3 survivors (6144K)
 Metaspace       used 11630K, committed 11840K, reserved 1114112K
  class space    used 1397K, committed 1472K, reserved 1048576K
}
Event: 3.096 GC heap before
{Heap before GC invocations=2 (full 0):
 garbage-first heap   total 258048K, used 134300K [0x0000000708800000, 0x0000000800000000)
  region size 2048K, 66 young (135168K), 3 survivors (6144K)
 Metaspace       used 21297K, committed 21504K, reserved 1114112K
  class space    used 2422K, committed 2560K, reserved 1048576K
}
Event: 3.101 GC heap after
{Heap after GC invocations=3 (full 0):
 garbage-first heap   total 258048K, used 16760K [0x0000000708800000, 0x0000000800000000)
  region size 2048K, 8 young (16384K), 8 survivors (16384K)
 Metaspace       used 21297K, committed 21504K, reserved 1114112K
  class space    used 2422K, committed 2560K, reserved 1048576K
}
Event: 3.526 GC heap before
{Heap before GC invocations=4 (full 0):
 garbage-first heap   total 75776K, used 57720K [0x0000000708800000, 0x0000000800000000)
  region size 2048K, 29 young (59392K), 8 survivors (16384K)
 Metaspace       used 24615K, committed 24832K, reserved 1114112K
  class space    used 2770K, committed 2880K, reserved 1048576K
}
Event: 3.533 GC heap after
{Heap after GC invocations=5 (full 0):
 garbage-first heap   total 90112K, used 27380K [0x0000000708800000, 0x0000000800000000)
  region size 2048K, 10 young (20480K), 10 survivors (20480K)
 Metaspace       used 24615K, committed 24832K, reserved 1114112K
  class space    used 2770K, committed 2880K, reserved 1048576K
}
Event: 3.976 GC heap before
{Heap before GC invocations=5 (full 0):
 garbage-first heap   total 90112K, used 56052K [0x0000000708800000, 0x0000000800000000)
  region size 2048K, 24 young (49152K), 10 survivors (20480K)
 Metaspace       used 26726K, committed 27008K, reserved 1114112K
  class space    used 2942K, committed 3136K, reserved 1048576K
}
Event: 3.979 GC heap after
{Heap after GC invocations=6 (full 0):
 garbage-first heap   total 90112K, used 25316K [0x0000000708800000, 0x0000000800000000)
  region size 2048K, 3 young (6144K), 3 survivors (6144K)
 Metaspace       used 26726K, committed 27008K, reserved 1114112K
  class space    used 2942K, committed 3136K, reserved 1048576K
}

