# JRE version: OpenJDK Runtime Environment Temurin-17.0.8+7 (17.0.8+7) (build 17.0.8+7)
# Java VM: OpenJDK 64-Bit Server VM Temurin-17.0.8+7 (17.0.8+7, mixed mode, sharing, tiered, compressed oops, compressed class ptrs, g1 gc, linux-amd64)
Heap:
 garbage-first heap   total 466944K, used 248288K [0x0000000708800000, 0x0000000800000000)
  region size 2048K, 59 young (120832K), 5 survivors (10240K)
 Metaspace       used 52544K, committed 52992K, reserved 1114112K
  class space    used 5552K, committed 5760K, reserved 1048576K
GC Heap History (20 events):
Event: 6.623 GC heap before
{Heap before GC invocations=13 (full 0):
 garbage-first heap   total 284672K, used 178641K [0x0000000708800000, 0x0000000800000000)
  region size 2048K, 25 young (51200K), 3 survivors (6144K)
 Metaspace       used 36619K, committed 36992K, reserved 1114112K
  class space    used 3822K, committed 4032K, reserved 1048576K
}
Event: 6.624 GC heap after
{Heap after GC invocations=14 (full 0):
 garbage-first heap   total 284672K, used 131349K [0x0000000708800000, 0x0000000800000000)
  region size 2048K, 1 young (2048K), 1 survivors (2048K)
 Metaspace       used 36619K, committed 36992K, reserved 1114112K
  class space    used 3822K, committed 4032K, reserved 1048576K
}
Event: 6.713 GC heap before
{Heap before GC invocations=15 (full 0):
 garbage-first heap   total 198656K, used 77941K [0x0000000708800000, 0x0000000800000000)
  region size 2048K, 14 young (28672K), 1 survivors (2048K)
 Metaspace       used 36621K, committed 36992K, reserved 1114112K
  class space    used 3822K, committed 4032K, reserved 1048576K
}
Event: 6.713 GC heap after
{Heap after GC invocations=16 (full 0):
 garbage-first heap   total 198656K, used 26759K [0x0000000708800000, 0x0000000800000000)
  region size 2048K, 1 young (2048K), 1 survivors (2048K)
 Metaspace       used 36621K, committed 36992K, reserved 1114112K
  class space    used 3822K, committed 4032K, reserved 1048576K
}
Event: 6.941 GC heap before
{Heap before GC invocations=16 (full 0):
 garbage-first heap   total 198656K, used 184455K [0x0000000708800000, 0x0000000800000000)
  region size 2048K, 30 young (61440K), 1 survivors (2048K)
 Metaspace       used 36621K, committed 36992K, reserved 1114112K
  class space    used 3822K, committed 4032K, reserved 1048576K
}
Event: 6.942 GC heap after
{Heap after GC invocations=17 (full 0):
 garbage-first heap   total 198656K, used 130146K [0x0000000708800000, 0x0000000800000000)
  region size 2048K, 2 young (4096K), 2 survivors (4096K)
 Metaspace       used 36621K, committed 36992K, reserved 1114112K
  class space    used 3822K, committed 4032K, reserved 1048576K
}
Event: 7.068 GC heap before
{Heap before GC invocations=17 (full 0):
 garbage-first heap   total 198656K, used 164962K [0x0000000708800000, 0x0000000800000000)
  region size 2048K, 19 young (38912K), 2 survivors (4096K)
 Metaspace       used 36621K, committed 36992K, reserved 1114112K
  class space    used 3822K, committed 4032K, reserved 1048576K
}
Event: 7.069 GC heap after
{Heap after GC invocations=18 (full 0):
 garbage-first heap   total 198656K, used 130940K [0x0000000708800000, 0x0000000800000000)
  region size 2048K, 2 young (4096K), 2 survivors (4096K)
 Metaspace       used 36621K, committed 36992K, reserved 1114112K
  class space    used 3822K, committed 4032K, reserved 1048576K
}
Event: 7.197 GC heap before
{Heap before GC invocations=19 (full 0):
 garbage-first heap   total 229376K, used 141180K [0x0000000708800000, 0x0000000800000000)
  region size 2048K, 8 young (16384K), 2 survivors (4096K)
 Metaspace       used 36623K, committed 36992K, reserved 1114112K
  class space    used 3822K, committed 4032K, reserved 1048576K
}
Event: 7.198 GC heap after
{Heap after GC invocations=20 (full 0):
 garbage-first heap   total 229376K, used 127211K [0x0000000708800000, 0x0000000800000000)
  region size 2048K, 1 young (2048K), 1 survivors (2048K)
 Metaspace       used 36623K, committed 36992K, reserved 1114112K
  class space    used 3822K, committed 4032K, reserved 1048576K
}
Event: 7.488 GC heap before
{Heap before GC invocations=21 (full 0):
 garbage-first heap   total 389120K, used 289003K [0x0000000708800000, 0x0000000800000000)
  region size 2048K, 31 young (63488K), 1 survivors (2048K)
 Metaspace       used 36623K, committed 36992K, reserved 1114112K
  class space    used 3822K, committed 4032K, reserved 1048576K
}
Event: 7.491 GC heap after
{Heap after GC invocations=22 (full 0):
 garbage-first heap   total 466944K, used 231512K [0x0000000708800000, 0x0000000800000000)
  region size 2048K, 2 young (4096K), 2 survivors (4096K)
 Metaspace       used 36623K, committed 36992K, reserved 1114112K
  class space    used 3822K, committed 4032K, reserved 1048576K
}
Event: 7.762 GC heap before
{Heap before GC invocations=22 (full 0):
 garbage-first heap   total 466944K, used 278616K [0x0000000708800000, 0x0000000800000000)
  region size 2048K, 26 young (53248K), 2 survivors (4096K)
 Metaspace       used 36623K, committed 36992K, reserved 1114112K
  class space    used 3822K, committed 4032K, reserved 1048576K
}
Event: 7.763 GC heap after
{Heap after GC invocations=23 (full 0):
 garbage-first heap   total 466944K, used 127196K [0x0000000708800000, 0x0000000800000000)
  region size 2048K, 1 young (2048K), 1 survivors (2048K)
 Metaspace       used 36623K, committed 36992K, reserved 1114112K
  class space    used 3822K, committed 4032K, reserved 1048576K
}
Event: 7.996 GC heap before
{Heap before GC invocations=23 (full 0):
 garbage-first heap   total 466944K, used 262364K [0x0000000708800000, 0x0000000800000000)
  region size 2048K, 34 young (69632K), 1 survivors (2048K)
 Metaspace       used 36627K, committed 36992K, reserved 1114112K
  class space    used 3822K, committed 4032K, reserved 1048576K
}
Event: 7.998 GC heap after
{Heap after GC invocations=24 (full 0):
 garbage-first heap   total 466944K, used 127241K [0x0000000708800000, 0x0000000800000000)
  region size 2048K, 1 young (2048K), 1 survivors (2048K)
 Metaspace       used 36627K, committed 36992K, reserved 1114112K
  class space    used 3822K, committed 4032K, reserved 1048576K
}
Event: 8.664 GC heap before
{Heap before GC invocations=24 (full 0):
 garbage-first heap   total 466944K, used 342281K [0x0000000708800000, 0x0000000800000000)
  region size 2048K, 58 young (118784K), 1 survivors (2048K)
 Metaspace       used 36685K, committed 37120K, reserved 1114112K
  class space    used 3827K, committed 4032K, reserved 1048576K
}
Event: 8.665 GC heap after
{Heap after GC invocations=25 (full 0):
 garbage-first heap   total 466944K, used 127251K [0x0000000708800000, 0x0000000800000000)
  region size 2048K, 1 young (2048K), 1 survivors (2048K)
 Metaspace       used 36685K, committed 37120K, reserved 1114112K
  class space    used 3827K, committed 4032K, reserved 1048576K
}
Event: 10.311 GC heap before
{Heap before GC invocations=25 (full 0):
 garbage-first heap   total 466944K, used 448787K [0x0000000708800000, 0x0000000800000000)
  region size 2048K, 110 young (225280K), 1 survivors (2048K)
 Metaspace       used 47986K, committed 48320K, reserved 1114112K
  class space    used 5204K, committed 5376K, reserved 1048576K
}
Event: 10.314 GC heap after
{Heap after GC invocations=26 (full 0):
 garbage-first heap   total 466944K, used 135796K [0x0000000708800000, 0x0000000800000000)
  region size 2048K, 5 young (10240K), 5 survivors (10240K)
 Metaspace       used 47986K, committed 48320K, reserved 1114112K
  class space    used 5204K, committed 5376K, reserved 1048576K
}

