# JRE version: OpenJDK Runtime Environment Temurin-17.0.8+7 (17.0.8+7) (build 17.0.8+7)
# Java VM: OpenJDK 64-Bit Server VM Temurin-17.0.8+7 (17.0.8+7, mixed mode, sharing, tiered, compressed oops, compressed class ptrs, g1 gc, linux-amd64)
Heap:
 garbage-first heap   total 385024K, used 332143K [0x0000000708800000, 0x0000000800000000)
  region size 2048K, 97 young (198656K), 2 survivors (4096K)
 Metaspace       used 52622K, committed 53056K, reserved 1114112K
  class space    used 5551K, committed 5760K, reserved 1048576K
GC Heap History (20 events):
Event: 6.340 GC heap before
{Heap before GC invocations=16 (full 0):
 garbage-first heap   total 239616K, used 168489K [0x0000000708800000, 0x0000000800000000)
  region size 2048K, 18 young (36864K), 2 survivors (4096K)
 Metaspace       used 36605K, committed 36992K, reserved 1114112K
  class space    used 3822K, committed 4032K, reserved 1048576K
}
Event: 6.341 GC heap after
{Heap after GC invocations=17 (full 0):
 garbage-first heap   total 239616K, used 137598K [0x0000000708800000, 0x0000000800000000)
  region size 2048K, 1 young (2048K), 1 survivors (2048K)
 Metaspace       used 36605K, committed 36992K, reserved 1114112K
  class space    used 3822K, committed 4032K, reserved 1048576K
}
Event: 6.575 GC heap before
{Heap before GC invocations=18 (full 0):
 garbage-first heap   total 319488K, used 217189K [0x0000000708800000, 0x0000000800000000)
  region size 2048K, 29 young (59392K), 1 survivors (2048K)
 Metaspace       used 36608K, committed 36992K, reserved 1114112K
  class space    used 3822K, committed 4032K, reserved 1048576K
}
Event: 6.576 GC heap after
{Heap after GC invocations=19 (full 0):
 garbage-first heap   total 319488K, used 135137K [0x0000000708800000, 0x0000000800000000)
  region size 2048K, 1 young (2048K), 1 survivors (2048K)
 Metaspace       used 36608K, committed 36992K, reserved 1114112K
  class space    used 3822K, committed 4032K, reserved 1048576K
}
Event: 6.621 GC heap before
{Heap before GC invocations=19 (full 0):
 garbage-first heap   total 319488K, used 145377K [0x0000000708800000, 0x0000000800000000)
  region size 2048K, 7 young (14336K), 1 survivors (2048K)
 Metaspace       used 36608K, committed 36992K, reserved 1114112K
  class space    used 3822K, committed 4032K, reserved 1048576K
}
Event: 6.622 GC heap after
{Heap after GC invocations=20 (full 0):
 garbage-first heap   total 319488K, used 133702K [0x0000000708800000, 0x0000000800000000)
  region size 2048K, 1 young (2048K), 1 survivors (2048K)
 Metaspace       used 36608K, committed 36992K, reserved 1114112K
  class space    used 3822K, committed 4032K, reserved 1048576K
}
Event: 6.934 GC heap before
{Heap before GC invocations=20 (full 0):
 garbage-first heap   total 319488K, used 195142K [0x0000000708800000, 0x0000000800000000)
  region size 2048K, 32 young (65536K), 1 survivors (2048K)
 Metaspace       used 36610K, committed 36992K, reserved 1114112K
  class space    used 3822K, committed 4032K, reserved 1048576K
}
Event: 6.935 GC heap after
{Heap after GC invocations=21 (full 0):
 garbage-first heap   total 385024K, used 133163K [0x0000000708800000, 0x0000000800000000)
  region size 2048K, 1 young (2048K), 1 survivors (2048K)
 Metaspace       used 36610K, committed 36992K, reserved 1114112K
  class space    used 3822K, committed 4032K, reserved 1048576K
}
Event: 7.481 GC heap before
{Heap before GC invocations=21 (full 0):
 garbage-first heap   total 385024K, used 342059K [0x0000000708800000, 0x0000000800000000)
  region size 2048K, 55 young (112640K), 1 survivors (2048K)
 Metaspace       used 36610K, committed 36992K, reserved 1114112K
  class space    used 3822K, committed 4032K, reserved 1048576K
}
Event: 7.482 GC heap after
{Heap after GC invocations=22 (full 0):
 garbage-first heap   total 385024K, used 133144K [0x0000000708800000, 0x0000000800000000)
  region size 2048K, 1 young (2048K), 1 survivors (2048K)
 Metaspace       used 36610K, committed 36992K, reserved 1114112K
  class space    used 3822K, committed 4032K, reserved 1048576K
}
Event: 7.597 GC heap before
{Heap before GC invocations=22 (full 0):
 garbage-first heap   total 385024K, used 186392K [0x0000000708800000, 0x0000000800000000)
  region size 2048K, 15 young (30720K), 1 survivors (2048K)
 Metaspace       used 36611K, committed 36992K, reserved 1114112K
  class space    used 3822K, committed 4032K, reserved 1048576K
}
Event: 7.598 GC heap after
{Heap after GC invocations=23 (full 0):
 garbage-first heap   total 385024K, used 133148K [0x0000000708800000, 0x0000000800000000)
  region size 2048K, 1 young (2048K), 1 survivors (2048K)
 Metaspace       used 36611K, committed 36992K, reserved 1114112K
  class space    used 3822K, committed 4032K, reserved 1048576K
}
Event: 7.691 GC heap before
{Heap before GC invocations=23 (full 0):
 garbage-first heap   total 385024K, used 198684K [0x0000000708800000, 0x0000000800000000)
  region size 2048K, 17 young (34816K), 1 survivors (2048K)
 Metaspace       used 36613K, committed 36992K, reserved 1114112K
  class space    used 3822K, committed 4032K, reserved 1048576K
}
Event: 7.692 GC heap after
{Heap after GC invocations=24 (full 0):
 garbage-first heap   total 385024K, used 133161K [0x0000000708800000, 0x0000000800000000)
  region size 2048K, 1 young (2048K), 1 survivors (2048K)
 Metaspace       used 36613K, committed 36992K, reserved 1114112K
  class space    used 3822K, committed 4032K, reserved 1048576K
}
Event: 7.715 GC heap before
{Heap before GC invocations=24 (full 0):
 garbage-first heap   total 385024K, used 147497K [0x0000000708800000, 0x0000000800000000)
  region size 2048K, 5 young (10240K), 1 survivors (2048K)
 Metaspace       used 36614K, committed 36992K, reserved 1114112K
  class space    used 3822K, committed 4032K, reserved 1048576K
}
Event: 7.716 GC heap after
{Heap after GC invocations=25 (full 0):
 garbage-first heap   total 385024K, used 133191K [0x0000000708800000, 0x0000000800000000)
  region size 2048K, 1 young (2048K), 1 survivors (2048K)
 Metaspace       used 36614K, committed 36992K, reserved 1114112K
  class space    used 3822K, committed 4032K, reserved 1048576K
}
Event: 8.383 GC heap before
{Heap before GC invocations=25 (full 0):
 garbage-first heap   total 385024K, used 348231K [0x0000000708800000, 0x0000000800000000)
  region size 2048K, 58 young (118784K), 1 survivors (2048K)
 Metaspace       used 36671K, committed 37056K, reserved 1114112K
  class space    used 3826K, committed 4032K, reserved 1048576K
}
Event: 8.384 GC heap after
{Heap after GC invocations=26 (full 0):
 garbage-first heap   total 385024K, used 133213K [0x0000000708800000, 0x0000000800000000)
  region size 2048K, 1 young (2048K), 1 survivors (2048K)
 Metaspace       used 36671K, committed 37056K, reserved 1114112K
  class space    used 3826K, committed 4032K, reserved 1048576K
}
Event: 9.415 GC heap before
{Heap before GC invocations=26 (full 0):
 garbage-first heap   total 385024K, used 374877K [0x0000000708800000, 0x0000000800000000)
  region size 2048K, 71 young (145408K), 1 survivors (2048K)
 Metaspace       used 41611K, committed 41984K, reserved 1114112K
  class space    used 4539K, committed 4736K, reserved 1048576K
}
Event: 9.416 GC heap after
{Heap after GC invocations=27 (full 0):
 garbage-first heap   total 385024K, used 135763K [0x0000000708800000, 0x0000000800000000)
  region size 2048K, 2 young (4096K), 2 survivors (4096K)
 Metaspace       used 41611K, committed 41984K, reserved 1114112K
  class space    used 4539K, committed 4736K, reserved 1048576K
}

