# JRE version: OpenJDK Runtime Environment Temurin-17.0.8+7 (17.0.8+7) (build 17.0.8+7)
# Java VM: OpenJDK 64-Bit Server VM Temurin-17.0.8+7 (17.0.8+7, mixed mode, sharing, tiered, compressed oops, compressed class ptrs, g1 gc, linux-amd64)
Heap:
 garbage-first heap   total 317440K, used 165312K [0x0000000708800000, 0x0000000800000000)
  region size 2048K, 66 young (135168K), 3 survivors (6144K)
 Metaspace       used 52592K, committed 53056K, reserved 1114112K
  class space    used 5566K, committed 5760K, reserved 1048576K
GC Heap History (20 events):
Event: 4.797 GC heap before
{Heap before GC invocations=7 (full 0):
 garbage-first heap   total 81920K, used 35250K [0x0000000708800000, 0x0000000800000000)
  region size 2048K, 9 young (18432K), 3 survivors (6144K)
 Metaspace       used 35766K, committed 36096K, reserved 1114112K
  class space    used 3720K, committed 3904K, reserved 1048576K
}
Event: 4.799 GC heap after
{Heap after GC invocations=8 (full 0):
 garbage-first heap   total 81920K, used 28133K [0x0000000708800000, 0x0000000800000000)
  region size 2048K, 1 young (2048K), 1 survivors (2048K)
 Metaspace       used 35766K, committed 36096K, reserved 1114112K
  class space    used 3720K, committed 3904K, reserved 1048576K
}
Event: 4.856 GC heap before
{Heap before GC invocations=9 (full 0):
 garbage-first heap   total 81920K, used 30181K [0x0000000708800000, 0x0000000800000000)
  region size 2048K, 3 young (6144K), 1 survivors (2048K)
 Metaspace       used 36456K, committed 36864K, reserved 1114112K
  class space    used 3817K, committed 4032K, reserved 1048576K
}
Event: 4.857 GC heap after
{Heap after GC invocations=10 (full 0):
 garbage-first heap   total 81920K, used 27756K [0x0000000708800000, 0x0000000800000000)
  region size 2048K, 1 young (2048K), 1 survivors (2048K)
 Metaspace       used 36456K, committed 36864K, reserved 1114112K
  class space    used 3817K, committed 4032K, reserved 1048576K
}
Event: 4.965 GC heap before
{Heap before GC invocations=10 (full 0):
 garbage-first heap   total 81920K, used 68716K [0x0000000708800000, 0x0000000800000000)
  region size 2048K, 10 young (20480K), 1 survivors (2048K)
 Metaspace       used 36467K, committed 36864K, reserved 1114112K
  class space    used 3817K, committed 4032K, reserved 1048576K
}
Event: 4.966 GC heap after
{Heap after GC invocations=11 (full 0):
 garbage-first heap   total 98304K, used 56632K [0x0000000708800000, 0x0000000800000000)
  region size 2048K, 2 young (4096K), 2 survivors (4096K)
 Metaspace       used 36467K, committed 36864K, reserved 1114112K
  class space    used 3817K, committed 4032K, reserved 1048576K
}
Event: 5.053 GC heap before
{Heap before GC invocations=11 (full 0):
 garbage-first heap   total 98304K, used 64824K [0x0000000708800000, 0x0000000800000000)
  region size 2048K, 8 young (16384K), 2 survivors (4096K)
 Metaspace       used 36584K, committed 36992K, reserved 1114112K
  class space    used 3834K, committed 4032K, reserved 1048576K
}
Event: 5.054 GC heap after
{Heap after GC invocations=12 (full 0):
 garbage-first heap   total 98304K, used 27740K [0x0000000708800000, 0x0000000800000000)
  region size 2048K, 1 young (2048K), 1 survivors (2048K)
 Metaspace       used 36584K, committed 36992K, reserved 1114112K
  class space    used 3834K, committed 4032K, reserved 1048576K
}
Event: 5.280 GC heap before
{Heap before GC invocations=12 (full 0):
 garbage-first heap   total 188416K, used 171100K [0x0000000708800000, 0x0000000800000000)
  region size 2048K, 23 young (47104K), 1 survivors (2048K)
 Metaspace       used 36646K, committed 37056K, reserved 1114112K
  class space    used 3838K, committed 4032K, reserved 1048576K
}
Event: 5.281 GC heap after
{Heap after GC invocations=13 (full 0):
 garbage-first heap   total 188416K, used 130586K [0x0000000708800000, 0x0000000800000000)
  region size 2048K, 2 young (4096K), 2 survivors (4096K)
 Metaspace       used 36646K, committed 37056K, reserved 1114112K
  class space    used 3838K, committed 4032K, reserved 1048576K
}
Event: 5.367 GC heap before
{Heap before GC invocations=13 (full 0):
 garbage-first heap   total 188416K, used 153114K [0x0000000708800000, 0x0000000800000000)
  region size 2048K, 14 young (28672K), 2 survivors (4096K)
 Metaspace       used 36646K, committed 37056K, reserved 1114112K
  class space    used 3838K, committed 4032K, reserved 1048576K
}
Event: 5.367 GC heap after
{Heap after GC invocations=14 (full 0):
 garbage-first heap   total 188416K, used 131370K [0x0000000708800000, 0x0000000800000000)
  region size 2048K, 1 young (2048K), 1 survivors (2048K)
 Metaspace       used 36646K, committed 37056K, reserved 1114112K
  class space    used 3838K, committed 4032K, reserved 1048576K
}
Event: 5.462 GC heap before
{Heap before GC invocations=15 (full 0):
 garbage-first heap   total 229376K, used 155946K [0x0000000708800000, 0x0000000800000000)
  region size 2048K, 14 young (28672K), 1 survivors (2048K)
 Metaspace       used 36646K, committed 37056K, reserved 1114112K
  class space    used 3838K, committed 4032K, reserved 1048576K
}
Event: 5.464 GC heap after
{Heap after GC invocations=16 (full 0):
 garbage-first heap   total 229376K, used 131956K [0x0000000708800000, 0x0000000800000000)
  region size 2048K, 1 young (2048K), 1 survivors (2048K)
 Metaspace       used 36646K, committed 37056K, reserved 1114112K
  class space    used 3838K, committed 4032K, reserved 1048576K
}
Event: 5.564 GC heap before
{Heap before GC invocations=16 (full 0):
 garbage-first heap   total 229376K, used 142196K [0x0000000708800000, 0x0000000800000000)
  region size 2048K, 7 young (14336K), 1 survivors (2048K)
 Metaspace       used 36745K, committed 37184K, reserved 1114112K
  class space    used 3844K, committed 4032K, reserved 1048576K
}
Event: 5.565 GC heap after
{Heap after GC invocations=17 (full 0):
 garbage-first heap   total 229376K, used 130710K [0x0000000708800000, 0x0000000800000000)
  region size 2048K, 1 young (2048K), 1 survivors (2048K)
 Metaspace       used 36745K, committed 37184K, reserved 1114112K
  class space    used 3844K, committed 4032K, reserved 1048576K
}
Event: 5.787 GC heap before
{Heap before GC invocations=18 (full 0):
 garbage-first heap   total 317440K, used 190578K [0x0000000708800000, 0x0000000800000000)
  region size 2048K, 31 young (63488K), 1 survivors (2048K)
 Metaspace       used 36745K, committed 37184K, reserved 1114112K
  class space    used 3844K, committed 4032K, reserved 1048576K
}
Event: 5.787 GC heap after
{Heap after GC invocations=19 (full 0):
 garbage-first heap   total 317440K, used 130315K [0x0000000708800000, 0x0000000800000000)
  region size 2048K, 1 young (2048K), 1 survivors (2048K)
 Metaspace       used 36745K, committed 37184K, reserved 1114112K
  class space    used 3844K, committed 4032K, reserved 1048576K
}
Event: 7.014 GC heap before
{Heap before GC invocations=19 (full 0):
 garbage-first heap   total 317440K, used 269579K [0x0000000708800000, 0x0000000800000000)
  region size 2048K, 69 young (141312K), 1 survivors (2048K)
 Metaspace       used 44670K, committed 45056K, reserved 1114112K
  class space    used 4854K, committed 5056K, reserved 1048576K
}
Event: 7.016 GC heap after
{Heap after GC invocations=20 (full 0):
 garbage-first heap   total 317440K, used 34524K [0x0000000708800000, 0x0000000800000000)
  region size 2048K, 3 young (6144K), 3 survivors (6144K)
 Metaspace       used 44670K, committed 45056K, reserved 1114112K
  class space    used 4854K, committed 5056K, reserved 1048576K
}

