# JRE version: OpenJDK Runtime Environment Temurin-17.0.8+7 (17.0.8+7) (build 17.0.8+7)
# Java VM: OpenJDK 64-Bit Server VM Temurin-17.0.8+7 (17.0.8+7, mixed mode, sharing, tiered, compressed oops, compressed class ptrs, g1 gc, linux-amd64)
Heap:
 garbage-first heap   total 122880K, used 88414K [0x0000000708800000, 0x0000000800000000)
  region size 2048K, 27 young (55296K), 2 survivors (4096K)
 Metaspace       used 52644K, committed 53120K, reserved 1114112K
  class space    used 5568K, committed 5760K, reserved 1048576K
GC Heap History (20 events):
Event: 5.253 GC heap before
{Heap before GC invocations=9 (full 0):
 garbage-first heap   total 90112K, used 74337K [0x0000000708800000, 0x0000000800000000)
  region size 2048K, 14 young (28672K), 2 survivors (4096K)
 Metaspace       used 36473K, committed 36864K, reserved 1114112K
  class space    used 3817K, committed 4032K, reserved 1048576K
}
Event: 5.254 GC heap after
{Heap after GC invocations=10 (full 0):
 garbage-first heap   total 90112K, used 56983K [0x0000000708800000, 0x0000000800000000)
  region size 2048K, 3 young (6144K), 3 survivors (6144K)
 Metaspace       used 36473K, committed 36864K, reserved 1114112K
  class space    used 3817K, committed 4032K, reserved 1048576K
}
Event: 5.294 GC heap before
{Heap before GC invocations=10 (full 0):
 garbage-first heap   total 90112K, used 61079K [0x0000000708800000, 0x0000000800000000)
  region size 2048K, 6 young (12288K), 3 survivors (6144K)
 Metaspace       used 36589K, committed 36992K, reserved 1114112K
  class space    used 3834K, committed 4032K, reserved 1048576K
}
Event: 5.295 GC heap after
{Heap after GC invocations=11 (full 0):
 garbage-first heap   total 90112K, used 27830K [0x0000000708800000, 0x0000000800000000)
  region size 2048K, 1 young (2048K), 1 survivors (2048K)
 Metaspace       used 36589K, committed 36992K, reserved 1114112K
  class space    used 3834K, committed 4032K, reserved 1048576K
}
Event: 5.475 GC heap before
{Heap before GC invocations=11 (full 0):
 garbage-first heap   total 186368K, used 160950K [0x0000000708800000, 0x0000000800000000)
  region size 2048K, 18 young (36864K), 1 survivors (2048K)
 Metaspace       used 36651K, committed 37056K, reserved 1114112K
  class space    used 3838K, committed 4032K, reserved 1048576K
}
Event: 5.475 GC heap after
{Heap after GC invocations=12 (full 0):
 garbage-first heap   total 225280K, used 129483K [0x0000000708800000, 0x0000000800000000)
  region size 2048K, 2 young (4096K), 2 survivors (4096K)
 Metaspace       used 36651K, committed 37056K, reserved 1114112K
  class space    used 3838K, committed 4032K, reserved 1048576K
}
Event: 5.659 GC heap before
{Heap before GC invocations=12 (full 0):
 garbage-first heap   total 225280K, used 178635K [0x0000000708800000, 0x0000000800000000)
  region size 2048K, 27 young (55296K), 2 survivors (4096K)
 Metaspace       used 36651K, committed 37056K, reserved 1114112K
  class space    used 3838K, committed 4032K, reserved 1048576K
}
Event: 5.660 GC heap after
{Heap after GC invocations=13 (full 0):
 garbage-first heap   total 225280K, used 131038K [0x0000000708800000, 0x0000000800000000)
  region size 2048K, 2 young (4096K), 2 survivors (4096K)
 Metaspace       used 36651K, committed 37056K, reserved 1114112K
  class space    used 3838K, committed 4032K, reserved 1048576K
}
Event: 5.800 GC heap before
{Heap before GC invocations=14 (full 0):
 garbage-first heap   total 229376K, used 149470K [0x0000000708800000, 0x0000000800000000)
  region size 2048K, 13 young (26624K), 2 survivors (4096K)
 Metaspace       used 36750K, committed 37120K, reserved 1114112K
  class space    used 3844K, committed 4032K, reserved 1048576K
}
Event: 5.801 GC heap after
{Heap after GC invocations=15 (full 0):
 garbage-first heap   total 229376K, used 27119K [0x0000000708800000, 0x0000000800000000)
  region size 2048K, 1 young (2048K), 1 survivors (2048K)
 Metaspace       used 36750K, committed 37120K, reserved 1114112K
  class space    used 3844K, committed 4032K, reserved 1048576K
}
Event: 6.067 GC heap before
{Heap before GC invocations=15 (full 0):
 garbage-first heap   total 229376K, used 211439K [0x0000000708800000, 0x0000000800000000)
  region size 2048K, 43 young (88064K), 1 survivors (2048K)
 Metaspace       used 36750K, committed 37120K, reserved 1114112K
  class space    used 3844K, committed 4032K, reserved 1048576K
}
Event: 6.067 GC heap after
{Heap after GC invocations=16 (full 0):
 garbage-first heap   total 229376K, used 129013K [0x0000000708800000, 0x0000000800000000)
  region size 2048K, 1 young (2048K), 1 survivors (2048K)
 Metaspace       used 36750K, committed 37120K, reserved 1114112K
  class space    used 3844K, committed 4032K, reserved 1048576K
}
Event: 6.856 GC heap before
{Heap before GC invocations=16 (full 0):
 garbage-first heap   total 229376K, used 190453K [0x0000000708800000, 0x0000000800000000)
  region size 2048K, 31 young (63488K), 1 survivors (2048K)
 Metaspace       used 42116K, committed 42560K, reserved 1114112K
  class space    used 4594K, committed 4800K, reserved 1048576K
}
Event: 6.858 GC heap after
{Heap after GC invocations=17 (full 0):
 garbage-first heap   total 229376K, used 29956K [0x0000000708800000, 0x0000000800000000)
  region size 2048K, 2 young (4096K), 2 survivors (4096K)
 Metaspace       used 42116K, committed 42560K, reserved 1114112K
  class space    used 4594K, committed 4800K, reserved 1048576K
}
Event: 7.479 GC heap before
{Heap before GC invocations=18 (full 0):
 garbage-first heap   total 122880K, used 99588K [0x0000000708800000, 0x0000000800000000)
  region size 2048K, 36 young (73728K), 2 survivors (4096K)
 Metaspace       used 46798K, committed 47232K, reserved 1114112K
  class space    used 5069K, committed 5248K, reserved 1048576K
}
Event: 7.482 GC heap after
{Heap after GC invocations=19 (full 0):
 garbage-first heap   total 122880K, used 33607K [0x0000000708800000, 0x0000000800000000)
  region size 2048K, 4 young (8192K), 4 survivors (8192K)
 Metaspace       used 46798K, committed 47232K, reserved 1114112K
  class space    used 5069K, committed 5248K, reserved 1048576K
}
Event: 7.513 GC heap before
{Heap before GC invocations=19 (full 0):
 garbage-first heap   total 122880K, used 35655K [0x0000000708800000, 0x0000000800000000)
  region size 2048K, 5 young (10240K), 4 survivors (8192K)
 Metaspace       used 47057K, committed 47488K, reserved 1114112K
  class space    used 5117K, committed 5312K, reserved 1048576K
}
Event: 7.515 GC heap after
{Heap after GC invocations=20 (full 0):
 garbage-first heap   total 122880K, used 34670K [0x0000000708800000, 0x0000000800000000)
  region size 2048K, 1 young (2048K), 1 survivors (2048K)
 Metaspace       used 47057K, committed 47488K, reserved 1114112K
  class space    used 5117K, committed 5312K, reserved 1048576K
}
Event: 7.899 GC heap before
{Heap before GC invocations=20 (full 0):
 garbage-first heap   total 122880K, used 96110K [0x0000000708800000, 0x0000000800000000)
  region size 2048K, 30 young (61440K), 1 survivors (2048K)
 Metaspace       used 49779K, committed 50176K, reserved 1114112K
  class space    used 5341K, committed 5504K, reserved 1048576K
}
Event: 7.901 GC heap after
{Heap after GC invocations=21 (full 0):
 garbage-first heap   total 122880K, used 37644K [0x0000000708800000, 0x0000000800000000)
  region size 2048K, 2 young (4096K), 2 survivors (4096K)
 Metaspace       used 49779K, committed 50176K, reserved 1114112K
  class space    used 5341K, committed 5504K, reserved 1048576K
}

