# JRE version: OpenJDK Runtime Environment Temurin-17.0.8+7 (17.0.8+7) (build 17.0.8+7)
# Java VM: OpenJDK 64-Bit Server VM Temurin-17.0.8+7 (17.0.8+7, mixed mode, sharing, tiered, compressed oops, compressed class ptrs, g1 gc, linux-amd64)
Heap:
 garbage-first heap   total 122880K, used 81028K [0x0000000708800000, 0x0000000800000000)
  region size 2048K, 24 young (49152K), 2 survivors (4096K)
 Metaspace       used 52612K, committed 53056K, reserved 1114112K
  class space    used 5570K, committed 5760K, reserved 1048576K
GC Heap History (20 events):
Event: 5.531 GC heap before
{Heap before GC invocations=9 (full 0):
 garbage-first heap   total 90112K, used 74288K [0x0000000708800000, 0x0000000800000000)
  region size 2048K, 14 young (28672K), 2 survivors (4096K)
 Metaspace       used 36475K, committed 36864K, reserved 1114112K
  class space    used 3817K, committed 4032K, reserved 1048576K
}
Event: 5.532 GC heap after
{Heap after GC invocations=10 (full 0):
 garbage-first heap   total 90112K, used 57254K [0x0000000708800000, 0x0000000800000000)
  region size 2048K, 3 young (6144K), 3 survivors (6144K)
 Metaspace       used 36475K, committed 36864K, reserved 1114112K
  class space    used 3817K, committed 4032K, reserved 1048576K
}
Event: 5.584 GC heap before
{Heap before GC invocations=10 (full 0):
 garbage-first heap   total 90112K, used 59302K [0x0000000708800000, 0x0000000800000000)
  region size 2048K, 6 young (12288K), 3 survivors (6144K)
 Metaspace       used 36592K, committed 36992K, reserved 1114112K
  class space    used 3835K, committed 4032K, reserved 1048576K
}
Event: 5.585 GC heap after
{Heap after GC invocations=11 (full 0):
 garbage-first heap   total 90112K, used 27759K [0x0000000708800000, 0x0000000800000000)
  region size 2048K, 1 young (2048K), 1 survivors (2048K)
 Metaspace       used 36592K, committed 36992K, reserved 1114112K
  class space    used 3835K, committed 4032K, reserved 1048576K
}
Event: 5.770 GC heap before
{Heap before GC invocations=11 (full 0):
 garbage-first heap   total 186368K, used 160879K [0x0000000708800000, 0x0000000800000000)
  region size 2048K, 18 young (36864K), 1 survivors (2048K)
 Metaspace       used 36654K, committed 37056K, reserved 1114112K
  class space    used 3838K, committed 4032K, reserved 1048576K
}
Event: 5.771 GC heap after
{Heap after GC invocations=12 (full 0):
 garbage-first heap   total 225280K, used 129416K [0x0000000708800000, 0x0000000800000000)
  region size 2048K, 2 young (4096K), 2 survivors (4096K)
 Metaspace       used 36654K, committed 37056K, reserved 1114112K
  class space    used 3838K, committed 4032K, reserved 1048576K
}
Event: 5.950 GC heap before
{Heap before GC invocations=12 (full 0):
 garbage-first heap   total 225280K, used 178568K [0x0000000708800000, 0x0000000800000000)
  region size 2048K, 27 young (55296K), 2 survivors (4096K)
 Metaspace       used 36654K, committed 37056K, reserved 1114112K
  class space    used 3838K, committed 4032K, reserved 1048576K
}
Event: 5.952 GC heap after
{Heap after GC invocations=13 (full 0):
 garbage-first heap   total 225280K, used 131020K [0x0000000708800000, 0x0000000800000000)
  region size 2048K, 2 young (4096K), 2 survivors (4096K)
 Metaspace       used 36654K, committed 37056K, reserved 1114112K
  class space    used 3838K, committed 4032K, reserved 1048576K
}
Event: 6.093 GC heap before
{Heap before GC invocations=14 (full 0):
 garbage-first heap   total 229376K, used 149452K [0x0000000708800000, 0x0000000800000000)
  region size 2048K, 13 young (26624K), 2 survivors (4096K)
 Metaspace       used 36752K, committed 37120K, reserved 1114112K
  class space    used 3844K, committed 4032K, reserved 1048576K
}
Event: 6.094 GC heap after
{Heap after GC invocations=15 (full 0):
 garbage-first heap   total 229376K, used 27057K [0x0000000708800000, 0x0000000800000000)
  region size 2048K, 1 young (2048K), 1 survivors (2048K)
 Metaspace       used 36752K, committed 37120K, reserved 1114112K
  class space    used 3844K, committed 4032K, reserved 1048576K
}
Event: 6.384 GC heap before
{Heap before GC invocations=15 (full 0):
 garbage-first heap   total 229376K, used 211377K [0x0000000708800000, 0x0000000800000000)
  region size 2048K, 43 young (88064K), 1 survivors (2048K)
 Metaspace       used 36752K, committed 37120K, reserved 1114112K
  class space    used 3844K, committed 4032K, reserved 1048576K
}
Event: 6.385 GC heap after
{Heap after GC invocations=16 (full 0):
 garbage-first heap   total 229376K, used 128946K [0x0000000708800000, 0x0000000800000000)
  region size 2048K, 1 young (2048K), 1 survivors (2048K)
 Metaspace       used 36752K, committed 37120K, reserved 1114112K
  class space    used 3844K, committed 4032K, reserved 1048576K
}
Event: 7.210 GC heap before
{Heap before GC invocations=16 (full 0):
 garbage-first heap   total 229376K, used 190386K [0x0000000708800000, 0x0000000800000000)
  region size 2048K, 31 young (63488K), 1 survivors (2048K)
 Metaspace       used 42117K, committed 42560K, reserved 1114112K
  class space    used 4595K, committed 4800K, reserved 1048576K
}
Event: 7.211 GC heap after
{Heap after GC invocations=17 (full 0):
 garbage-first heap   total 229376K, used 29900K [0x0000000708800000, 0x0000000800000000)
  region size 2048K, 2 young (4096K), 2 survivors (4096K)
 Metaspace       used 42117K, committed 42560K, reserved 1114112K
  class space    used 4595K, committed 4800K, reserved 1048576K
}
Event: 7.829 GC heap before
{Heap before GC invocations=18 (full 0):
 garbage-first heap   total 122880K, used 99532K [0x0000000708800000, 0x0000000800000000)
  region size 2048K, 36 young (73728K), 2 survivors (4096K)
 Metaspace       used 46806K, committed 47232K, reserved 1114112K
  class space    used 5069K, committed 5248K, reserved 1048576K
}
Event: 7.831 GC heap after
{Heap after GC invocations=19 (full 0):
 garbage-first heap   total 122880K, used 33458K [0x0000000708800000, 0x0000000800000000)
  region size 2048K, 4 young (8192K), 4 survivors (8192K)
 Metaspace       used 46806K, committed 47232K, reserved 1114112K
  class space    used 5069K, committed 5248K, reserved 1048576K
}
Event: 7.857 GC heap before
{Heap before GC invocations=19 (full 0):
 garbage-first heap   total 122880K, used 33458K [0x0000000708800000, 0x0000000800000000)
  region size 2048K, 5 young (10240K), 4 survivors (8192K)
 Metaspace       used 47025K, committed 47424K, reserved 1114112K
  class space    used 5116K, committed 5312K, reserved 1048576K
}
Event: 7.860 GC heap after
{Heap after GC invocations=20 (full 0):
 garbage-first heap   total 122880K, used 34638K [0x0000000708800000, 0x0000000800000000)
  region size 2048K, 1 young (2048K), 1 survivors (2048K)
 Metaspace       used 47025K, committed 47424K, reserved 1114112K
  class space    used 5116K, committed 5312K, reserved 1048576K
}
Event: 8.224 GC heap before
{Heap before GC invocations=20 (full 0):
 garbage-first heap   total 122880K, used 96078K [0x0000000708800000, 0x0000000800000000)
  region size 2048K, 30 young (61440K), 1 survivors (2048K)
 Metaspace       used 49774K, committed 50176K, reserved 1114112K
  class space    used 5342K, committed 5504K, reserved 1048576K
}
Event: 8.225 GC heap after
{Heap after GC invocations=21 (full 0):
 garbage-first heap   total 122880K, used 37445K [0x0000000708800000, 0x0000000800000000)
  region size 2048K, 2 young (4096K), 2 survivors (4096K)
 Metaspace       used 49774K, committed 50176K, reserved 1114112K
  class space    used 5342K, committed 5504K, reserved 1048576K
}

