# JRE version: OpenJDK Runtime Environment Temurin-17.0.8+7 (17.0.8+7) (build 17.0.8+7)
# Java VM: OpenJDK 64-Bit Server VM Temurin-17.0.8+7 (17.0.8+7, mixed mode, sharing, tiered, compressed oops, compressed class ptrs, g1 gc, linux-amd64)
Heap:
 garbage-first heap   total 352256K, used 119225K [0x0000000708800000, 0x0000000800000000)
  region size 2048K, 45 young (92160K), 5 survivors (10240K)
 Metaspace       used 52577K, committed 53056K, reserved 1114112K
  class space    used 5569K, committed 5760K, reserved 1048576K
GC Heap History (20 events):
Event: 4.714 GC heap before
{Heap before GC invocations=6 (full 0):
 garbage-first heap   total 90112K, used 54007K [0x0000000708800000, 0x0000000800000000)
  region size 2048K, 19 young (38912K), 3 survivors (6144K)
 Metaspace       used 35759K, committed 36096K, reserved 1114112K
  class space    used 3719K, committed 3904K, reserved 1048576K
}
Event: 4.716 GC heap after
{Heap after GC invocations=7 (full 0):
 garbage-first heap   total 90112K, used 27860K [0x0000000708800000, 0x0000000800000000)
  region size 2048K, 2 young (4096K), 2 survivors (4096K)
 Metaspace       used 35759K, committed 36096K, reserved 1114112K
  class space    used 3719K, committed 3904K, reserved 1048576K
}
Event: 4.776 GC heap before
{Heap before GC invocations=8 (full 0):
 garbage-first heap   total 90112K, used 29908K [0x0000000708800000, 0x0000000800000000)
  region size 2048K, 4 young (8192K), 2 survivors (4096K)
 Metaspace       used 36467K, committed 36864K, reserved 1114112K
  class space    used 3817K, committed 4032K, reserved 1048576K
}
Event: 4.777 GC heap after
{Heap after GC invocations=9 (full 0):
 garbage-first heap   total 90112K, used 27648K [0x0000000708800000, 0x0000000800000000)
  region size 2048K, 2 young (4096K), 2 survivors (4096K)
 Metaspace       used 36467K, committed 36864K, reserved 1114112K
  class space    used 3817K, committed 4032K, reserved 1048576K
}
Event: 4.972 GC heap before
{Heap before GC invocations=9 (full 0):
 garbage-first heap   total 90112K, used 74752K [0x0000000708800000, 0x0000000800000000)
  region size 2048K, 14 young (28672K), 2 survivors (4096K)
 Metaspace       used 36478K, committed 36864K, reserved 1114112K
  class space    used 3817K, committed 4032K, reserved 1048576K
}
Event: 4.973 GC heap after
{Heap after GC invocations=10 (full 0):
 garbage-first heap   total 90112K, used 57290K [0x0000000708800000, 0x0000000800000000)
  region size 2048K, 3 young (6144K), 3 survivors (6144K)
 Metaspace       used 36478K, committed 36864K, reserved 1114112K
  class space    used 3817K, committed 4032K, reserved 1048576K
}
Event: 5.012 GC heap before
{Heap before GC invocations=10 (full 0):
 garbage-first heap   total 90112K, used 59338K [0x0000000708800000, 0x0000000800000000)
  region size 2048K, 6 young (12288K), 3 survivors (6144K)
 Metaspace       used 36596K, committed 36992K, reserved 1114112K
  class space    used 3835K, committed 4032K, reserved 1048576K
}
Event: 5.013 GC heap after
{Heap after GC invocations=11 (full 0):
 garbage-first heap   total 90112K, used 28302K [0x0000000708800000, 0x0000000800000000)
  region size 2048K, 1 young (2048K), 1 survivors (2048K)
 Metaspace       used 36596K, committed 36992K, reserved 1114112K
  class space    used 3835K, committed 4032K, reserved 1048576K
}
Event: 5.201 GC heap before
{Heap before GC invocations=11 (full 0):
 garbage-first heap   total 186368K, used 161422K [0x0000000708800000, 0x0000000800000000)
  region size 2048K, 18 young (36864K), 1 survivors (2048K)
 Metaspace       used 36658K, committed 37056K, reserved 1114112K
  class space    used 3838K, committed 4032K, reserved 1048576K
}
Event: 5.202 GC heap after
{Heap after GC invocations=12 (full 0):
 garbage-first heap   total 186368K, used 129974K [0x0000000708800000, 0x0000000800000000)
  region size 2048K, 2 young (4096K), 2 survivors (4096K)
 Metaspace       used 36658K, committed 37056K, reserved 1114112K
  class space    used 3838K, committed 4032K, reserved 1048576K
}
Event: 5.297 GC heap before
{Heap before GC invocations=12 (full 0):
 garbage-first heap   total 186368K, used 152502K [0x0000000708800000, 0x0000000800000000)
  region size 2048K, 14 young (28672K), 2 survivors (4096K)
 Metaspace       used 36658K, committed 37056K, reserved 1114112K
  class space    used 3838K, committed 4032K, reserved 1048576K
}
Event: 5.298 GC heap after
{Heap after GC invocations=13 (full 0):
 garbage-first heap   total 186368K, used 130930K [0x0000000708800000, 0x0000000800000000)
  region size 2048K, 1 young (2048K), 1 survivors (2048K)
 Metaspace       used 36658K, committed 37056K, reserved 1114112K
  class space    used 3838K, committed 4032K, reserved 1048576K
}
Event: 5.389 GC heap before
{Heap before GC invocations=14 (full 0):
 garbage-first heap   total 229376K, used 153458K [0x0000000708800000, 0x0000000800000000)
  region size 2048K, 13 young (26624K), 1 survivors (2048K)
 Metaspace       used 36658K, committed 37056K, reserved 1114112K
  class space    used 3838K, committed 4032K, reserved 1048576K
}
Event: 5.391 GC heap after
{Heap after GC invocations=15 (full 0):
 garbage-first heap   total 276480K, used 131502K [0x0000000708800000, 0x0000000800000000)
  region size 2048K, 1 young (2048K), 1 survivors (2048K)
 Metaspace       used 36658K, committed 37056K, reserved 1114112K
  class space    used 3838K, committed 4032K, reserved 1048576K
}
Event: 5.541 GC heap before
{Heap before GC invocations=15 (full 0):
 garbage-first heap   total 276480K, used 154030K [0x0000000708800000, 0x0000000800000000)
  region size 2048K, 13 young (26624K), 1 survivors (2048K)
 Metaspace       used 36755K, committed 37184K, reserved 1114112K
  class space    used 3844K, committed 4032K, reserved 1048576K
}
Event: 5.543 GC heap after
{Heap after GC invocations=16 (full 0):
 garbage-first heap   total 276480K, used 130118K [0x0000000708800000, 0x0000000800000000)
  region size 2048K, 1 young (2048K), 1 survivors (2048K)
 Metaspace       used 36755K, committed 37184K, reserved 1114112K
  class space    used 3844K, committed 4032K, reserved 1048576K
}
Event: 5.852 GC heap before
{Heap before GC invocations=17 (full 0):
 garbage-first heap   total 352256K, used 215156K [0x0000000708800000, 0x0000000800000000)
  region size 2048K, 43 young (88064K), 1 survivors (2048K)
 Metaspace       used 36755K, committed 37184K, reserved 1114112K
  class space    used 3844K, committed 4032K, reserved 1048576K
}
Event: 5.853 GC heap after
{Heap after GC invocations=18 (full 0):
 garbage-first heap   total 352256K, used 130686K [0x0000000708800000, 0x0000000800000000)
  region size 2048K, 1 young (2048K), 1 survivors (2048K)
 Metaspace       used 36755K, committed 37184K, reserved 1114112K
  class space    used 3844K, committed 4032K, reserved 1048576K
}
Event: 7.368 GC heap before
{Heap before GC invocations=18 (full 0):
 garbage-first heap   total 352256K, used 288382K [0x0000000708800000, 0x0000000800000000)
  region size 2048K, 77 young (157696K), 1 survivors (2048K)
 Metaspace       used 49538K, committed 49984K, reserved 1114112K
  class space    used 5335K, committed 5504K, reserved 1048576K
}
Event: 7.375 GC heap after
{Heap after GC invocations=19 (full 0):
 garbage-first heap   total 352256K, used 38680K [0x0000000708800000, 0x0000000800000000)
  region size 2048K, 5 young (10240K), 5 survivors (10240K)
 Metaspace       used 49538K, committed 49984K, reserved 1114112K
  class space    used 5335K, committed 5504K, reserved 1048576K
}

