# JRE version: OpenJDK Runtime Environment Temurin-17.0.8+7 (17.0.8+7) (build 17.0.8+7)
# Java VM: OpenJDK 64-Bit Server VM Temurin-17.0.8+7 (17.0.8+7, mixed mode, sharing, tiered, compressed oops, compressed class ptrs, g1 gc, linux-amd64)
Heap:
 garbage-first heap   total 423936K, used 120404K [0x0000000708800000, 0x0000000800000000)
  region size 2048K, 45 young (92160K), 6 survivors (12288K)
 Metaspace       used 52602K, committed 53056K, reserved 1114112K
  class space    used 5550K, committed 5760K, reserved 1048576K
GC Heap History (20 events):
Event: 5.860 GC heap before
{Heap before GC invocations=12 (full 0):
 garbage-first heap   total 225280K, used 181349K [0x0000000708800000, 0x0000000800000000)
  region size 2048K, 27 young (55296K), 3 survivors (6144K)
 Metaspace       used 36554K, committed 36992K, reserved 1114112K
  class space    used 3819K, committed 4032K, reserved 1048576K
}
Event: 5.862 GC heap after
{Heap after GC invocations=13 (full 0):
 garbage-first heap   total 225280K, used 138715K [0x0000000708800000, 0x0000000800000000)
  region size 2048K, 4 young (8192K), 4 survivors (8192K)
 Metaspace       used 36554K, committed 36992K, reserved 1114112K
  class space    used 3819K, committed 4032K, reserved 1048576K
}
Event: 6.083 GC heap before
{Heap before GC invocations=14 (full 0):
 garbage-first heap   total 239616K, used 169435K [0x0000000708800000, 0x0000000800000000)
  region size 2048K, 21 young (43008K), 4 survivors (8192K)
 Metaspace       used 36611K, committed 36992K, reserved 1114112K
  class space    used 3822K, committed 4032K, reserved 1048576K
}
Event: 6.084 GC heap after
{Heap after GC invocations=15 (full 0):
 garbage-first heap   total 239616K, used 130297K [0x0000000708800000, 0x0000000800000000)
  region size 2048K, 1 young (2048K), 1 survivors (2048K)
 Metaspace       used 36611K, committed 36992K, reserved 1114112K
  class space    used 3822K, committed 4032K, reserved 1048576K
}
Event: 6.174 GC heap before
{Heap before GC invocations=16 (full 0):
 garbage-first heap   total 204800K, used 79097K [0x0000000708800000, 0x0000000800000000)
  region size 2048K, 14 young (28672K), 1 survivors (2048K)
 Metaspace       used 36616K, committed 36992K, reserved 1114112K
  class space    used 3822K, committed 4032K, reserved 1048576K
}
Event: 6.175 GC heap after
{Heap after GC invocations=17 (full 0):
 garbage-first heap   total 204800K, used 27924K [0x0000000708800000, 0x0000000800000000)
  region size 2048K, 1 young (2048K), 1 survivors (2048K)
 Metaspace       used 36616K, committed 36992K, reserved 1114112K
  class space    used 3822K, committed 4032K, reserved 1048576K
}
Event: 6.421 GC heap before
{Heap before GC invocations=17 (full 0):
 garbage-first heap   total 204800K, used 189716K [0x0000000708800000, 0x0000000800000000)
  region size 2048K, 32 young (65536K), 1 survivors (2048K)
 Metaspace       used 36616K, committed 36992K, reserved 1114112K
  class space    used 3822K, committed 4032K, reserved 1048576K
}
Event: 6.422 GC heap after
{Heap after GC invocations=18 (full 0):
 garbage-first heap   total 204800K, used 131454K [0x0000000708800000, 0x0000000800000000)
  region size 2048K, 2 young (4096K), 2 survivors (4096K)
 Metaspace       used 36616K, committed 36992K, reserved 1114112K
  class space    used 3822K, committed 4032K, reserved 1048576K
}
Event: 6.658 GC heap before
{Heap before GC invocations=18 (full 0):
 garbage-first heap   total 204800K, used 170366K [0x0000000708800000, 0x0000000800000000)
  region size 2048K, 22 young (45056K), 2 survivors (4096K)
 Metaspace       used 36616K, committed 36992K, reserved 1114112K
  class space    used 3822K, committed 4032K, reserved 1048576K
}
Event: 6.658 GC heap after
{Heap after GC invocations=19 (full 0):
 garbage-first heap   total 204800K, used 132692K [0x0000000708800000, 0x0000000800000000)
  region size 2048K, 1 young (2048K), 1 survivors (2048K)
 Metaspace       used 36616K, committed 36992K, reserved 1114112K
  class space    used 3822K, committed 4032K, reserved 1048576K
}
Event: 6.709 GC heap before
{Heap before GC invocations=20 (full 0):
 garbage-first heap   total 233472K, used 132692K [0x0000000708800000, 0x0000000800000000)
  region size 2048K, 2 young (4096K), 1 survivors (2048K)
 Metaspace       used 36618K, committed 36992K, reserved 1114112K
  class space    used 3822K, committed 4032K, reserved 1048576K
}
Event: 6.710 GC heap after
{Heap after GC invocations=21 (full 0):
 garbage-first heap   total 233472K, used 131524K [0x0000000708800000, 0x0000000800000000)
  region size 2048K, 1 young (2048K), 1 survivors (2048K)
 Metaspace       used 36618K, committed 36992K, reserved 1114112K
  class space    used 3822K, committed 4032K, reserved 1048576K
}
Event: 7.014 GC heap before
{Heap before GC invocations=22 (full 0):
 garbage-first heap   total 331776K, used 191689K [0x0000000708800000, 0x0000000800000000)
  region size 2048K, 31 young (63488K), 1 survivors (2048K)
 Metaspace       used 36618K, committed 36992K, reserved 1114112K
  class space    used 3822K, committed 4032K, reserved 1048576K
}
Event: 7.016 GC heap after
{Heap after GC invocations=23 (full 0):
 garbage-first heap   total 423936K, used 134199K [0x0000000708800000, 0x0000000800000000)
  region size 2048K, 2 young (4096K), 2 survivors (4096K)
 Metaspace       used 36618K, committed 36992K, reserved 1114112K
  class space    used 3822K, committed 4032K, reserved 1048576K
}
Event: 7.537 GC heap before
{Heap before GC invocations=23 (full 0):
 garbage-first heap   total 423936K, used 287799K [0x0000000708800000, 0x0000000800000000)
  region size 2048K, 52 young (106496K), 2 survivors (4096K)
 Metaspace       used 36620K, committed 36992K, reserved 1114112K
  class space    used 3822K, committed 4032K, reserved 1048576K
}
Event: 7.538 GC heap after
{Heap after GC invocations=24 (full 0):
 garbage-first heap   total 423936K, used 29886K [0x0000000708800000, 0x0000000800000000)
  region size 2048K, 1 young (2048K), 1 survivors (2048K)
 Metaspace       used 36620K, committed 36992K, reserved 1114112K
  class space    used 3822K, committed 4032K, reserved 1048576K
}
Event: 8.301 GC heap before
{Heap before GC invocations=24 (full 0):
 garbage-first heap   total 423936K, used 275646K [0x0000000708800000, 0x0000000800000000)
  region size 2048K, 65 young (133120K), 1 survivors (2048K)
 Metaspace       used 36679K, committed 37120K, reserved 1114112K
  class space    used 3827K, committed 4032K, reserved 1048576K
}
Event: 8.302 GC heap after
{Heap after GC invocations=25 (full 0):
 garbage-first heap   total 423936K, used 29944K [0x0000000708800000, 0x0000000800000000)
  region size 2048K, 1 young (2048K), 1 survivors (2048K)
 Metaspace       used 36679K, committed 37120K, reserved 1114112K
  class space    used 3827K, committed 4032K, reserved 1048576K
}
Event: 10.022 GC heap before
{Heap before GC invocations=25 (full 0):
 garbage-first heap   total 423936K, used 384248K [0x0000000708800000, 0x0000000800000000)
  region size 2048K, 124 young (253952K), 1 survivors (2048K)
 Metaspace       used 49456K, committed 49856K, reserved 1114112K
  class space    used 5318K, committed 5504K, reserved 1048576K
}
Event: 10.025 GC heap after
{Heap after GC invocations=26 (full 0):
 garbage-first heap   total 423936K, used 40532K [0x0000000708800000, 0x0000000800000000)
  region size 2048K, 6 young (12288K), 6 survivors (12288K)
 Metaspace       used 49456K, committed 49856K, reserved 1114112K
  class space    used 5318K, committed 5504K, reserved 1048576K
}

