# JRE version: OpenJDK Runtime Environment Temurin-17.0.8+7 (17.0.8+7) (build 17.0.8+7)
# Java VM: OpenJDK 64-Bit Server VM Temurin-17.0.8+7 (17.0.8+7, mixed mode, sharing, tiered, compressed oops, compressed class ptrs, g1 gc, linux-amd64)
Heap:
 garbage-first heap   total 350208K, used 112721K [0x0000000708800000, 0x0000000800000000)
  region size 2048K, 42 young (86016K), 6 survivors (12288K)
 Metaspace       used 52433K, committed 52928K, reserved 1114112K
  class space    used 5567K, committed 5760K, reserved 1048576K
GC Heap History (20 events):
Event: 5.588 GC heap before
{Heap before GC invocations=6 (full 0):
 garbage-first heap   total 90112K, used 56664K [0x0000000708800000, 0x0000000800000000)
  region size 2048K, 19 young (38912K), 3 survivors (6144K)
 Metaspace       used 35761K, committed 36096K, reserved 1114112K
  class space    used 3720K, committed 3904K, reserved 1048576K
}
Event: 5.590 GC heap after
{Heap after GC invocations=7 (full 0):
 garbage-first heap   total 90112K, used 27975K [0x0000000708800000, 0x0000000800000000)
  region size 2048K, 2 young (4096K), 2 survivors (4096K)
 Metaspace       used 35761K, committed 36096K, reserved 1114112K
  class space    used 3720K, committed 3904K, reserved 1048576K
}
Event: 5.741 GC heap before
{Heap before GC invocations=8 (full 0):
 garbage-first heap   total 90112K, used 30023K [0x0000000708800000, 0x0000000800000000)
  region size 2048K, 4 young (8192K), 2 survivors (4096K)
 Metaspace       used 36469K, committed 36864K, reserved 1114112K
  class space    used 3817K, committed 4032K, reserved 1048576K
}
Event: 5.743 GC heap after
{Heap after GC invocations=9 (full 0):
 garbage-first heap   total 90112K, used 27180K [0x0000000708800000, 0x0000000800000000)
  region size 2048K, 2 young (4096K), 2 survivors (4096K)
 Metaspace       used 36469K, committed 36864K, reserved 1114112K
  class space    used 3817K, committed 4032K, reserved 1048576K
}
Event: 5.849 GC heap before
{Heap before GC invocations=9 (full 0):
 garbage-first heap   total 90112K, used 74284K [0x0000000708800000, 0x0000000800000000)
  region size 2048K, 14 young (28672K), 2 survivors (4096K)
 Metaspace       used 36480K, committed 36864K, reserved 1114112K
  class space    used 3817K, committed 4032K, reserved 1048576K
}
Event: 5.850 GC heap after
{Heap after GC invocations=10 (full 0):
 garbage-first heap   total 90112K, used 56967K [0x0000000708800000, 0x0000000800000000)
  region size 2048K, 3 young (6144K), 3 survivors (6144K)
 Metaspace       used 36480K, committed 36864K, reserved 1114112K
  class space    used 3817K, committed 4032K, reserved 1048576K
}
Event: 5.898 GC heap before
{Heap before GC invocations=10 (full 0):
 garbage-first heap   total 90112K, used 59015K [0x0000000708800000, 0x0000000800000000)
  region size 2048K, 6 young (12288K), 3 survivors (6144K)
 Metaspace       used 36599K, committed 36992K, reserved 1114112K
  class space    used 3835K, committed 4032K, reserved 1048576K
}
Event: 5.900 GC heap after
{Heap after GC invocations=11 (full 0):
 garbage-first heap   total 90112K, used 27765K [0x0000000708800000, 0x0000000800000000)
  region size 2048K, 1 young (2048K), 1 survivors (2048K)
 Metaspace       used 36599K, committed 36992K, reserved 1114112K
  class space    used 3835K, committed 4032K, reserved 1048576K
}
Event: 6.083 GC heap before
{Heap before GC invocations=11 (full 0):
 garbage-first heap   total 186368K, used 160885K [0x0000000708800000, 0x0000000800000000)
  region size 2048K, 18 young (36864K), 1 survivors (2048K)
 Metaspace       used 36661K, committed 37056K, reserved 1114112K
  class space    used 3839K, committed 4032K, reserved 1048576K
}
Event: 6.083 GC heap after
{Heap after GC invocations=12 (full 0):
 garbage-first heap   total 186368K, used 129410K [0x0000000708800000, 0x0000000800000000)
  region size 2048K, 2 young (4096K), 2 survivors (4096K)
 Metaspace       used 36661K, committed 37056K, reserved 1114112K
  class space    used 3839K, committed 4032K, reserved 1048576K
}
Event: 6.159 GC heap before
{Heap before GC invocations=12 (full 0):
 garbage-first heap   total 186368K, used 149890K [0x0000000708800000, 0x0000000800000000)
  region size 2048K, 13 young (26624K), 2 survivors (4096K)
 Metaspace       used 36661K, committed 37056K, reserved 1114112K
  class space    used 3839K, committed 4032K, reserved 1048576K
}
Event: 6.160 GC heap after
{Heap after GC invocations=13 (full 0):
 garbage-first heap   total 186368K, used 130289K [0x0000000708800000, 0x0000000800000000)
  region size 2048K, 1 young (2048K), 1 survivors (2048K)
 Metaspace       used 36661K, committed 37056K, reserved 1114112K
  class space    used 3839K, committed 4032K, reserved 1048576K
}
Event: 6.244 GC heap before
{Heap before GC invocations=14 (full 0):
 garbage-first heap   total 229376K, used 152817K [0x0000000708800000, 0x0000000800000000)
  region size 2048K, 13 young (26624K), 1 survivors (2048K)
 Metaspace       used 36661K, committed 37056K, reserved 1114112K
  class space    used 3839K, committed 4032K, reserved 1048576K
}
Event: 6.245 GC heap after
{Heap after GC invocations=15 (full 0):
 garbage-first heap   total 276480K, used 130904K [0x0000000708800000, 0x0000000800000000)
  region size 2048K, 1 young (2048K), 1 survivors (2048K)
 Metaspace       used 36661K, committed 37056K, reserved 1114112K
  class space    used 3839K, committed 4032K, reserved 1048576K
}
Event: 6.382 GC heap before
{Heap before GC invocations=15 (full 0):
 garbage-first heap   total 276480K, used 155480K [0x0000000708800000, 0x0000000800000000)
  region size 2048K, 14 young (28672K), 1 survivors (2048K)
 Metaspace       used 36758K, committed 37184K, reserved 1114112K
  class space    used 3844K, committed 4032K, reserved 1048576K
}
Event: 6.384 GC heap after
{Heap after GC invocations=16 (full 0):
 garbage-first heap   total 276480K, used 129541K [0x0000000708800000, 0x0000000800000000)
  region size 2048K, 1 young (2048K), 1 survivors (2048K)
 Metaspace       used 36758K, committed 37184K, reserved 1114112K
  class space    used 3844K, committed 4032K, reserved 1048576K
}
Event: 6.680 GC heap before
{Heap before GC invocations=17 (full 0):
 garbage-first heap   total 350208K, used 223348K [0x0000000708800000, 0x0000000800000000)
  region size 2048K, 47 young (96256K), 1 survivors (2048K)
 Metaspace       used 36758K, committed 37184K, reserved 1114112K
  class space    used 3844K, committed 4032K, reserved 1048576K
}
Event: 6.682 GC heap after
{Heap after GC invocations=18 (full 0):
 garbage-first heap   total 350208K, used 130780K [0x0000000708800000, 0x0000000800000000)
  region size 2048K, 1 young (2048K), 1 survivors (2048K)
 Metaspace       used 36758K, committed 37184K, reserved 1114112K
  class space    used 3844K, committed 4032K, reserved 1048576K
}
Event: 8.236 GC heap before
{Heap before GC invocations=18 (full 0):
 garbage-first heap   total 350208K, used 286428K [0x0000000708800000, 0x0000000800000000)
  region size 2048K, 77 young (157696K), 1 survivors (2048K)
 Metaspace       used 49546K, committed 49984K, reserved 1114112K
  class space    used 5334K, committed 5504K, reserved 1048576K
}
Event: 8.243 GC heap after
{Heap after GC invocations=19 (full 0):
 garbage-first heap   total 350208K, used 39360K [0x0000000708800000, 0x0000000800000000)
  region size 2048K, 6 young (12288K), 6 survivors (12288K)
 Metaspace       used 49546K, committed 49984K, reserved 1114112K
  class space    used 5334K, committed 5504K, reserved 1048576K
}

