# JRE version: OpenJDK Runtime Environment Temurin-17.0.8+7 (17.0.8+7) (build 17.0.8+7)
# Java VM: OpenJDK 64-Bit Server VM Temurin-17.0.8+7 (17.0.8+7, mixed mode, sharing, tiered, compressed oops, compressed class ptrs, g1 gc, linux-amd64)
Heap:
 garbage-first heap   total 272384K, used 78235K [0x0000000708800000, 0x0000000800000000)
  region size 2048K, 24 young (49152K), 6 survivors (12288K)
 Metaspace       used 52515K, committed 52928K, reserved 1114112K
  class space    used 5550K, committed 5760K, reserved 1048576K
GC Heap History (20 events):
Event: 6.121 GC heap before
{Heap before GC invocations=17 (full 0):
 garbage-first heap   total 243712K, used 162012K [0x0000000708800000, 0x0000000800000000)
  region size 2048K, 13 young (26624K), 2 survivors (4096K)
 Metaspace       used 36562K, committed 36992K, reserved 1114112K
  class space    used 3820K, committed 4032K, reserved 1048576K
}
Event: 6.122 GC heap after
{Heap after GC invocations=18 (full 0):
 garbage-first heap   total 243712K, used 142338K [0x0000000708800000, 0x0000000800000000)
  region size 2048K, 2 young (4096K), 2 survivors (4096K)
 Metaspace       used 36562K, committed 36992K, reserved 1114112K
  class space    used 3820K, committed 4032K, reserved 1048576K
}
Event: 6.223 GC heap before
{Heap before GC invocations=18 (full 0):
 garbage-first heap   total 243712K, used 150530K [0x0000000708800000, 0x0000000800000000)
  region size 2048K, 8 young (16384K), 2 survivors (4096K)
 Metaspace       used 36621K, committed 36992K, reserved 1114112K
  class space    used 3823K, committed 4032K, reserved 1048576K
}
Event: 6.224 GC heap after
{Heap after GC invocations=19 (full 0):
 garbage-first heap   total 243712K, used 139605K [0x0000000708800000, 0x0000000800000000)
  region size 2048K, 1 young (2048K), 1 survivors (2048K)
 Metaspace       used 36621K, committed 36992K, reserved 1114112K
  class space    used 3823K, committed 4032K, reserved 1048576K
}
Event: 6.319 GC heap before
{Heap before GC invocations=20 (full 0):
 garbage-first heap   total 212992K, used 82013K [0x0000000708800000, 0x0000000800000000)
  region size 2048K, 14 young (28672K), 1 survivors (2048K)
 Metaspace       used 36623K, committed 36992K, reserved 1114112K
  class space    used 3823K, committed 4032K, reserved 1048576K
}
Event: 6.320 GC heap after
{Heap after GC invocations=21 (full 0):
 garbage-first heap   total 212992K, used 30848K [0x0000000708800000, 0x0000000800000000)
  region size 2048K, 1 young (2048K), 1 survivors (2048K)
 Metaspace       used 36623K, committed 36992K, reserved 1114112K
  class space    used 3823K, committed 4032K, reserved 1048576K
}
Event: 6.593 GC heap before
{Heap before GC invocations=21 (full 0):
 garbage-first heap   total 212992K, used 198784K [0x0000000708800000, 0x0000000800000000)
  region size 2048K, 35 young (71680K), 1 survivors (2048K)
 Metaspace       used 36623K, committed 36992K, reserved 1114112K
  class space    used 3823K, committed 4032K, reserved 1048576K
}
Event: 6.595 GC heap after
{Heap after GC invocations=22 (full 0):
 garbage-first heap   total 272384K, used 134546K [0x0000000708800000, 0x0000000800000000)
  region size 2048K, 2 young (4096K), 2 survivors (4096K)
 Metaspace       used 36623K, committed 36992K, reserved 1114112K
  class space    used 3823K, committed 4032K, reserved 1048576K
}
Event: 6.852 GC heap before
{Heap before GC invocations=22 (full 0):
 garbage-first heap   total 272384K, used 169362K [0x0000000708800000, 0x0000000800000000)
  region size 2048K, 20 young (40960K), 2 survivors (4096K)
 Metaspace       used 36624K, committed 36992K, reserved 1114112K
  class space    used 3823K, committed 4032K, reserved 1048576K
}
Event: 6.855 GC heap after
{Heap after GC invocations=23 (full 0):
 garbage-first heap   total 272384K, used 30851K [0x0000000708800000, 0x0000000800000000)
  region size 2048K, 1 young (2048K), 1 survivors (2048K)
 Metaspace       used 36624K, committed 36992K, reserved 1114112K
  class space    used 3823K, committed 4032K, reserved 1048576K
}
Event: 7.402 GC heap before
{Heap before GC invocations=23 (full 0):
 garbage-first heap   total 272384K, used 239747K [0x0000000708800000, 0x0000000800000000)
  region size 2048K, 55 young (112640K), 1 survivors (2048K)
 Metaspace       used 36624K, committed 36992K, reserved 1114112K
  class space    used 3823K, committed 4032K, reserved 1048576K
}
Event: 7.403 GC heap after
{Heap after GC invocations=24 (full 0):
 garbage-first heap   total 272384K, used 30837K [0x0000000708800000, 0x0000000800000000)
  region size 2048K, 1 young (2048K), 1 survivors (2048K)
 Metaspace       used 36624K, committed 36992K, reserved 1114112K
  class space    used 3823K, committed 4032K, reserved 1048576K
}
Event: 7.644 GC heap before
{Heap before GC invocations=24 (full 0):
 garbage-first heap   total 272384K, used 166005K [0x0000000708800000, 0x0000000800000000)
  region size 2048K, 34 young (69632K), 1 survivors (2048K)
 Metaspace       used 36629K, committed 36992K, reserved 1114112K
  class space    used 3823K, committed 4032K, reserved 1048576K
}
Event: 7.644 GC heap after
{Heap after GC invocations=25 (full 0):
 garbage-first heap   total 272384K, used 30873K [0x0000000708800000, 0x0000000800000000)
  region size 2048K, 1 young (2048K), 1 survivors (2048K)
 Metaspace       used 36629K, committed 36992K, reserved 1114112K
  class space    used 3823K, committed 4032K, reserved 1048576K
}
Event: 8.524 GC heap before
{Heap before GC invocations=25 (full 0):
 garbage-first heap   total 272384K, used 245913K [0x0000000708800000, 0x0000000800000000)
  region size 2048K, 58 young (118784K), 1 survivors (2048K)
 Metaspace       used 36686K, committed 37120K, reserved 1114112K
  class space    used 3827K, committed 4032K, reserved 1048576K
}
Event: 8.525 GC heap after
{Heap after GC invocations=26 (full 0):
 garbage-first heap   total 272384K, used 30901K [0x0000000708800000, 0x0000000800000000)
  region size 2048K, 1 young (2048K), 1 survivors (2048K)
 Metaspace       used 36686K, committed 37120K, reserved 1114112K
  class space    used 3827K, committed 4032K, reserved 1048576K
}
Event: 9.158 GC heap before
{Heap before GC invocations=26 (full 0):
 garbage-first heap   total 272384K, used 260277K [0x0000000708800000, 0x0000000800000000)
  region size 2048K, 65 young (133120K), 1 survivors (2048K)
 Metaspace       used 39978K, committed 40384K, reserved 1114112K
  class space    used 4192K, committed 4416K, reserved 1048576K
}
Event: 9.159 GC heap after
{Heap after GC invocations=27 (full 0):
 garbage-first heap   total 272384K, used 32590K [0x0000000708800000, 0x0000000800000000)
  region size 2048K, 1 young (2048K), 1 survivors (2048K)
 Metaspace       used 39978K, committed 40384K, reserved 1114112K
  class space    used 4192K, committed 4416K, reserved 1048576K
}
Event: 10.549 GC heap before
{Heap before GC invocations=27 (full 0):
 garbage-first heap   total 272384K, used 194382K [0x0000000708800000, 0x0000000800000000)
  region size 2048K, 79 young (161792K), 1 survivors (2048K)
 Metaspace       used 50679K, committed 51072K, reserved 1114112K
  class space    used 5437K, committed 5632K, reserved 1048576K
}
Event: 10.552 GC heap after
{Heap after GC invocations=28 (full 0):
 garbage-first heap   total 272384K, used 41795K [0x0000000708800000, 0x0000000800000000)
  region size 2048K, 6 young (12288K), 6 survivors (12288K)
 Metaspace       used 50679K, committed 51072K, reserved 1114112K
  class space    used 5437K, committed 5632K, reserved 1048576K
}

