# JRE version: OpenJDK Runtime Environment Temurin-17.0.8+7 (17.0.8+7) (build 17.0.8+7)
# Java VM: OpenJDK 64-Bit Server VM Temurin-17.0.8+7 (17.0.8+7, mixed mode, sharing, tiered, compressed oops, compressed class ptrs, g1 gc, linux-amd64)
Heap:
 garbage-first heap   total 317440K, used 157119K [0x0000000708800000, 0x0000000800000000)
  region size 2048K, 62 young (126976K), 3 survivors (6144K)
 Metaspace       used 52512K, committed 52992K, reserved 1114112K
  class space    used 5568K, committed 5760K, reserved 1048576K
GC Heap History (20 events):
Event: 5.250 GC heap before
{Heap before GC invocations=7 (full 0):
 garbage-first heap   total 81920K, used 35671K [0x0000000708800000, 0x0000000800000000)
  region size 2048K, 9 young (18432K), 3 survivors (6144K)
 Metaspace       used 35746K, committed 36096K, reserved 1114112K
  class space    used 3718K, committed 3840K, reserved 1048576K
}
Event: 5.252 GC heap after
{Heap after GC invocations=8 (full 0):
 garbage-first heap   total 81920K, used 28173K [0x0000000708800000, 0x0000000800000000)
  region size 2048K, 1 young (2048K), 1 survivors (2048K)
 Metaspace       used 35746K, committed 36096K, reserved 1114112K
  class space    used 3718K, committed 3840K, reserved 1048576K
}
Event: 5.326 GC heap before
{Heap before GC invocations=9 (full 0):
 garbage-first heap   total 81920K, used 30221K [0x0000000708800000, 0x0000000800000000)
  region size 2048K, 3 young (6144K), 1 survivors (2048K)
 Metaspace       used 36469K, committed 36864K, reserved 1114112K
  class space    used 3817K, committed 4032K, reserved 1048576K
}
Event: 5.327 GC heap after
{Heap after GC invocations=10 (full 0):
 garbage-first heap   total 81920K, used 27840K [0x0000000708800000, 0x0000000800000000)
  region size 2048K, 1 young (2048K), 1 survivors (2048K)
 Metaspace       used 36469K, committed 36864K, reserved 1114112K
  class space    used 3817K, committed 4032K, reserved 1048576K
}
Event: 5.411 GC heap before
{Heap before GC invocations=10 (full 0):
 garbage-first heap   total 81920K, used 68800K [0x0000000708800000, 0x0000000800000000)
  region size 2048K, 10 young (20480K), 1 survivors (2048K)
 Metaspace       used 36479K, committed 36864K, reserved 1114112K
  class space    used 3817K, committed 4032K, reserved 1048576K
}
Event: 5.412 GC heap after
{Heap after GC invocations=11 (full 0):
 garbage-first heap   total 98304K, used 56779K [0x0000000708800000, 0x0000000800000000)
  region size 2048K, 2 young (4096K), 2 survivors (4096K)
 Metaspace       used 36479K, committed 36864K, reserved 1114112K
  class space    used 3817K, committed 4032K, reserved 1048576K
}
Event: 5.488 GC heap before
{Heap before GC invocations=11 (full 0):
 garbage-first heap   total 98304K, used 64971K [0x0000000708800000, 0x0000000800000000)
  region size 2048K, 8 young (16384K), 2 survivors (4096K)
 Metaspace       used 36597K, committed 36992K, reserved 1114112K
  class space    used 3834K, committed 4032K, reserved 1048576K
}
Event: 5.489 GC heap after
{Heap after GC invocations=12 (full 0):
 garbage-first heap   total 98304K, used 27862K [0x0000000708800000, 0x0000000800000000)
  region size 2048K, 1 young (2048K), 1 survivors (2048K)
 Metaspace       used 36597K, committed 36992K, reserved 1114112K
  class space    used 3834K, committed 4032K, reserved 1048576K
}
Event: 5.732 GC heap before
{Heap before GC invocations=12 (full 0):
 garbage-first heap   total 188416K, used 171222K [0x0000000708800000, 0x0000000800000000)
  region size 2048K, 23 young (47104K), 1 survivors (2048K)
 Metaspace       used 36659K, committed 37056K, reserved 1114112K
  class space    used 3838K, committed 4032K, reserved 1048576K
}
Event: 5.733 GC heap after
{Heap after GC invocations=13 (full 0):
 garbage-first heap   total 188416K, used 130722K [0x0000000708800000, 0x0000000800000000)
  region size 2048K, 2 young (4096K), 2 survivors (4096K)
 Metaspace       used 36659K, committed 37056K, reserved 1114112K
  class space    used 3838K, committed 4032K, reserved 1048576K
}
Event: 5.823 GC heap before
{Heap before GC invocations=13 (full 0):
 garbage-first heap   total 188416K, used 153250K [0x0000000708800000, 0x0000000800000000)
  region size 2048K, 14 young (28672K), 2 survivors (4096K)
 Metaspace       used 36659K, committed 37056K, reserved 1114112K
  class space    used 3838K, committed 4032K, reserved 1048576K
}
Event: 5.824 GC heap after
{Heap after GC invocations=14 (full 0):
 garbage-first heap   total 188416K, used 131511K [0x0000000708800000, 0x0000000800000000)
  region size 2048K, 1 young (2048K), 1 survivors (2048K)
 Metaspace       used 36659K, committed 37056K, reserved 1114112K
  class space    used 3838K, committed 4032K, reserved 1048576K
}
Event: 5.923 GC heap before
{Heap before GC invocations=15 (full 0):
 garbage-first heap   total 229376K, used 156087K [0x0000000708800000, 0x0000000800000000)
  region size 2048K, 14 young (28672K), 1 survivors (2048K)
 Metaspace       used 36659K, committed 37056K, reserved 1114112K
  class space    used 3838K, committed 4032K, reserved 1048576K
}
Event: 5.925 GC heap after
{Heap after GC invocations=16 (full 0):
 garbage-first heap   total 229376K, used 132084K [0x0000000708800000, 0x0000000800000000)
  region size 2048K, 1 young (2048K), 1 survivors (2048K)
 Metaspace       used 36659K, committed 37056K, reserved 1114112K
  class space    used 3838K, committed 4032K, reserved 1048576K
}
Event: 6.022 GC heap before
{Heap before GC invocations=16 (full 0):
 garbage-first heap   total 229376K, used 142324K [0x0000000708800000, 0x0000000800000000)
  region size 2048K, 7 young (14336K), 1 survivors (2048K)
 Metaspace       used 36757K, committed 37184K, reserved 1114112K
  class space    used 3844K, committed 4032K, reserved 1048576K
}
Event: 6.023 GC heap after
{Heap after GC invocations=17 (full 0):
 garbage-first heap   total 229376K, used 130855K [0x0000000708800000, 0x0000000800000000)
  region size 2048K, 1 young (2048K), 1 survivors (2048K)
 Metaspace       used 36757K, committed 37184K, reserved 1114112K
  class space    used 3844K, committed 4032K, reserved 1048576K
}
Event: 6.245 GC heap before
{Heap before GC invocations=18 (full 0):
 garbage-first heap   total 317440K, used 190580K [0x0000000708800000, 0x0000000800000000)
  region size 2048K, 31 young (63488K), 1 survivors (2048K)
 Metaspace       used 36757K, committed 37184K, reserved 1114112K
  class space    used 3844K, committed 4032K, reserved 1048576K
}
Event: 6.246 GC heap after
{Heap after GC invocations=19 (full 0):
 garbage-first heap   total 317440K, used 130321K [0x0000000708800000, 0x0000000800000000)
  region size 2048K, 1 young (2048K), 1 survivors (2048K)
 Metaspace       used 36757K, committed 37184K, reserved 1114112K
  class space    used 3844K, committed 4032K, reserved 1048576K
}
Event: 7.468 GC heap before
{Heap before GC invocations=19 (full 0):
 garbage-first heap   total 317440K, used 269585K [0x0000000708800000, 0x0000000800000000)
  region size 2048K, 69 young (141312K), 1 survivors (2048K)
 Metaspace       used 44693K, committed 45056K, reserved 1114112K
  class space    used 4854K, committed 5056K, reserved 1048576K
}
Event: 7.470 GC heap after
{Heap after GC invocations=20 (full 0):
 garbage-first heap   total 317440K, used 34524K [0x0000000708800000, 0x0000000800000000)
  region size 2048K, 3 young (6144K), 3 survivors (6144K)
 Metaspace       used 44693K, committed 45056K, reserved 1114112K
  class space    used 4854K, committed 5056K, reserved 1048576K
}

