# JRE version: OpenJDK Runtime Environment Temurin-17.0.8+7 (17.0.8+7) (build 17.0.8+7)
# Java VM: OpenJDK 64-Bit Server VM Temurin-17.0.8+7 (17.0.8+7, mixed mode, sharing, tiered, compressed oops, compressed class ptrs, g1 gc, linux-amd64)
Heap:
 garbage-first heap   total 856064K, used 462462K [0x0000000708800000, 0x0000000800000000)
  region size 2048K, 163 young (333824K), 3 survivors (6144K)
 Metaspace       used 53008K, committed 53440K, reserved 1114112K
  class space    used 5591K, committed 5760K, reserved 1048576K
GC Heap History (20 events):
Event: 24.751 GC heap before
{Heap before GC invocations=17 (full 0):
 garbage-first heap   total 204800K, used 80756K [0x0000000708800000, 0x0000000800000000)
  region size 2048K, 15 young (30720K), 2 survivors (4096K)
 Metaspace       used 37040K, committed 37440K, reserved 1114112K
  class space    used 3844K, committed 4032K, reserved 1048576K
}
Event: 24.752 GC heap after
{Heap after GC invocations=18 (full 0):
 garbage-first heap   total 245760K, used 26781K [0x0000000708800000, 0x0000000800000000)
  region size 2048K, 1 young (2048K), 1 survivors (2048K)
 Metaspace       used 37040K, committed 37440K, reserved 1114112K
  class space    used 3844K, committed 4032K, reserved 1048576K
}
Event: 25.298 GC heap before
{Heap before GC invocations=18 (full 0):
 garbage-first heap   total 245760K, used 225437K [0x0000000708800000, 0x0000000800000000)
  region size 2048K, 50 young (102400K), 1 survivors (2048K)
 Metaspace       used 37040K, committed 37440K, reserved 1114112K
  class space    used 3844K, committed 4032K, reserved 1048576K
}
Event: 25.299 GC heap after
{Heap after GC invocations=19 (full 0):
 garbage-first heap   total 245760K, used 131336K [0x0000000708800000, 0x0000000800000000)
  region size 2048K, 3 young (6144K), 3 survivors (6144K)
 Metaspace       used 37040K, committed 37440K, reserved 1114112K
  class space    used 3844K, committed 4032K, reserved 1048576K
}
Event: 25.375 GC heap before
{Heap before GC invocations=19 (full 0):
 garbage-first heap   total 245760K, used 137480K [0x0000000708800000, 0x0000000800000000)
  region size 2048K, 7 young (14336K), 3 survivors (6144K)
 Metaspace       used 37072K, committed 37440K, reserved 1114112K
  class space    used 3846K, committed 4032K, reserved 1048576K
}
Event: 25.376 GC heap after
{Heap after GC invocations=20 (full 0):
 garbage-first heap   total 245760K, used 27251K [0x0000000708800000, 0x0000000800000000)
  region size 2048K, 1 young (2048K), 1 survivors (2048K)
 Metaspace       used 37072K, committed 37440K, reserved 1114112K
  class space    used 3846K, committed 4032K, reserved 1048576K
}
Event: 26.060 GC heap before
{Heap before GC invocations=20 (full 0):
 garbage-first heap   total 245760K, used 103027K [0x0000000708800000, 0x0000000800000000)
  region size 2048K, 1 young (2048K), 1 survivors (2048K)
 Metaspace       used 37072K, committed 37440K, reserved 1114112K
  class space    used 3846K, committed 4032K, reserved 1048576K
}
Event: 26.061 GC heap after
{Heap after GC invocations=21 (full 0):
 garbage-first heap   total 245760K, used 61547K [0x0000000708800000, 0x0000000800000000)
  region size 2048K, 1 young (2048K), 1 survivors (2048K)
 Metaspace       used 37072K, committed 37440K, reserved 1114112K
  class space    used 3846K, committed 4032K, reserved 1048576K
}
Event: 26.607 GC heap before
{Heap before GC invocations=21 (full 0):
 garbage-first heap   total 245760K, used 129131K [0x0000000708800000, 0x0000000800000000)
  region size 2048K, 1 young (2048K), 1 survivors (2048K)
 Metaspace       used 37072K, committed 37440K, reserved 1114112K
  class space    used 3846K, committed 4032K, reserved 1048576K
}
Event: 26.608 GC heap after
{Heap after GC invocations=22 (full 0):
 garbage-first heap   total 245760K, used 94312K [0x0000000708800000, 0x0000000800000000)
  region size 2048K, 1 young (2048K), 1 survivors (2048K)
 Metaspace       used 37072K, committed 37440K, reserved 1114112K
  class space    used 3846K, committed 4032K, reserved 1048576K
}
Event: 27.856 GC heap before
{Heap before GC invocations=22 (full 0):
 garbage-first heap   total 376832K, used 227432K [0x0000000708800000, 0x0000000800000000)
  region size 2048K, 1 young (2048K), 1 survivors (2048K)
 Metaspace       used 37072K, committed 37440K, reserved 1114112K
  class space    used 3846K, committed 4032K, reserved 1048576K
}
Event: 27.857 GC heap after
{Heap after GC invocations=23 (full 0):
 garbage-first heap   total 376832K, used 159853K [0x0000000708800000, 0x0000000800000000)
  region size 2048K, 1 young (2048K), 1 survivors (2048K)
 Metaspace       used 37072K, committed 37440K, reserved 1114112K
  class space    used 3846K, committed 4032K, reserved 1048576K
}
Event: 29.574 GC heap before
{Heap before GC invocations=23 (full 0):
 garbage-first heap   total 641024K, used 424045K [0x0000000708800000, 0x0000000800000000)
  region size 2048K, 1 young (2048K), 1 survivors (2048K)
 Metaspace       used 37072K, committed 37440K, reserved 1114112K
  class space    used 3846K, committed 4032K, reserved 1048576K
}
Event: 29.575 GC heap after
{Heap after GC invocations=24 (full 0):
 garbage-first heap   total 641024K, used 290912K [0x0000000708800000, 0x0000000800000000)
  region size 2048K, 1 young (2048K), 1 survivors (2048K)
 Metaspace       used 37072K, committed 37440K, reserved 1114112K
  class space    used 3846K, committed 4032K, reserved 1048576K
}
Event: 29.724 GC heap before
{Heap before GC invocations=25 (full 0):
 garbage-first heap   total 856064K, used 505952K [0x0000000708800000, 0x0000000800000000)
  region size 2048K, 2 young (4096K), 1 survivors (2048K)
 Metaspace       used 37185K, committed 37568K, reserved 1114112K
  class space    used 3857K, committed 4032K, reserved 1048576K
}
Event: 29.727 GC heap after
{Heap after GC invocations=26 (full 0):
 garbage-first heap   total 856064K, used 241879K [0x0000000708800000, 0x0000000800000000)
  region size 2048K, 1 young (2048K), 1 survivors (2048K)
 Metaspace       used 37185K, committed 37568K, reserved 1114112K
  class space    used 3857K, committed 4032K, reserved 1048576K
}
Event: 30.512 GC heap before
{Heap before GC invocations=26 (full 0):
 garbage-first heap   total 856064K, used 456919K [0x0000000708800000, 0x0000000800000000)
  region size 2048K, 58 young (118784K), 1 survivors (2048K)
 Metaspace       used 37198K, committed 37568K, reserved 1114112K
  class space    used 3859K, committed 4032K, reserved 1048576K
}
Event: 30.515 GC heap after
{Heap after GC invocations=27 (full 0):
 garbage-first heap   total 856064K, used 26871K [0x0000000708800000, 0x0000000800000000)
  region size 2048K, 1 young (2048K), 1 survivors (2048K)
 Metaspace       used 37198K, committed 37568K, reserved 1114112K
  class space    used 3859K, committed 4032K, reserved 1048576K
}
Event: 32.315 GC heap before
{Heap before GC invocations=27 (full 0):
 garbage-first heap   total 856064K, used 618743K [0x0000000708800000, 0x0000000800000000)
  region size 2048K, 144 young (294912K), 1 survivors (2048K)
 Metaspace       used 37338K, committed 37696K, reserved 1114112K
  class space    used 3865K, committed 4032K, reserved 1048576K
}
Event: 32.317 GC heap after
{Heap after GC invocations=28 (full 0):
 garbage-first heap   total 856064K, used 32382K [0x0000000708800000, 0x0000000800000000)
  region size 2048K, 3 young (6144K), 3 survivors (6144K)
 Metaspace       used 37338K, committed 37696K, reserved 1114112K
  class space    used 3865K, committed 4032K, reserved 1048576K
}

