# JRE version: OpenJDK Runtime Environment Temurin-17.0.8+7 (17.0.8+7) (build 17.0.8+7)
# Java VM: OpenJDK 64-Bit Server VM Temurin-17.0.8+7 (17.0.8+7, mixed mode, sharing, tiered, compressed oops, compressed class ptrs, g1 gc, linux-amd64)
Heap:
 garbage-first heap   total 393216K, used 325463K [0x0000000708800000, 0x0000000800000000)
  region size 2048K, 93 young (190464K), 2 survivors (4096K)
 Metaspace       used 52676K, committed 53184K, reserved 1114112K
  class space    used 5556K, committed 5824K, reserved 1048576K
GC Heap History (20 events):
Event: 5.581 GC heap before
{Heap before GC invocations=18 (full 0):
 garbage-first heap   total 249856K, used 152995K [0x0000000708800000, 0x0000000800000000)
  region size 2048K, 9 young (18432K), 3 survivors (6144K)
 Metaspace       used 36617K, committed 36992K, reserved 1114112K
  class space    used 3821K, committed 4032K, reserved 1048576K
}
Event: 5.582 GC heap after
{Heap after GC invocations=19 (full 0):
 garbage-first heap   total 249856K, used 137647K [0x0000000708800000, 0x0000000800000000)
  region size 2048K, 1 young (2048K), 1 survivors (2048K)
 Metaspace       used 36617K, committed 36992K, reserved 1114112K
  class space    used 3821K, committed 4032K, reserved 1048576K
}
Event: 5.853 GC heap before
{Heap before GC invocations=20 (full 0):
 garbage-first heap   total 313344K, used 221615K [0x0000000708800000, 0x0000000800000000)
  region size 2048K, 32 young (65536K), 1 survivors (2048K)
 Metaspace       used 36622K, committed 36992K, reserved 1114112K
  class space    used 3821K, committed 4032K, reserved 1048576K
}
Event: 5.854 GC heap after
{Heap after GC invocations=21 (full 0):
 garbage-first heap   total 393216K, used 133761K [0x0000000708800000, 0x0000000800000000)
  region size 2048K, 2 young (4096K), 2 survivors (4096K)
 Metaspace       used 36622K, committed 36992K, reserved 1114112K
  class space    used 3821K, committed 4032K, reserved 1048576K
}
Event: 5.904 GC heap before
{Heap before GC invocations=21 (full 0):
 garbage-first heap   total 393216K, used 146049K [0x0000000708800000, 0x0000000800000000)
  region size 2048K, 9 young (18432K), 2 survivors (4096K)
 Metaspace       used 36622K, committed 36992K, reserved 1114112K
  class space    used 3821K, committed 4032K, reserved 1048576K
}
Event: 5.907 GC heap after
{Heap after GC invocations=22 (full 0):
 garbage-first heap   total 393216K, used 133978K [0x0000000708800000, 0x0000000800000000)
  region size 2048K, 1 young (2048K), 1 survivors (2048K)
 Metaspace       used 36622K, committed 36992K, reserved 1114112K
  class space    used 3821K, committed 4032K, reserved 1048576K
}
Event: 6.203 GC heap before
{Heap before GC invocations=22 (full 0):
 garbage-first heap   total 393216K, used 187226K [0x0000000708800000, 0x0000000800000000)
  region size 2048K, 28 young (57344K), 1 survivors (2048K)
 Metaspace       used 36623K, committed 36992K, reserved 1114112K
  class space    used 3821K, committed 4032K, reserved 1048576K
}
Event: 6.206 GC heap after
{Heap after GC invocations=23 (full 0):
 garbage-first heap   total 393216K, used 134219K [0x0000000708800000, 0x0000000800000000)
  region size 2048K, 1 young (2048K), 1 survivors (2048K)
 Metaspace       used 36623K, committed 36992K, reserved 1114112K
  class space    used 3821K, committed 4032K, reserved 1048576K
}
Event: 6.732 GC heap before
{Heap before GC invocations=23 (full 0):
 garbage-first heap   total 393216K, used 343115K [0x0000000708800000, 0x0000000800000000)
  region size 2048K, 55 young (112640K), 1 survivors (2048K)
 Metaspace       used 36623K, committed 36992K, reserved 1114112K
  class space    used 3821K, committed 4032K, reserved 1048576K
}
Event: 6.733 GC heap after
{Heap after GC invocations=24 (full 0):
 garbage-first heap   total 393216K, used 134195K [0x0000000708800000, 0x0000000800000000)
  region size 2048K, 1 young (2048K), 1 survivors (2048K)
 Metaspace       used 36623K, committed 36992K, reserved 1114112K
  class space    used 3821K, committed 4032K, reserved 1048576K
}
Event: 6.880 GC heap before
{Heap before GC invocations=24 (full 0):
 garbage-first heap   total 393216K, used 187443K [0x0000000708800000, 0x0000000800000000)
  region size 2048K, 15 young (30720K), 1 survivors (2048K)
 Metaspace       used 36624K, committed 36992K, reserved 1114112K
  class space    used 3821K, committed 4032K, reserved 1048576K
}
Event: 6.880 GC heap after
{Heap after GC invocations=25 (full 0):
 garbage-first heap   total 393216K, used 134199K [0x0000000708800000, 0x0000000800000000)
  region size 2048K, 1 young (2048K), 1 survivors (2048K)
 Metaspace       used 36624K, committed 36992K, reserved 1114112K
  class space    used 3821K, committed 4032K, reserved 1048576K
}
Event: 6.983 GC heap before
{Heap before GC invocations=25 (full 0):
 garbage-first heap   total 393216K, used 199735K [0x0000000708800000, 0x0000000800000000)
  region size 2048K, 17 young (34816K), 1 survivors (2048K)
 Metaspace       used 36626K, committed 36992K, reserved 1114112K
  class space    used 3821K, committed 4032K, reserved 1048576K
}
Event: 6.984 GC heap after
{Heap after GC invocations=26 (full 0):
 garbage-first heap   total 393216K, used 134213K [0x0000000708800000, 0x0000000800000000)
  region size 2048K, 1 young (2048K), 1 survivors (2048K)
 Metaspace       used 36626K, committed 36992K, reserved 1114112K
  class space    used 3821K, committed 4032K, reserved 1048576K
}
Event: 7.013 GC heap before
{Heap before GC invocations=26 (full 0):
 garbage-first heap   total 393216K, used 148549K [0x0000000708800000, 0x0000000800000000)
  region size 2048K, 5 young (10240K), 1 survivors (2048K)
 Metaspace       used 36627K, committed 36992K, reserved 1114112K
  class space    used 3821K, committed 4032K, reserved 1048576K
}
Event: 7.014 GC heap after
{Heap after GC invocations=27 (full 0):
 garbage-first heap   total 393216K, used 134238K [0x0000000708800000, 0x0000000800000000)
  region size 2048K, 1 young (2048K), 1 survivors (2048K)
 Metaspace       used 36627K, committed 36992K, reserved 1114112K
  class space    used 3821K, committed 4032K, reserved 1048576K
}
Event: 7.749 GC heap before
{Heap before GC invocations=27 (full 0):
 garbage-first heap   total 393216K, used 349278K [0x0000000708800000, 0x0000000800000000)
  region size 2048K, 58 young (118784K), 1 survivors (2048K)
 Metaspace       used 36685K, committed 37120K, reserved 1114112K
  class space    used 3825K, committed 4032K, reserved 1048576K
}
Event: 7.750 GC heap after
{Heap after GC invocations=28 (full 0):
 garbage-first heap   total 393216K, used 134264K [0x0000000708800000, 0x0000000800000000)
  region size 2048K, 1 young (2048K), 1 survivors (2048K)
 Metaspace       used 36685K, committed 37120K, reserved 1114112K
  class space    used 3825K, committed 4032K, reserved 1048576K
}
Event: 8.804 GC heap before
{Heap before GC invocations=28 (full 0):
 garbage-first heap   total 393216K, used 382072K [0x0000000708800000, 0x0000000800000000)
  region size 2048K, 74 young (151552K), 1 survivors (2048K)
 Metaspace       used 42061K, committed 42432K, reserved 1114112K
  class space    used 4577K, committed 4736K, reserved 1048576K
}
Event: 8.806 GC heap after
{Heap after GC invocations=29 (full 0):
 garbage-first heap   total 393216K, used 137258K [0x0000000708800000, 0x0000000800000000)
  region size 2048K, 2 young (4096K), 2 survivors (4096K)
 Metaspace       used 42061K, committed 42432K, reserved 1114112K
  class space    used 4577K, committed 4736K, reserved 1048576K
}

