# JRE version: OpenJDK Runtime Environment Temurin-17.0.8+7 (17.0.8+7) (build 17.0.8+7)
# Java VM: OpenJDK 64-Bit Server VM Temurin-17.0.8+7 (17.0.8+7, mixed mode, sharing, tiered, compressed oops, compressed class ptrs, g1 gc, linux-amd64)
Heap:
 garbage-first heap   total 419840K, used 121911K [0x0000000708800000, 0x0000000800000000)
  region size 2048K, 46 young (94208K), 6 survivors (12288K)
 Metaspace       used 52598K, committed 53056K, reserved 1114112K
  class space    used 5556K, committed 5760K, reserved 1048576K
GC Heap History (20 events):
Event: 8.741 GC heap before
{Heap before GC invocations=12 (full 0):
 garbage-first heap   total 243712K, used 185119K [0x0000000708800000, 0x0000000800000000)
  region size 2048K, 30 young (61440K), 3 survivors (6144K)
 Metaspace       used 36560K, committed 36928K, reserved 1114112K
  class space    used 3820K, committed 4032K, reserved 1048576K
}
Event: 8.743 GC heap after
{Heap after GC invocations=13 (full 0):
 garbage-first heap   total 243712K, used 139140K [0x0000000708800000, 0x0000000800000000)
  region size 2048K, 4 young (8192K), 4 survivors (8192K)
 Metaspace       used 36560K, committed 36928K, reserved 1114112K
  class space    used 3820K, committed 4032K, reserved 1048576K
}
Event: 8.915 GC heap before
{Heap before GC invocations=13 (full 0):
 garbage-first heap   total 243712K, used 157572K [0x0000000708800000, 0x0000000800000000)
  region size 2048K, 15 young (30720K), 4 survivors (8192K)
 Metaspace       used 36614K, committed 36928K, reserved 1114112K
  class space    used 3823K, committed 4032K, reserved 1048576K
}
Event: 8.916 GC heap after
{Heap after GC invocations=14 (full 0):
 garbage-first heap   total 243712K, used 132026K [0x0000000708800000, 0x0000000800000000)
  region size 2048K, 1 young (2048K), 1 survivors (2048K)
 Metaspace       used 36614K, committed 36928K, reserved 1114112K
  class space    used 3823K, committed 4032K, reserved 1048576K
}
Event: 9.038 GC heap before
{Heap before GC invocations=15 (full 0):
 garbage-first heap   total 204800K, used 78778K [0x0000000708800000, 0x0000000800000000)
  region size 2048K, 14 young (28672K), 1 survivors (2048K)
 Metaspace       used 36623K, committed 36928K, reserved 1114112K
  class space    used 3823K, committed 4032K, reserved 1048576K
}
Event: 9.038 GC heap after
{Heap after GC invocations=16 (full 0):
 garbage-first heap   total 204800K, used 27607K [0x0000000708800000, 0x0000000800000000)
  region size 2048K, 1 young (2048K), 1 survivors (2048K)
 Metaspace       used 36623K, committed 36928K, reserved 1114112K
  class space    used 3823K, committed 4032K, reserved 1048576K
}
Event: 9.389 GC heap before
{Heap before GC invocations=16 (full 0):
 garbage-first heap   total 204800K, used 187351K [0x0000000708800000, 0x0000000800000000)
  region size 2048K, 31 young (63488K), 1 survivors (2048K)
 Metaspace       used 36623K, committed 36928K, reserved 1114112K
  class space    used 3823K, committed 4032K, reserved 1048576K
}
Event: 9.390 GC heap after
{Heap after GC invocations=17 (full 0):
 garbage-first heap   total 204800K, used 131064K [0x0000000708800000, 0x0000000800000000)
  region size 2048K, 2 young (4096K), 2 survivors (4096K)
 Metaspace       used 36623K, committed 36928K, reserved 1114112K
  class space    used 3823K, committed 4032K, reserved 1048576K
}
Event: 9.555 GC heap before
{Heap before GC invocations=17 (full 0):
 garbage-first heap   total 204800K, used 169976K [0x0000000708800000, 0x0000000800000000)
  region size 2048K, 21 young (43008K), 2 survivors (4096K)
 Metaspace       used 36623K, committed 36928K, reserved 1114112K
  class space    used 3823K, committed 4032K, reserved 1048576K
}
Event: 9.555 GC heap after
{Heap after GC invocations=18 (full 0):
 garbage-first heap   total 204800K, used 132163K [0x0000000708800000, 0x0000000800000000)
  region size 2048K, 1 young (2048K), 1 survivors (2048K)
 Metaspace       used 36623K, committed 36928K, reserved 1114112K
  class space    used 3823K, committed 4032K, reserved 1048576K
}
Event: 9.651 GC heap before
{Heap before GC invocations=19 (full 0):
 garbage-first heap   total 233472K, used 136259K [0x0000000708800000, 0x0000000800000000)
  region size 2048K, 4 young (8192K), 1 survivors (2048K)
 Metaspace       used 36624K, committed 36928K, reserved 1114112K
  class space    used 3823K, committed 4032K, reserved 1048576K
}
Event: 9.652 GC heap after
{Heap after GC invocations=20 (full 0):
 garbage-first heap   total 233472K, used 132433K [0x0000000708800000, 0x0000000800000000)
  region size 2048K, 1 young (2048K), 1 survivors (2048K)
 Metaspace       used 36624K, committed 36928K, reserved 1114112K
  class space    used 3823K, committed 4032K, reserved 1048576K
}
Event: 10.033 GC heap before
{Heap before GC invocations=21 (full 0):
 garbage-first heap   total 327680K, used 190614K [0x0000000708800000, 0x0000000800000000)
  region size 2048K, 30 young (61440K), 1 survivors (2048K)
 Metaspace       used 36624K, committed 36928K, reserved 1114112K
  class space    used 3823K, committed 4032K, reserved 1048576K
}
Event: 10.034 GC heap after
{Heap after GC invocations=22 (full 0):
 garbage-first heap   total 419840K, used 133706K [0x0000000708800000, 0x0000000800000000)
  region size 2048K, 2 young (4096K), 2 survivors (4096K)
 Metaspace       used 36624K, committed 36928K, reserved 1114112K
  class space    used 3823K, committed 4032K, reserved 1048576K
}
Event: 10.698 GC heap before
{Heap before GC invocations=22 (full 0):
 garbage-first heap   total 419840K, used 289354K [0x0000000708800000, 0x0000000800000000)
  region size 2048K, 53 young (108544K), 2 survivors (4096K)
 Metaspace       used 36626K, committed 36928K, reserved 1114112K
  class space    used 3823K, committed 4032K, reserved 1048576K
}
Event: 10.699 GC heap after
{Heap after GC invocations=23 (full 0):
 garbage-first heap   total 419840K, used 29568K [0x0000000708800000, 0x0000000800000000)
  region size 2048K, 1 young (2048K), 1 survivors (2048K)
 Metaspace       used 36626K, committed 36928K, reserved 1114112K
  class space    used 3823K, committed 4032K, reserved 1048576K
}
Event: 11.749 GC heap before
{Heap before GC invocations=23 (full 0):
 garbage-first heap   total 419840K, used 275328K [0x0000000708800000, 0x0000000800000000)
  region size 2048K, 65 young (133120K), 1 survivors (2048K)
 Metaspace       used 36686K, committed 37056K, reserved 1114112K
  class space    used 3827K, committed 4032K, reserved 1048576K
}
Event: 11.750 GC heap after
{Heap after GC invocations=24 (full 0):
 garbage-first heap   total 419840K, used 29623K [0x0000000708800000, 0x0000000800000000)
  region size 2048K, 1 young (2048K), 1 survivors (2048K)
 Metaspace       used 36686K, committed 37056K, reserved 1114112K
  class space    used 3827K, committed 4032K, reserved 1048576K
}
Event: 14.724 GC heap before
{Heap before GC invocations=24 (full 0):
 garbage-first heap   total 419840K, used 379831K [0x0000000708800000, 0x0000000800000000)
  region size 2048K, 123 young (251904K), 1 survivors (2048K)
 Metaspace       used 49454K, committed 49792K, reserved 1114112K
  class space    used 5318K, committed 5504K, reserved 1048576K
}
Event: 14.728 GC heap after
{Heap after GC invocations=25 (full 0):
 garbage-first heap   total 419840K, used 40214K [0x0000000708800000, 0x0000000800000000)
  region size 2048K, 6 young (12288K), 6 survivors (12288K)
 Metaspace       used 49454K, committed 49792K, reserved 1114112K
  class space    used 5318K, committed 5504K, reserved 1048576K
}

