# JRE version: OpenJDK Runtime Environment Temurin-17.0.8+7 (17.0.8+7) (build 17.0.8+7)
# Java VM: OpenJDK 64-Bit Server VM Temurin-17.0.8+7 (17.0.8+7, mixed mode, sharing, tiered, compressed oops, compressed class ptrs, g1 gc, linux-amd64)
Heap:
 garbage-first heap   total 79872K, used 31472K [0x0000000708800000, 0x0000000800000000)
  region size 2048K, 3 young (6144K), 1 survivors (2048K)
 Metaspace       used 36355K, committed 36672K, reserved 1114112K
  class space    used 3798K, committed 3968K, reserved 1048576K
GC Heap History (14 events):
Event: 0.166 GC heap before
{Heap before GC invocations=0 (full 0):
 garbage-first heap   total 258048K, used 24552K [0x0000000708800000, 0x0000000800000000)
  region size 2048K, 11 young (22528K), 0 survivors (0K)
 Metaspace       used 5108K, committed 5248K, reserved 1114112K
  class space    used 604K, committed 640K, reserved 1048576K
}
Event: 0.167 GC heap after
{Heap after GC invocations=1 (full 0):
 garbage-first heap   total 258048K, used 5138K [0x0000000708800000, 0x0000000800000000)
  region size 2048K, 2 young (4096K), 2 survivors (4096K)
 Metaspace       used 5108K, committed 5248K, reserved 1114112K
  class space    used 604K, committed 640K, reserved 1048576K
}
Event: 0.408 GC heap before
{Heap before GC invocations=1 (full 0):
 garbage-first heap   total 258048K, used 37906K [0x0000000708800000, 0x0000000800000000)
  region size 2048K, 18 young (36864K), 2 survivors (4096K)
 Metaspace       used 11664K, committed 11840K, reserved 1114112K
  class space    used 1405K, committed 1472K, reserved 1048576K
}
Event: 0.410 GC heap after
{Heap after GC invocations=2 (full 0):
 garbage-first heap   total 258048K, used 7235K [0x0000000708800000, 0x0000000800000000)
  region size 2048K, 3 young (6144K), 3 survivors (6144K)
 Metaspace       used 11664K, committed 11840K, reserved 1114112K
  class space    used 1405K, committed 1472K, reserved 1048576K
}
Event: 3.176 GC heap before
{Heap before GC invocations=2 (full 0):
 garbage-first heap   total 258048K, used 134211K [0x0000000708800000, 0x0000000800000000)
  region size 2048K, 66 young (135168K), 3 survivors (6144K)
 Metaspace       used 21261K, committed 21504K, reserved 1114112K
  class space    used 2422K, committed 2560K, reserved 1048576K
}
Event: 3.181 GC heap after
{Heap after GC invocations=3 (full 0):
 garbage-first heap   total 258048K, used 16360K [0x0000000708800000, 0x0000000800000000)
  region size 2048K, 7 young (14336K), 7 survivors (14336K)
 Metaspace       used 21261K, committed 21504K, reserved 1114112K
  class space    used 2422K, committed 2560K, reserved 1048576K
}
Event: 3.541 GC heap before
{Heap before GC invocations=4 (full 0):
 garbage-first heap   total 69632K, used 51176K [0x0000000708800000, 0x0000000800000000)
  region size 2048K, 25 young (51200K), 7 survivors (14336K)
 Metaspace       used 23526K, committed 23808K, reserved 1114112K
  class space    used 2624K, committed 2752K, reserved 1048576K
}
Event: 3.547 GC heap after
{Heap after GC invocations=5 (full 0):
 garbage-first heap   total 79872K, used 25462K [0x0000000708800000, 0x0000000800000000)
  region size 2048K, 9 young (18432K), 9 survivors (18432K)
 Metaspace       used 23526K, committed 23808K, reserved 1114112K
  class space    used 2624K, committed 2752K, reserved 1048576K
}
Event: 4.041 GC heap before
{Heap before GC invocations=5 (full 0):
 garbage-first heap   total 79872K, used 50038K [0x0000000708800000, 0x0000000800000000)
  region size 2048K, 21 young (43008K), 9 survivors (18432K)
 Metaspace       used 25800K, committed 26112K, reserved 1114112K
  class space    used 2859K, committed 3008K, reserved 1048576K
}
Event: 4.045 GC heap after
{Heap after GC invocations=6 (full 0):
 garbage-first heap   total 79872K, used 23045K [0x0000000708800000, 0x0000000800000000)
  region size 2048K, 2 young (4096K), 2 survivors (4096K)
 Metaspace       used 25800K, committed 26112K, reserved 1114112K
  class space    used 2859K, committed 3008K, reserved 1048576K
}
Event: 4.746 GC heap before
{Heap before GC invocations=6 (full 0):
 garbage-first heap   total 79872K, used 51717K [0x0000000708800000, 0x0000000800000000)
  region size 2048K, 17 young (34816K), 2 survivors (4096K)
 Metaspace       used 33765K, committed 34112K, reserved 1114112K
  class space    used 3500K, committed 3648K, reserved 1048576K
}
Event: 4.748 GC heap after
{Heap after GC invocations=7 (full 0):
 garbage-first heap   total 79872K, used 27056K [0x0000000708800000, 0x0000000800000000)
  region size 2048K, 3 young (6144K), 3 survivors (6144K)
 Metaspace       used 33765K, committed 34112K, reserved 1114112K
  class space    used 3500K, committed 3648K, reserved 1048576K
}
Event: 4.922 GC heap before
{Heap before GC invocations=7 (full 0):
 garbage-first heap   total 79872K, used 37296K [0x0000000708800000, 0x0000000800000000)
  region size 2048K, 9 young (18432K), 3 survivors (6144K)
 Metaspace       used 35754K, committed 36096K, reserved 1114112K
  class space    used 3722K, committed 3904K, reserved 1048576K
}
Event: 4.924 GC heap after
{Heap after GC invocations=8 (full 0):
 garbage-first heap   total 79872K, used 27817K [0x0000000708800000, 0x0000000800000000)
  region size 2048K, 1 young (2048K), 1 survivors (2048K)
 Metaspace       used 35754K, committed 36096K, reserved 1114112K
  class space    used 3722K, committed 3904K, reserved 1048576K
}

